#
# A fatal error has been detected by the Java Runtime Environment:
#
#  SIGSEGV (0xb) at pc=0x00007ff70af7b79c, pid=7220, tid=140699017631488
#
# JRE version: Java(TM) SE Runtime Environment (7.0_75-b13) (build 1.7.0_75-b13)
# Java VM: Java HotSpot(TM) 64-Bit Server VM (24.75-b04 mixed mode linux-amd64 compressed oops)
# Problematic frame:
# C  [libmclnative.so+0x579c]  vecAddMultBackward+0x1a6
#
# Failed to write core dump. Core dumps have been disabled. To enable core dumping, try "ulimit -c unlimited" before starting Java again
#
# If you would like to submit a bug report, please visit:
#   http://bugreport.sun.com/bugreport/crash.jsp
# The crash happened outside the Java Virtual Machine in native code.
# See problematic frame for where to report the bug.
#

---------------  T H R E A D  ---------------

Current thread (0x0000000001267000):  JavaThread "LocalJobRunner Map Task Executor #0" [_thread_in_native, id=7303, stack(0x00007ff70ae75000,0x00007ff70af76000)]

siginfo:si_signo=SIGSEGV: si_errno=0, si_code=1 (SEGV_MAPERR), si_addr=0x00007ff709b46ffd

Registers:
RAX=0x00007ff709b46ff5, RBX=0x00000000dc641a00, RCX=0x00007ff70a1d6605, RDX=0x0000000000000000
RSP=0x00007ff70af741e0, RBP=0x00007ff70af74230, RSI=0x000000000000004a, RDI=0x00007ff70a1da355
R8 =0x000000000000000a, R9 =0x00007ff70af75700, R10=0x00007ff70af75700, R11=0x0000000000000000
R12=0x0000000000000000, R13=0x00000000dc641a00, R14=0x00007ff70af743f0, R15=0x0000000001267000
RIP=0x00007ff70af7b79c, EFLAGS=0x0000000000010206, CSGSFS=0x0000000000000033, ERR=0x0000000000000004
  TRAPNO=0x000000000000000e

Top of Stack: (sp=0x00007ff70af741e0)
0x00007ff70af741e0:   0000000001677070 0000000001677110
0x00007ff70af741f0:   00000000016770f0 3d3478d3016770f0
0x00007ff70af74200:   0000000001677070 00007ff709b4ad45
0x00007ff70af74210:   00007ff709b46ff5 00007ff70a1d6605
0x00007ff70af74220:   00007ff709b4ad45 00007ff709ea4935
0x00007ff70af74230:   00007ff70af742a0 00007ff70af7a41f
0x00007ff70af74240:   000000003d3478d3 0000135200034900
0x00007ff70af74250:   00007ff709e91415 0000000001677070
0x00007ff70af74260:   0000000001677050 0000000001677090
0x00007ff70af74270:   0000000001677070 0100000001677050
0x00007ff70af74280:   0000039300000016 00000000016770f0
0x00007ff70af74290:   0000000001677110 00000000012dfc10
0x00007ff70af742a0:   00007ff70af74320 00007ff70af7a25a
0x00007ff70af742b0:   00007ff700000000 00007ff70af769f8
0x00007ff70af742c0:   00000000016770c0 0000000001677090
0x00007ff70af742d0:   0000000000000000 0003490022b83515
0x00007ff70af742e0:   0000000001677050 00007ff709e9140d
0x00007ff70af742f0:   00007ff709e91411 00000000016770c0
0x00007ff70af74300:   0000000000000100 0000000000000a02
0x00007ff70af74310:   0000000000001369 0000000001677070
0x00007ff70af74320:   00007ff70af74360 00007ff70af790e6
0x00007ff70af74330:   00007ff70af743e8 00007ff70af743f0
0x00007ff70af74340:   00007ff70af743d8 00000000012671e8
0x00007ff70af74350:   0000000001677090 00000000016770c0
0x00007ff70af74360:   00007ff70af743c8 00007ff718df7d98
0x00007ff70af74370:   00007ff718dea310 00007ff700000000
0x00007ff70af74380:   0000000001267000 00007ff70af74388
0x00007ff70af74390:   00000000dc641a00 00007ff70af743f0
0x00007ff70af743a0:   00000000dc641e08 0000000000000000
0x00007ff70af743b0:   00000000dc641a00 0000000000000000
0x00007ff70af743c0:   00007ff70af743e8 00007ff70af74438
0x00007ff70af743d0:   00007ff718deb058 00000000e0481948 

Instructions: (pc=0x00007ff70af7b79c)
0x00007ff70af7b77c:   ff ff 48 8b 45 d8 48 3b 45 f0 75 c8 eb 20 48 83
0x00007ff70af7b78c:   6d e8 10 48 83 6d e0 10 48 8b 4d e8 48 8b 45 e0
0x00007ff70af7b79c:   48 8b 50 08 48 8b 00 48 89 01 48 89 51 08 48 8b
0x00007ff70af7b7ac:   45 e0 48 3b 45 f8 75 d6 48 8b 45 b0 48 8b 40 08 

Register to memory mapping:

RAX=0x00007ff709b46ff5 is an unknown value
RBX=0x00000000dc641a00 is an oop
{method} 
 - klass: {other class}
RCX=0x00007ff70a1d6605 is an unknown value
RDX=0x0000000000000000 is an unknown value
RSP=0x00007ff70af741e0 is pointing into the stack for thread: 0x0000000001267000
RBP=0x00007ff70af74230 is pointing into the stack for thread: 0x0000000001267000
RSI=0x000000000000004a is an unknown value
RDI=0x00007ff70a1da355 is an unknown value
R8 =0x000000000000000a is an unknown value
R9 =0x00007ff70af75700 is pointing into the stack for thread: 0x0000000001267000
R10=0x00007ff70af75700 is pointing into the stack for thread: 0x0000000001267000
R11=0x0000000000000000 is an unknown value
R12=0x0000000000000000 is an unknown value
R13=0x00000000dc641a00 is an oop
{method} 
 - klass: {other class}
R14=0x00007ff70af743f0 is pointing into the stack for thread: 0x0000000001267000
R15=0x0000000001267000 is a thread


Stack: [0x00007ff70ae75000,0x00007ff70af76000],  sp=0x00007ff70af741e0,  free space=1020k
Native frames: (J=compiled Java code, j=interpreted, Vv=VM code, C=native code)
C  [libmclnative.so+0x579c]  vecAddMultBackward+0x1a6
C  [libmclnative.so+0x441f]  sliceVecMult+0x154
C  [libmclnative.so+0x425a]  sliceMultiply+0x285
C  [libmclnative.so+0x30e6]  Java_io_writables_nat_NativeCSCSliceHelper_multiply+0x6e
j  io.writables.nat.NativeCSCSliceHelper.multiply(Ljava/nio/ByteBuffer;Ljava/nio/ByteBuffer;)V+0
j  io.writables.nat.NativeCSCSlice.multipliedBy(Lio/writables/nat/NativeCSCSlice;)Lio/writables/nat/NativeCSCSlice;+8
j  io.writables.nat.NativeCSCSlice.multipliedBy(Lio/writables/MCLMatrixSlice;)Lio/writables/MCLMatrixSlice;+5
j  mapred.job.MCLStep$MCLMapper.map(Lio/writables/SliceId;Lorg/apache/hadoop/mapreduce/lib/join/TupleWritable;Lorg/apache/hadoop/mapreduce/Mapper$Context;)V+232
j  mapred.job.MCLStep$MCLMapper.map(Ljava/lang/Object;Ljava/lang/Object;Lorg/apache/hadoop/mapreduce/Mapper$Context;)V+13
j  org.apache.hadoop.mapreduce.Mapper.run(Lorg/apache/hadoop/mapreduce/Mapper$Context;)V+22
j  org.apache.hadoop.mapred.MapTask.runNewMapper(Lorg/apache/hadoop/mapred/JobConf;Lorg/apache/hadoop/mapreduce/split/JobSplit$TaskSplitIndex;Lorg/apache/hadoop/mapred/TaskUmbilicalProtocol;Lorg/apache/hadoop/mapred/Task$TaskReporter;)V+228
j  org.apache.hadoop.mapred.MapTask.run(Lorg/apache/hadoop/mapred/JobConf;Lorg/apache/hadoop/mapred/TaskUmbilicalProtocol;)V+148
j  org.apache.hadoop.mapred.LocalJobRunner$Job$MapTaskRunnable.run()V+223
j  java.util.concurrent.Executors$RunnableAdapter.call()Ljava/lang/Object;+4
j  java.util.concurrent.FutureTask.run()V+42
j  java.util.concurrent.ThreadPoolExecutor.runWorker(Ljava/util/concurrent/ThreadPoolExecutor$Worker;)V+95
j  java.util.concurrent.ThreadPoolExecutor$Worker.run()V+5
j  java.lang.Thread.run()V+11
v  ~StubRoutines::call_stub
V  [libjvm.so+0x600045]  JavaCalls::call_helper(JavaValue*, methodHandle*, JavaCallArguments*, Thread*)+0x365
V  [libjvm.so+0x5feaa8]  JavaCalls::call(JavaValue*, methodHandle, JavaCallArguments*, Thread*)+0x28
V  [libjvm.so+0x5fed77]  JavaCalls::call_virtual(JavaValue*, KlassHandle, Symbol*, Symbol*, JavaCallArguments*, Thread*)+0x197
V  [libjvm.so+0x5fee97]  JavaCalls::call_virtual(JavaValue*, Handle, KlassHandle, Symbol*, Symbol*, Thread*)+0x47
V  [libjvm.so+0x67beb5]  thread_entry(JavaThread*, Thread*)+0xe5
V  [libjvm.so+0x95a71f]  JavaThread::thread_main_inner()+0xdf
V  [libjvm.so+0x95a825]  JavaThread::run()+0xf5
V  [libjvm.so+0x820b88]  java_start(Thread*)+0x108

Java frames: (J=compiled Java code, j=interpreted, Vv=VM code)
j  io.writables.nat.NativeCSCSliceHelper.multiply(Ljava/nio/ByteBuffer;Ljava/nio/ByteBuffer;)V+0
j  io.writables.nat.NativeCSCSlice.multipliedBy(Lio/writables/nat/NativeCSCSlice;)Lio/writables/nat/NativeCSCSlice;+8
j  io.writables.nat.NativeCSCSlice.multipliedBy(Lio/writables/MCLMatrixSlice;)Lio/writables/MCLMatrixSlice;+5
j  mapred.job.MCLStep$MCLMapper.map(Lio/writables/SliceId;Lorg/apache/hadoop/mapreduce/lib/join/TupleWritable;Lorg/apache/hadoop/mapreduce/Mapper$Context;)V+232
j  mapred.job.MCLStep$MCLMapper.map(Ljava/lang/Object;Ljava/lang/Object;Lorg/apache/hadoop/mapreduce/Mapper$Context;)V+13
j  org.apache.hadoop.mapreduce.Mapper.run(Lorg/apache/hadoop/mapreduce/Mapper$Context;)V+22
j  org.apache.hadoop.mapred.MapTask.runNewMapper(Lorg/apache/hadoop/mapred/JobConf;Lorg/apache/hadoop/mapreduce/split/JobSplit$TaskSplitIndex;Lorg/apache/hadoop/mapred/TaskUmbilicalProtocol;Lorg/apache/hadoop/mapred/Task$TaskReporter;)V+228
j  org.apache.hadoop.mapred.MapTask.run(Lorg/apache/hadoop/mapred/JobConf;Lorg/apache/hadoop/mapred/TaskUmbilicalProtocol;)V+148
j  org.apache.hadoop.mapred.LocalJobRunner$Job$MapTaskRunnable.run()V+223
j  java.util.concurrent.Executors$RunnableAdapter.call()Ljava/lang/Object;+4
j  java.util.concurrent.FutureTask.run()V+42
j  java.util.concurrent.ThreadPoolExecutor.runWorker(Ljava/util/concurrent/ThreadPoolExecutor$Worker;)V+95
j  java.util.concurrent.ThreadPoolExecutor$Worker.run()V+5
j  java.lang.Thread.run()V+11
v  ~StubRoutines::call_stub

---------------  P R O C E S S  ---------------

Java Threads: ( => current thread )
  0x00000000012ce000 JavaThread "SpillThread" daemon [_thread_blocked, id=7306, stack(0x00007ff70ab72000,0x00007ff70ac73000)]
  0x0000000001267800 JavaThread "communication thread" daemon [_thread_blocked, id=7305, stack(0x00007ff70b180000,0x00007ff70b281000)]
=>0x0000000001267000 JavaThread "LocalJobRunner Map Task Executor #0" [_thread_in_native, id=7303, stack(0x00007ff70ae75000,0x00007ff70af76000)]
  0x00007ff71cf3b000 JavaThread "Thread-27" [_thread_blocked, id=7302, stack(0x00007ff70b281000,0x00007ff70b382000)]
  0x00007ff71d072000 JavaThread "main-EventThread" daemon [_thread_blocked, id=7301, stack(0x00007ff70b9e1000,0x00007ff70bae2000)]
  0x00007ff71d0b7000 JavaThread "main-SendThread(mint-vm:2181)" daemon [_thread_in_native, id=7300, stack(0x00007ff70b7df000,0x00007ff70b8e0000)]
  0x00007ff7142ab000 JavaThread "Readahead Thread #3" daemon [_thread_blocked, id=7290, stack(0x00007ff70ad74000,0x00007ff70ae75000)]
  0x00007ff7146bd800 JavaThread "Readahead Thread #2" daemon [_thread_blocked, id=7289, stack(0x00007ff70a86f000,0x00007ff70a970000)]
  0x00007ff7146bc000 JavaThread "Readahead Thread #1" daemon [_thread_blocked, id=7288, stack(0x00007ff70a970000,0x00007ff70aa71000)]
  0x00007ff7146b0000 JavaThread "Readahead Thread #0" daemon [_thread_blocked, id=7287, stack(0x00007ff70aa71000,0x00007ff70ab72000)]
  0x00007ff71ccd2800 JavaThread "LeaseRenewer:hduser@192.168.233.128:8020" daemon [_thread_blocked, id=7261, stack(0x00007ff70b8e0000,0x00007ff70b9e1000)]
  0x00007ff71ccbc800 JavaThread "org.apache.hadoop.hdfs.PeerCache@2ef77b6" daemon [_thread_blocked, id=7259, stack(0x00007ff70bae2000,0x00007ff70bbe3000)]
  0x00007ff71cb8a000 JavaThread "IPC Parameter Sending Thread #0" daemon [_thread_blocked, id=7257, stack(0x00007ff70bbe3000,0x00007ff70bce4000)]
  0x00007ff71d15b000 JavaThread "IPC Client (1075603616) connection to /192.168.233.128:8020 from hduser" daemon [_thread_blocked, id=7256, stack(0x00007ff70bce4000,0x00007ff70bde5000)]
  0x00007ff71ca82000 JavaThread "Thread-4" daemon [_thread_in_native, id=7255, stack(0x00007ff7104ff000,0x00007ff710600000)]
  0x000000000122d800 JavaThread "ProcessThread(sid:0 cport:-1):" daemon [_thread_blocked, id=7254, stack(0x00007ff710804000,0x00007ff710905000)]
  0x000000000123e000 JavaThread "SyncThread:0" daemon [_thread_blocked, id=7253, stack(0x00007ff710905000,0x00007ff710a06000)]
  0x000000000123d000 JavaThread "SessionTracker" daemon [_thread_blocked, id=7252, stack(0x00007ff710a06000,0x00007ff710b07000)]
  0x000000000128b000 JavaThread "NIOServerCxn.Factory:0.0.0.0/0.0.0.0:2181" daemon [_thread_in_native, id=7251, stack(0x00007ff710d0f000,0x00007ff710e10000)]
  0x00007ff71c85e000 JavaThread "Thread-3" daemon [_thread_blocked, id=7250, stack(0x00007ff710e10000,0x00007ff710f11000)]
  0x00007ff71c80a800 JavaThread "process reaper" daemon [_thread_blocked, id=7248, stack(0x00007ff710f11000,0x00007ff710f4a000)]
  0x00007ff71c09e000 JavaThread "Service Thread" daemon [_thread_blocked, id=7245, stack(0x00007ff711b2a000,0x00007ff711c2b000)]
  0x00007ff71c09b000 JavaThread "C2 CompilerThread1" daemon [_thread_blocked, id=7244, stack(0x00007ff711c2b000,0x00007ff711d2c000)]
  0x00007ff71c098000 JavaThread "C2 CompilerThread0" daemon [_thread_in_native, id=7243, stack(0x00007ff711d2c000,0x00007ff711e2d000)]
  0x00007ff71c096000 JavaThread "Signal Dispatcher" daemon [_thread_blocked, id=7242, stack(0x00007ff711e2d000,0x00007ff711f2e000)]
  0x00007ff71c073800 JavaThread "Finalizer" daemon [_thread_blocked, id=7241, stack(0x00007ff712366000,0x00007ff712467000)]
  0x00007ff71c071800 JavaThread "Reference Handler" daemon [_thread_blocked, id=7240, stack(0x00007ff712467000,0x00007ff712568000)]
  0x00007ff71c00f800 JavaThread "main" [_thread_blocked, id=7235, stack(0x00007ff722c68000,0x00007ff722d69000)]

Other Threads:
  0x00007ff71c06d000 VMThread [stack: 0x00007ff712568000,0x00007ff712669000] [id=7239]
  0x00007ff71c0da800 WatcherThread [stack: 0x00007ff711a29000,0x00007ff711b2a000] [id=7246]

VM state:not at safepoint (normal execution)

VM Mutex/Monitor currently owned by a thread: None

Heap
 PSYoungGen      total 165376K, used 37944K [0x00000000f5500000, 0x00000000ffe00000, 0x0000000100000000)
  eden space 157696K, 24% used [0x00000000f5500000,0x00000000f7a0e2b8,0x00000000fef00000)
  from space 7680K, 0% used [0x00000000ff680000,0x00000000ff680000,0x00000000ffe00000)
  to   space 7680K, 0% used [0x00000000fef00000,0x00000000fef00000,0x00000000ff680000)
 ParOldGen       total 253440K, used 212673K [0x00000000e0000000, 0x00000000ef780000, 0x00000000f5500000)
  object space 253440K, 83% used [0x00000000e0000000,0x00000000ecfb0670,0x00000000ef780000)
 PSPermGen       total 52736K, used 26250K [0x00000000dae00000, 0x00000000de180000, 0x00000000e0000000)
  object space 52736K, 49% used [0x00000000dae00000,0x00000000dc7a2ad0,0x00000000de180000)

Card table byte_map: [0x00007ff720049000,0x00007ff720173000] byte_map_base: 0x00007ff71f972000

Polling page: 0x00007ff722d8c000

Code Cache  [0x00007ff718de5000, 0x00007ff719055000, 0x00007ff71bde5000)
 total_blobs=940 nmethods=484 adapters=409 free_code_cache=47489Kb largest_free_block=48591168

Compilation events (10 events):
Event: 7,369 Thread 0x00007ff71c09b000  501             java.util.HashMap::putForCreate (101 bytes)
Event: 7,370 Thread 0x00007ff71c098000 nmethod 500 0x00007ff718f20bd0 code [0x00007ff718f20d20, 0x00007ff718f20e58]
Event: 7,373 Thread 0x00007ff71c09b000 nmethod 501 0x00007ff718f20290 code [0x00007ff718f20420, 0x00007ff718f20828]
Event: 7,379 Thread 0x00007ff71c098000  502   !         org.apache.hadoop.conf.Configuration::loadResource (1178 bytes)
Event: 7,404 Thread 0x00007ff71c09b000  503             java.util.LinkedList::toArray (84 bytes)
Event: 7,408 Thread 0x00007ff71c09b000 nmethod 503 0x00007ff718f1fd90 code [0x00007ff718f1fee0, 0x00007ff718f200f8]
Event: 7,415 Thread 0x00007ff71c09b000  504             com.sun.org.apache.xerces.internal.dom.ParentNode::hasChildNodes (24 bytes)
Event: 7,416 Thread 0x00007ff71c09b000 nmethod 504 0x00007ff718f1fa10 code [0x00007ff718f1fb60, 0x00007ff718f1fc68]
Event: 7,492 Thread 0x00007ff71c09b000  505             java.nio.CharBuffer::arrayOffset (35 bytes)
Event: 7,493 Thread 0x00007ff71c09b000 nmethod 505 0x00007ff718f8dc50 code [0x00007ff718f8dda0, 0x00007ff718f8de38]

GC Heap History (10 events):
Event: 3,470 GC heap before
{Heap before GC invocations=7 (full 0):
 PSYoungGen      total 54784K, used 53732K [0x00000000f5500000, 0x00000000f9000000, 0x0000000100000000)
  eden space 49152K, 99% used [0x00000000f5500000,0x00000000f84f8628,0x00000000f8500000)
  from space 5632K, 81% used [0x00000000f8a80000,0x00000000f8f00c58,0x00000000f9000000)
  to   space 5632K, 0% used [0x00000000f8500000,0x00000000f8500000,0x00000000f8a80000)
 ParOldGen       total 31744K, used 8003K [0x00000000e0000000, 0x00000000e1f00000, 0x00000000f5500000)
  object space 31744K, 25% used [0x00000000e0000000,0x00000000e07d0de8,0x00000000e1f00000)
 PSPermGen       total 21504K, used 20965K [0x00000000dae00000, 0x00000000dc300000, 0x00000000e0000000)
  object space 21504K, 97% used [0x00000000dae00000,0x00000000dc2796c8,0x00000000dc300000)
Event: 3,483 GC heap after
Heap after GC invocations=7 (full 0):
 PSYoungGen      total 54784K, used 5630K [0x00000000f5500000, 0x00000000fc300000, 0x0000000100000000)
  eden space 49152K, 0% used [0x00000000f5500000,0x00000000f5500000,0x00000000f8500000)
  from space 5632K, 99% used [0x00000000f8500000,0x00000000f8a7f878,0x00000000f8a80000)
  to   space 7168K, 0% used [0x00000000fbc00000,0x00000000fbc00000,0x00000000fc300000)
 ParOldGen       total 31744K, used 9161K [0x00000000e0000000, 0x00000000e1f00000, 0x00000000f5500000)
  object space 31744K, 28% used [0x00000000e0000000,0x00000000e08f2460,0x00000000e1f00000)
 PSPermGen       total 21504K, used 20965K [0x00000000dae00000, 0x00000000dc300000, 0x00000000e0000000)
  object space 21504K, 97% used [0x00000000dae00000,0x00000000dc2796c8,0x00000000dc300000)
}
Event: 4,744 GC heap before
{Heap before GC invocations=8 (full 0):
 PSYoungGen      total 54784K, used 54782K [0x00000000f5500000, 0x00000000fc300000, 0x0000000100000000)
  eden space 49152K, 100% used [0x00000000f5500000,0x00000000f8500000,0x00000000f8500000)
  from space 5632K, 99% used [0x00000000f8500000,0x00000000f8a7f878,0x00000000f8a80000)
  to   space 7168K, 0% used [0x00000000fbc00000,0x00000000fbc00000,0x00000000fc300000)
 ParOldGen       total 31744K, used 9161K [0x00000000e0000000, 0x00000000e1f00000, 0x00000000f5500000)
  object space 31744K, 28% used [0x00000000e0000000,0x00000000e08f2460,0x00000000e1f00000)
 PSPermGen       total 24064K, used 23903K [0x00000000dae00000, 0x00000000dc580000, 0x00000000e0000000)
  object space 24064K, 99% used [0x00000000dae00000,0x00000000dc557f10,0x00000000dc580000)
Event: 4,759 GC heap after
Heap after GC invocations=8 (full 0):
 PSYoungGen      total 105472K, used 4965K [0x00000000f5500000, 0x00000000fc300000, 0x0000000100000000)
  eden space 98304K, 0% used [0x00000000f5500000,0x00000000f5500000,0x00000000fb500000)
  from space 7168K, 69% used [0x00000000fbc00000,0x00000000fc0d9480,0x00000000fc300000)
  to   space 7168K, 0% used [0x00000000fb500000,0x00000000fb500000,0x00000000fbc00000)
 ParOldGen       total 31744K, used 9537K [0x00000000e0000000, 0x00000000e1f00000, 0x00000000f5500000)
  object space 31744K, 30% used [0x00000000e0000000,0x00000000e0950460,0x00000000e1f00000)
 PSPermGen       total 24064K, used 23903K [0x00000000dae00000, 0x00000000dc580000, 0x00000000e0000000)
  object space 24064K, 99% used [0x00000000dae00000,0x00000000dc557f10,0x00000000dc580000)
}
Event: 5,612 GC heap before
{Heap before GC invocations=9 (full 0):
 PSYoungGen      total 105472K, used 102339K [0x00000000f5500000, 0x00000000fc300000, 0x0000000100000000)
  eden space 98304K, 99% used [0x00000000f5500000,0x00000000fb417a50,0x00000000fb500000)
  from space 7168K, 69% used [0x00000000fbc00000,0x00000000fc0d9480,0x00000000fc300000)
  to   space 7168K, 0% used [0x00000000fb500000,0x00000000fb500000,0x00000000fbc00000)
 ParOldGen       total 237056K, used 214337K [0x00000000e0000000, 0x00000000ee780000, 0x00000000f5500000)
  object space 237056K, 90% used [0x00000000e0000000,0x00000000ed150470,0x00000000ee780000)
 PSPermGen       total 25088K, used 24874K [0x00000000dae00000, 0x00000000dc680000, 0x00000000e0000000)
  object space 25088K, 99% used [0x00000000dae00000,0x00000000dc64a8a8,0x00000000dc680000)
Event: 5,630 GC heap after
Heap after GC invocations=9 (full 0):
 PSYoungGen      total 105472K, used 6856K [0x00000000f5500000, 0x00000000ffe00000, 0x0000000100000000)
  eden space 98304K, 0% used [0x00000000f5500000,0x00000000f5500000,0x00000000fb500000)
  from space 7168K, 95% used [0x00000000fb500000,0x00000000fbbb23c0,0x00000000fbc00000)
  to   space 7680K, 0% used [0x00000000ff680000,0x00000000ff680000,0x00000000ffe00000)
 ParOldGen       total 237056K, used 215121K [0x00000000e0000000, 0x00000000ee780000, 0x00000000f5500000)
  object space 237056K, 90% used [0x00000000e0000000,0x00000000ed214470,0x00000000ee780000)
 PSPermGen       total 25088K, used 24874K [0x00000000dae00000, 0x00000000dc680000, 0x00000000e0000000)
  object space 25088K, 99% used [0x00000000dae00000,0x00000000dc64a8a8,0x00000000dc680000)
}
Event: 7,116 GC heap before
{Heap before GC invocations=10 (full 0):
 PSYoungGen      total 105472K, used 105160K [0x00000000f5500000, 0x00000000ffe00000, 0x0000000100000000)
  eden space 98304K, 100% used [0x00000000f5500000,0x00000000fb500000,0x00000000fb500000)
  from space 7168K, 95% used [0x00000000fb500000,0x00000000fbbb23c0,0x00000000fbc00000)
  to   space 7680K, 0% used [0x00000000ff680000,0x00000000ff680000,0x00000000ffe00000)
 ParOldGen       total 237056K, used 215121K [0x00000000e0000000, 0x00000000ee780000, 0x00000000f5500000)
  object space 237056K, 90% used [0x00000000e0000000,0x00000000ed214470,0x00000000ee780000)
 PSPermGen       total 26624K, used 26190K [0x00000000dae00000, 0x00000000dc800000, 0x00000000e0000000)
  object space 26624K, 98% used [0x00000000dae00000,0x00000000dc793b08,0x00000000dc800000)
Event: 7,125 GC heap after
Heap after GC invocations=10 (full 0):
 PSYoungGen      total 165376K, used 3417K [0x00000000f5500000, 0x00000000ffe00000, 0x0000000100000000)
  eden space 157696K, 0% used [0x00000000f5500000,0x00000000f5500000,0x00000000fef00000)
  from space 7680K, 44% used [0x00000000ff680000,0x00000000ff9d6620,0x00000000ffe00000)
  to   space 7680K, 0% used [0x00000000fef00000,0x00000000fef00000,0x00000000ff680000)
 ParOldGen       total 237056K, used 216982K [0x00000000e0000000, 0x00000000ee780000, 0x00000000f5500000)
  object space 237056K, 91% used [0x00000000e0000000,0x00000000ed3e5930,0x00000000ee780000)
 PSPermGen       total 26624K, used 26190K [0x00000000dae00000, 0x00000000dc800000, 0x00000000e0000000)
  object space 26624K, 98% used [0x00000000dae00000,0x00000000dc793b08,0x00000000dc800000)
}
Event: 7,125 GC heap before
{Heap before GC invocations=11 (full 1):
 PSYoungGen      total 165376K, used 3417K [0x00000000f5500000, 0x00000000ffe00000, 0x0000000100000000)
  eden space 157696K, 0% used [0x00000000f5500000,0x00000000f5500000,0x00000000fef00000)
  from space 7680K, 44% used [0x00000000ff680000,0x00000000ff9d6620,0x00000000ffe00000)
  to   space 7680K, 0% used [0x00000000fef00000,0x00000000fef00000,0x00000000ff680000)
 ParOldGen       total 237056K, used 216982K [0x00000000e0000000, 0x00000000ee780000, 0x00000000f5500000)
  object space 237056K, 91% used [0x00000000e0000000,0x00000000ed3e5930,0x00000000ee780000)
 PSPermGen       total 26624K, used 26190K [0x00000000dae00000, 0x00000000dc800000, 0x00000000e0000000)
  object space 26624K, 98% used [0x00000000dae00000,0x00000000dc793b08,0x00000000dc800000)
Event: 7,235 GC heap after
Heap after GC invocations=11 (full 1):
 PSYoungGen      total 165376K, used 0K [0x00000000f5500000, 0x00000000ffe00000, 0x0000000100000000)
  eden space 157696K, 0% used [0x00000000f5500000,0x00000000f5500000,0x00000000fef00000)
  from space 7680K, 0% used [0x00000000ff680000,0x00000000ff680000,0x00000000ffe00000)
  to   space 7680K, 0% used [0x00000000fef00000,0x00000000fef00000,0x00000000ff680000)
 ParOldGen       total 48128K, used 7873K [0x00000000e0000000, 0x00000000e2f00000, 0x00000000f5500000)
  object space 48128K, 16% used [0x00000000e0000000,0x00000000e07b0660,0x00000000e2f00000)
 PSPermGen       total 52736K, used 26174K [0x00000000dae00000, 0x00000000de180000, 0x00000000e0000000)
  object space 52736K, 49% used [0x00000000dae00000,0x00000000dc78fae0,0x00000000de180000)
}

Deoptimization events (10 events):
Event: 6,940 Thread 0x00007ff71c00f800 Uncommon trap: reason=class_check action=maybe_recompile pc=0x00007ff718f5c8f8 method=java.util.regex.Matcher.search(I)Z @ 86
Event: 6,959 Thread 0x000000000122d800 Uncommon trap: reason=class_check action=maybe_recompile pc=0x00007ff718f5d300 method=java.util.concurrent.ConcurrentHashMap$Segment.put(Ljava/lang/Object;ILjava/lang/Object;Z)Ljava/lang/Object; @ 77
Event: 6,965 Thread 0x000000000123e000 Uncommon trap: reason=class_check action=maybe_recompile pc=0x00007ff718f5d300 method=java.util.concurrent.ConcurrentHashMap$Segment.put(Ljava/lang/Object;ILjava/lang/Object;Z)Ljava/lang/Object; @ 77
Event: 6,994 Thread 0x00007ff71c00f800 Uncommon trap: reason=bimorphic action=maybe_recompile pc=0x00007ff718e969ac method=java.util.HashMap.put(Ljava/lang/Object;Ljava/lang/Object;)Ljava/lang/Object; @ 83
Event: 7,104 Thread 0x00007ff71c00f800 Uncommon trap: reason=class_check action=maybe_recompile pc=0x00007ff718f1c3d8 method=com.sun.org.apache.xerces.internal.dom.ParentNode.internalInsertBefore(Lorg/w3c/dom/Node;Lorg/w3c/dom/Node;Z)Lorg/w3c/dom/Node; @ 565
Event: 7,266 Thread 0x00007ff71c00f800 Uncommon trap: reason=class_check action=maybe_recompile pc=0x00007ff718ec9e18 method=org.apache.hadoop.conf.Configuration.loadResource(Ljava/util/Properties;Lorg/apache/hadoop/conf/Configuration$Resource;Z)Lorg/apache/hadoop/conf/Configuration$Resource; 
Event: 7,296 Thread 0x00007ff71c00f800 Uncommon trap: reason=class_check action=maybe_recompile pc=0x00007ff718f1c3d8 method=com.sun.org.apache.xerces.internal.dom.ParentNode.internalInsertBefore(Lorg/w3c/dom/Node;Lorg/w3c/dom/Node;Z)Lorg/w3c/dom/Node; @ 565
Event: 7,348 Thread 0x00007ff71c00f800 Uncommon trap: reason=class_check action=maybe_recompile pc=0x00007ff718ec9e18 method=org.apache.hadoop.conf.Configuration.loadResource(Ljava/util/Properties;Lorg/apache/hadoop/conf/Configuration$Resource;Z)Lorg/apache/hadoop/conf/Configuration$Resource; 
Event: 7,357 Thread 0x00007ff71c00f800 Uncommon trap: reason=bimorphic action=maybe_recompile pc=0x00007ff718eb52c4 method=java.net.URL.<init>(Ljava/net/URL;Ljava/lang/String;Ljava/net/URLStreamHandler;)V @ 504
Event: 7,409 Thread 0x0000000001267000 Uncommon trap: reason=predicate action=maybe_recompile pc=0x00007ff718f1ffec method=java.util.LinkedList.toArray([Ljava/lang/Object;)[Ljava/lang/Object; @ 45

Internal exceptions (10 events):
Event: 7,424 Thread 0x0000000001267000 Threw 0x00000000f6d851f0 at /HUDSON/workspace/7u-2-build-linux-amd64/jdk7u75/1940/hotspot/src/share/vm/prims/jvm.cpp:1281
Event: 7,427 Thread 0x0000000001267000 Threw 0x00000000f6db0ef8 at /HUDSON/workspace/7u-2-build-linux-amd64/jdk7u75/1940/hotspot/src/share/vm/prims/jvm.cpp:1281
Event: 7,428 Thread 0x0000000001267000 Threw 0x00000000f6dc80f0 at /HUDSON/workspace/7u-2-build-linux-amd64/jdk7u75/1940/hotspot/src/share/vm/prims/jvm.cpp:1281
Event: 7,476 Thread 0x0000000001267000 Threw 0x00000000f6df6dd0 at /HUDSON/workspace/7u-2-build-linux-amd64/jdk7u75/1940/hotspot/src/share/vm/prims/jvm.cpp:1281
Event: 7,477 Thread 0x0000000001267000 Threw 0x00000000f6e054d0 at /HUDSON/workspace/7u-2-build-linux-amd64/jdk7u75/1940/hotspot/src/share/vm/prims/jvm.cpp:1281
Event: 7,479 Thread 0x0000000001267000 Threw 0x00000000f6e09f18 at /HUDSON/workspace/7u-2-build-linux-amd64/jdk7u75/1940/hotspot/src/share/vm/prims/jvm.cpp:1281
Event: 7,480 Thread 0x0000000001267000 Threw 0x00000000f6e216c0 at /HUDSON/workspace/7u-2-build-linux-amd64/jdk7u75/1940/hotspot/src/share/vm/prims/jvm.cpp:1281
Event: 7,499 Thread 0x0000000001267000 Threw 0x00000000f6e4eeb0 at /HUDSON/workspace/7u-2-build-linux-amd64/jdk7u75/1940/hotspot/src/share/vm/prims/jvm.cpp:1281
Event: 7,520 Thread 0x0000000001267000 Threw 0x00000000f75774f8 at /HUDSON/workspace/7u-2-build-linux-amd64/jdk7u75/1940/hotspot/src/share/vm/prims/jvm.cpp:1281
Event: 7,522 Thread 0x0000000001267000 Threw 0x00000000f758e318 at /HUDSON/workspace/7u-2-build-linux-amd64/jdk7u75/1940/hotspot/src/share/vm/prims/jvm.cpp:1281

Events (10 events):
Event: 7,498 Executing VM operation: RevokeBias
Event: 7,498 Executing VM operation: RevokeBias done
Event: 7,499 loading class 0x00007ff71d070fa0
Event: 7,499 loading class 0x00007ff71d070fa0 done
Event: 7,501 Executing VM operation: BulkRevokeBias
Event: 7,502 Executing VM operation: BulkRevokeBias done
Event: 7,520 loading class 0x00007ff71c7fa360
Event: 7,520 loading class 0x00007ff71c7fa360 done
Event: 7,522 loading class 0x00007ff71c8825f0
Event: 7,522 loading class 0x00007ff71c8825f0 done


Dynamic libraries:
00400000-00401000 r-xp 00000000 08:01 12289                              /opt/java/jdk1.7.0_75/bin/java
00600000-00601000 rw-p 00000000 08:01 12289                              /opt/java/jdk1.7.0_75/bin/java
01065000-01b03000 rw-p 00000000 00:00 0                                  [heap]
dae00000-de180000 rw-p 00000000 00:00 0 
de180000-e0000000 rw-p 00000000 00:00 0 
e0000000-ef780000 rw-p 00000000 00:00 0 
ef780000-f5500000 rw-p 00000000 00:00 0 
f5500000-ffe00000 rw-p 00000000 00:00 0 
ffe00000-100000000 rw-p 00000000 00:00 0 
7ff708910000-7ff709982000 rw-p 00000000 00:00 0 
7ff709b47000-7ff70a86f000 rw-p 00000000 00:00 0 
7ff70a86f000-7ff70a872000 ---p 00000000 00:00 0 
7ff70a872000-7ff70a970000 rw-p 00000000 00:00 0                          [stack:7289]
7ff70a970000-7ff70a973000 ---p 00000000 00:00 0 
7ff70a973000-7ff70aa71000 rw-p 00000000 00:00 0                          [stack:7288]
7ff70aa71000-7ff70aa74000 ---p 00000000 00:00 0 
7ff70aa74000-7ff70ab72000 rw-p 00000000 00:00 0                          [stack:7287]
7ff70ab72000-7ff70ab75000 ---p 00000000 00:00 0 
7ff70ab75000-7ff70ac73000 rw-p 00000000 00:00 0                          [stack:7306]
7ff70ac73000-7ff70ac76000 ---p 00000000 00:00 0 
7ff70ac76000-7ff70ad74000 rw-p 00000000 00:00 0 
7ff70ad74000-7ff70ad77000 ---p 00000000 00:00 0 
7ff70ad77000-7ff70ae75000 rw-p 00000000 00:00 0                          [stack:7290]
7ff70ae75000-7ff70ae78000 ---p 00000000 00:00 0 
7ff70ae78000-7ff70af76000 rw-p 00000000 00:00 0                          [stack:7303]
7ff70af76000-7ff70af7f000 r-xp 00000000 00:18 8886                       /mnt/hgfs/mcl-im-seg/target/native/libmclnative.so
7ff70af7f000-7ff70b17e000 ---p 00009000 00:18 8886                       /mnt/hgfs/mcl-im-seg/target/native/libmclnative.so
7ff70b17e000-7ff70b17f000 r--p 00008000 00:18 8886                       /mnt/hgfs/mcl-im-seg/target/native/libmclnative.so
7ff70b17f000-7ff70b180000 rw-p 00009000 00:18 8886                       /mnt/hgfs/mcl-im-seg/target/native/libmclnative.so
7ff70b180000-7ff70b183000 ---p 00000000 00:00 0 
7ff70b183000-7ff70b281000 rw-p 00000000 00:00 0                          [stack:7305]
7ff70b281000-7ff70b284000 ---p 00000000 00:00 0 
7ff70b284000-7ff70b382000 rw-p 00000000 00:00 0                          [stack:7302]
7ff70b382000-7ff70b398000 r-xp 00000000 08:01 263145                     /lib/x86_64-linux-gnu/libgcc_s.so.1
7ff70b398000-7ff70b597000 ---p 00016000 08:01 263145                     /lib/x86_64-linux-gnu/libgcc_s.so.1
7ff70b597000-7ff70b598000 rw-p 00015000 08:01 263145                     /lib/x86_64-linux-gnu/libgcc_s.so.1
7ff70b598000-7ff70b5ca000 r-xp 00000000 08:01 10424                      /opt/java/jdk1.7.0_75/jre/lib/amd64/libsunec.so
7ff70b5ca000-7ff70b7c9000 ---p 00032000 08:01 10424                      /opt/java/jdk1.7.0_75/jre/lib/amd64/libsunec.so
7ff70b7c9000-7ff70b7cf000 rw-p 00031000 08:01 10424                      /opt/java/jdk1.7.0_75/jre/lib/amd64/libsunec.so
7ff70b7cf000-7ff70b7df000 rw-p 00000000 00:00 0 
7ff70b7df000-7ff70b7e2000 ---p 00000000 00:00 0 
7ff70b7e2000-7ff70b8e0000 rw-p 00000000 00:00 0                          [stack:7300]
7ff70b8e0000-7ff70b8e3000 ---p 00000000 00:00 0 
7ff70b8e3000-7ff70b9e1000 rw-p 00000000 00:00 0                          [stack:7261]
7ff70b9e1000-7ff70b9e4000 ---p 00000000 00:00 0 
7ff70b9e4000-7ff70bae2000 rw-p 00000000 00:00 0                          [stack:7301]
7ff70bae2000-7ff70bae5000 ---p 00000000 00:00 0 
7ff70bae5000-7ff70bbe3000 rw-p 00000000 00:00 0                          [stack:7259]
7ff70bbe3000-7ff70bbe6000 ---p 00000000 00:00 0 
7ff70bbe6000-7ff70bce4000 rw-p 00000000 00:00 0                          [stack:7257]
7ff70bce4000-7ff70bce7000 ---p 00000000 00:00 0 
7ff70bce7000-7ff70bde5000 rw-p 00000000 00:00 0                          [stack:7256]
7ff70bde5000-7ff70bdfc000 r-xp 00000000 08:01 263214                     /lib/x86_64-linux-gnu/libresolv-2.19.so
7ff70bdfc000-7ff70bffc000 ---p 00017000 08:01 263214                     /lib/x86_64-linux-gnu/libresolv-2.19.so
7ff70bffc000-7ff70bffd000 r--p 00017000 08:01 263214                     /lib/x86_64-linux-gnu/libresolv-2.19.so
7ff70bffd000-7ff70bffe000 rw-p 00018000 08:01 263214                     /lib/x86_64-linux-gnu/libresolv-2.19.so
7ff70bffe000-7ff70c000000 rw-p 00000000 00:00 0 
7ff70c000000-7ff70c031000 rw-p 00000000 00:00 0 
7ff70c031000-7ff710000000 ---p 00000000 00:00 0 
7ff7100d6000-7ff7100db000 r-xp 00000000 08:01 267142                     /lib/x86_64-linux-gnu/libnss_dns-2.19.so
7ff7100db000-7ff7102da000 ---p 00005000 08:01 267142                     /lib/x86_64-linux-gnu/libnss_dns-2.19.so
7ff7102da000-7ff7102db000 r--p 00004000 08:01 267142                     /lib/x86_64-linux-gnu/libnss_dns-2.19.so
7ff7102db000-7ff7102dc000 rw-p 00005000 08:01 267142                     /lib/x86_64-linux-gnu/libnss_dns-2.19.so
7ff7102dc000-7ff7102de000 r-xp 00000000 08:01 266935                     /lib/x86_64-linux-gnu/libnss_mdns4_minimal.so.2
7ff7102de000-7ff7104dd000 ---p 00002000 08:01 266935                     /lib/x86_64-linux-gnu/libnss_mdns4_minimal.so.2
7ff7104dd000-7ff7104de000 r--p 00001000 08:01 266935                     /lib/x86_64-linux-gnu/libnss_mdns4_minimal.so.2
7ff7104de000-7ff7104df000 rw-p 00002000 08:01 266935                     /lib/x86_64-linux-gnu/libnss_mdns4_minimal.so.2
7ff7104e9000-7ff7104eb000 rw-p 00000000 00:00 0 
7ff7104eb000-7ff7104f6000 r--s 0037c000 08:01 11120                      /opt/java/jdk1.7.0_75/jre/lib/charsets.jar
7ff7104f6000-7ff7104fa000 r--s 0002d000 08:01 11053                      /opt/java/jdk1.7.0_75/jre/lib/ext/sunjce_provider.jar
7ff7104fa000-7ff7104fe000 r--s 00037000 08:01 11052                      /opt/java/jdk1.7.0_75/jre/lib/ext/sunpkcs11.jar
7ff7104fe000-7ff7104ff000 r--s 00003000 08:01 11051                      /opt/java/jdk1.7.0_75/jre/lib/ext/sunec.jar
7ff7104ff000-7ff710502000 ---p 00000000 00:00 0 
7ff710502000-7ff710600000 rw-p 00000000 00:00 0                          [stack:7255]
7ff710600000-7ff710603000 r--s 00019000 08:01 11020                      /opt/java/jdk1.7.0_75/jre/lib/jce.jar
7ff710603000-7ff710604000 r-xp 00000000 08:01 10466                      /opt/java/jdk1.7.0_75/jre/lib/amd64/libjaas_unix.so
7ff710604000-7ff710803000 ---p 00001000 08:01 10466                      /opt/java/jdk1.7.0_75/jre/lib/amd64/libjaas_unix.so
7ff710803000-7ff710804000 rw-p 00000000 08:01 10466                      /opt/java/jdk1.7.0_75/jre/lib/amd64/libjaas_unix.so
7ff710804000-7ff710807000 ---p 00000000 00:00 0 
7ff710807000-7ff710905000 rw-p 00000000 00:00 0                          [stack:7254]
7ff710905000-7ff710908000 ---p 00000000 00:00 0 
7ff710908000-7ff710a06000 rw-p 00000000 00:00 0                          [stack:7253]
7ff710a06000-7ff710a09000 ---p 00000000 00:00 0 
7ff710a09000-7ff710b07000 rw-p 00000000 00:00 0                          [stack:7252]
7ff710b07000-7ff710b0f000 r-xp 00000000 08:01 10421                      /opt/java/jdk1.7.0_75/jre/lib/amd64/libmanagement.so
7ff710b0f000-7ff710d0e000 ---p 00008000 08:01 10421                      /opt/java/jdk1.7.0_75/jre/lib/amd64/libmanagement.so
7ff710d0e000-7ff710d0f000 rw-p 00007000 08:01 10421                      /opt/java/jdk1.7.0_75/jre/lib/amd64/libmanagement.so
7ff710d0f000-7ff710d12000 ---p 00000000 00:00 0 
7ff710d12000-7ff710e10000 rw-p 00000000 00:00 0                          [stack:7251]
7ff710e10000-7ff710e13000 ---p 00000000 00:00 0 
7ff710e13000-7ff710f11000 rw-p 00000000 00:00 0                          [stack:7250]
7ff710f11000-7ff710f14000 ---p 00000000 00:00 0 
7ff710f14000-7ff710f4a000 rw-p 00000000 00:00 0                          [stack:7248]
7ff710f4a000-7ff710f68000 r-xp 00000000 08:01 263794                     /usr/share/hadoop2/lib/native/libhadoop.so
7ff710f68000-7ff711167000 ---p 0001e000 08:01 263794                     /usr/share/hadoop2/lib/native/libhadoop.so
7ff711167000-7ff711168000 r--p 0001d000 08:01 263794                     /usr/share/hadoop2/lib/native/libhadoop.so
7ff711168000-7ff711169000 rw-p 0001e000 08:01 263794                     /usr/share/hadoop2/lib/native/libhadoop.so
7ff711169000-7ff711193000 r--s 00227000 00:18 4164                       /mnt/hgfs/mcl-im-seg/target/mcl-im-seg-jar-with-dependencies.jar
7ff711193000-7ff711197000 r--s 0008b000 08:01 11043                      /opt/java/jdk1.7.0_75/jre/lib/jsse.jar
7ff711197000-7ff7111a1000 r--s 00251000 08:01 10490                      /opt/java/jdk1.7.0_75/jre/lib/resources.jar
7ff7111a1000-7ff7111d2000 rw-p 00000000 00:00 0 
7ff7111d2000-7ff7111e8000 r-xp 00000000 08:01 10447                      /opt/java/jdk1.7.0_75/jre/lib/amd64/libnet.so
7ff7111e8000-7ff7113e8000 ---p 00016000 08:01 10447                      /opt/java/jdk1.7.0_75/jre/lib/amd64/libnet.so
7ff7113e8000-7ff7113e9000 rw-p 00016000 08:01 10447                      /opt/java/jdk1.7.0_75/jre/lib/amd64/libnet.so
7ff7113e9000-7ff7113f9000 r-xp 00000000 08:01 10413                      /opt/java/jdk1.7.0_75/jre/lib/amd64/libnio.so
7ff7113f9000-7ff7115f9000 ---p 00010000 08:01 10413                      /opt/java/jdk1.7.0_75/jre/lib/amd64/libnio.so
7ff7115f9000-7ff7115fa000 rw-p 00010000 08:01 10413                      /opt/java/jdk1.7.0_75/jre/lib/amd64/libnio.so
7ff7115fa000-7ff7115fc000 r--s 00005000 08:01 272900                     /usr/share/hadoop2/share/hadoop/mapreduce/hadoop-mapreduce-client-shuffle-2.4.1.jar
7ff7115fc000-7ff711601000 r--s 0003d000 08:01 272855                     /usr/share/hadoop2/share/hadoop/mapreduce/hadoop-mapreduce-examples-2.4.1.jar
7ff711601000-7ff711619000 r--s 00155000 08:01 272854                     /usr/share/hadoop2/share/hadoop/mapreduce/hadoop-mapreduce-client-core-2.4.1.jar
7ff711619000-7ff71162f000 r--s 00155000 08:01 272858                     /usr/share/hadoop2/share/hadoop/mapreduce/hadoop-mapreduce-client-jobclient-2.4.1-tests.jar
7ff71162f000-7ff711634000 r--s 00034000 08:01 272853                     /usr/share/hadoop2/share/hadoop/mapreduce/hadoop-mapreduce-client-hs-2.4.1.jar
7ff711634000-7ff71163f000 r--s 00097000 08:01 272903                     /usr/share/hadoop2/share/hadoop/mapreduce/hadoop-mapreduce-client-common-2.4.1.jar
7ff71163f000-7ff711640000 r--s 00008000 08:01 272901                     /usr/share/hadoop2/share/hadoop/mapreduce/hadoop-mapreduce-client-jobclient-2.4.1.jar
7ff711640000-7ff711641000 r--s 00000000 08:01 272882                     /usr/share/hadoop2/share/hadoop/mapreduce/hadoop-mapreduce-client-hs-plugins-2.4.1.jar
7ff711641000-7ff71164b000 r--s 0006e000 08:01 272902                     /usr/share/hadoop2/share/hadoop/mapreduce/hadoop-mapreduce-client-app-2.4.1.jar
7ff71164b000-7ff711658000 r--s 00097000 08:01 272875                     /usr/share/hadoop2/share/hadoop/mapreduce/lib/jackson-mapper-asl-1.8.8.jar
7ff711658000-7ff711659000 r--s 00003000 08:01 272877                     /usr/share/hadoop2/share/hadoop/mapreduce/lib/jersey-guice-1.9.jar
7ff711659000-7ff71165b000 r--s 00000000 08:01 272878                     /usr/share/hadoop2/share/hadoop/mapreduce/lib/aopalliance-1.0.jar
7ff71165b000-7ff711663000 r--s 0007b000 08:01 272863                     /usr/share/hadoop2/share/hadoop/mapreduce/lib/protobuf-java-2.5.0.jar
7ff711663000-7ff711672000 r--s 0009f000 08:01 272860                     /usr/share/hadoop2/share/hadoop/mapreduce/lib/guice-3.0.jar
7ff711672000-7ff711684000 r--s 0009d000 08:01 272880                     /usr/share/hadoop2/share/hadoop/mapreduce/lib/jersey-server-1.9.jar
7ff711684000-7ff711686000 r--s 000f2000 08:01 272873                     /usr/share/hadoop2/share/hadoop/mapreduce/lib/snappy-java-1.0.4.1.jar
7ff711686000-7ff711688000 r--s 00011000 08:01 272868                     /usr/share/hadoop2/share/hadoop/mapreduce/lib/hamcrest-core-1.1.jar
7ff711688000-7ff711692000 r--s 00066000 08:01 272872                     /usr/share/hadoop2/share/hadoop/mapreduce/lib/jersey-core-1.9.jar
7ff711692000-7ff711696000 r--s 00014000 08:01 272861                     /usr/share/hadoop2/share/hadoop/mapreduce/lib/xz-1.0.jar
7ff711696000-7ff71169a000 r--s 00034000 08:01 272864                     /usr/share/hadoop2/share/hadoop/mapreduce/lib/jackson-core-asl-1.8.8.jar
7ff71169a000-7ff71169f000 r--s 00036000 08:01 272862                     /usr/share/hadoop2/share/hadoop/mapreduce/lib/commons-compress-1.4.1.jar
7ff71169f000-7ff7116a3000 r--s 0002a000 08:01 272876                     /usr/share/hadoop2/share/hadoop/mapreduce/lib/commons-io-2.4.jar
7ff7116a3000-7ff7116aa000 r--s 00037000 08:01 272881                     /usr/share/hadoop2/share/hadoop/mapreduce/lib/junit-4.10.jar
7ff7116aa000-7ff7116ac000 r--s 0000e000 08:01 272874                     /usr/share/hadoop2/share/hadoop/mapreduce/lib/guice-servlet-3.0.jar
7ff7116ac000-7ff7116ad000 r--s 00000000 08:01 272867                     /usr/share/hadoop2/share/hadoop/mapreduce/lib/javax.inject-1.jar
7ff7116ad000-7ff7116af000 r--s 00006000 08:01 272871                     /usr/share/hadoop2/share/hadoop/mapreduce/lib/paranamer-2.3.jar
7ff7116af000-7ff7116b8000 r--s 0006f000 08:01 272879                     /usr/share/hadoop2/share/hadoop/mapreduce/lib/log4j-1.2.17.jar
7ff7116b8000-7ff7116bf000 r--s 00044000 08:01 272870                     /usr/share/hadoop2/share/hadoop/mapreduce/lib/avro-1.7.4.jar
7ff7116bf000-7ff7116c0000 r--s 0000a000 08:01 272865                     /usr/share/hadoop2/share/hadoop/mapreduce/lib/asm-3.2.jar
7ff7116c0000-7ff7116d7000 r--s 0010e000 08:01 272869                     /usr/share/hadoop2/share/hadoop/mapreduce/lib/netty-3.6.2.Final.jar
7ff7116d7000-7ff7116d9000 r--s 00003000 08:01 272866                     /usr/share/hadoop2/share/hadoop/mapreduce/lib/hadoop-annotations-2.4.1.jar
7ff7116d9000-7ff7116de000 r--s 00030000 08:01 272977                     /usr/share/hadoop2/share/hadoop/yarn/hadoop-yarn-server-common-2.4.1.jar
7ff7116de000-7ff7116ee000 r--s 000b3000 08:01 272910                     /usr/share/hadoop2/share/hadoop/yarn/hadoop-yarn-server-resourcemanager-2.4.1.jar
7ff7116ee000-7ff7116ef000 r--s 00000000 08:01 272908                     /usr/share/hadoop2/share/hadoop/yarn/hadoop-yarn-server-tests-2.4.1.jar
7ff7116ef000-7ff7116fa000 r--s 0006a000 08:01 272913                     /usr/share/hadoop2/share/hadoop/yarn/hadoop-yarn-server-nodemanager-2.4.1.jar
7ff7116fa000-7ff7116fb000 r--s 00006000 08:01 272912                     /usr/share/hadoop2/share/hadoop/yarn/hadoop-yarn-server-web-proxy-2.4.1.jar
7ff7116fb000-7ff7116fd000 r--s 00009000 08:01 272911                     /usr/share/hadoop2/share/hadoop/yarn/hadoop-yarn-applications-distributedshell-2.4.1.jar
7ff7116fd000-7ff711700000 r--s 0001c000 08:01 272905                     /usr/share/hadoop2/share/hadoop/yarn/hadoop-yarn-server-applicationhistoryservice-2.4.1.jar
7ff711700000-7ff711714000 r--s 00144000 08:01 272976                     /usr/share/hadoop2/share/hadoop/yarn/hadoop-yarn-common-2.4.1.jar
7ff711714000-7ff711715000 r--s 00003000 08:01 272909                     /usr/share/hadoop2/share/hadoop/yarn/hadoop-yarn-applications-unmanaged-am-launcher-2.4.1.jar
7ff711715000-7ff711718000 r--s 00018000 08:01 272954                     /usr/share/hadoop2/share/hadoop/yarn/hadoop-yarn-client-2.4.1.jar
7ff711718000-7ff711730000 r--s 00179000 08:01 272953                     /usr/share/hadoop2/share/hadoop/yarn/hadoop-yarn-api-2.4.1.jar
7ff711730000-7ff711737000 r--s 0007d000 08:01 272919                     /usr/share/hadoop2/share/hadoop/yarn/lib/jetty-6.1.26.jar
7ff711737000-7ff711744000 r--s 00097000 08:01 272938                     /usr/share/hadoop2/share/hadoop/yarn/lib/jackson-mapper-asl-1.8.8.jar
7ff711744000-7ff711757000 r--s 000c7000 08:01 272927                     /usr/share/hadoop2/share/hadoop/yarn/lib/jaxb-impl-2.2.3-1.jar
7ff711757000-7ff71175d000 r--s 00045000 08:01 272952                     /usr/share/hadoop2/share/hadoop/yarn/lib/commons-httpclient-3.1.jar
7ff71175d000-7ff71175e000 r--s 00003000 08:01 272942                     /usr/share/hadoop2/share/hadoop/yarn/lib/jersey-guice-1.9.jar
7ff71175e000-7ff711760000 r--s 00018000 08:01 272925                     /usr/share/hadoop2/share/hadoop/yarn/lib/servlet-api-2.5.jar
7ff711760000-7ff711762000 r--s 00000000 08:01 272945                     /usr/share/hadoop2/share/hadoop/yarn/lib/aopalliance-1.0.jar
7ff711762000-7ff711765000 r--s 000fd000 08:01 272923                     /usr/share/hadoop2/share/hadoop/yarn/lib/leveldbjni-all-1.8.jar
7ff711765000-7ff71176d000 r--s 0007b000 08:01 272924                     /usr/share/hadoop2/share/hadoop/yarn/lib/protobuf-java-2.5.0.jar
7ff71176d000-7ff71177c000 r--s 0009f000 08:01 272917                     /usr/share/hadoop2/share/hadoop/yarn/lib/guice-3.0.jar
7ff71177c000-7ff71177f000 r--s 00017000 08:01 272944                     /usr/share/hadoop2/share/hadoop/yarn/lib/jaxb-api-2.2.2.jar
7ff71177f000-7ff711791000 r--s 0009d000 08:01 272947                     /usr/share/hadoop2/share/hadoop/yarn/lib/jersey-server-1.9.jar
7ff711791000-7ff711793000 r--s 0000e000 08:01 272936                     /usr/share/hadoop2/share/hadoop/yarn/lib/commons-logging-1.1.3.jar
7ff711793000-7ff71179d000 r--s 00066000 08:01 272933                     /usr/share/hadoop2/share/hadoop/yarn/lib/jersey-core-1.9.jar
7ff71179d000-7ff7117a1000 r--s 00014000 08:01 272918                     /usr/share/hadoop2/share/hadoop/yarn/lib/xz-1.0.jar
7ff7117a1000-7ff7117a3000 r--s 0000d000 08:01 272941                     /usr/share/hadoop2/share/hadoop/yarn/lib/commons-codec-1.4.jar
7ff7117a3000-7ff7117a8000 r--s 00041000 08:01 272920                     /usr/share/hadoop2/share/hadoop/yarn/lib/commons-lang-2.6.jar
7ff7117a8000-7ff7117c9000 r--s 00172000 08:01 272940                     /usr/share/hadoop2/share/hadoop/yarn/lib/guava-11.0.2.jar
7ff7117c9000-7ff7117cb000 r--s 0000f000 08:01 272932                     /usr/share/hadoop2/share/hadoop/yarn/lib/jettison-1.1.jar
7ff7117cb000-7ff7117cf000 r--s 00034000 08:01 272926                     /usr/share/hadoop2/share/hadoop/yarn/lib/jackson-core-asl-1.8.8.jar
7ff7117cf000-7ff7117d4000 r--s 00036000 08:01 272922                     /usr/share/hadoop2/share/hadoop/yarn/lib/commons-compress-1.4.1.jar
7ff7117d4000-7ff7117d8000 r--s 0002a000 08:01 272939                     /usr/share/hadoop2/share/hadoop/yarn/lib/commons-io-2.4.jar
7ff7117d8000-7ff7117db000 r--s 0001d000 08:01 272951                     /usr/share/hadoop2/share/hadoop/yarn/lib/jersey-client-1.9.jar
7ff7117db000-7ff7117dd000 r--s 00014000 08:01 272949                     /usr/share/hadoop2/share/hadoop/yarn/lib/jline-0.9.94.jar
7ff7117dd000-7ff7117de000 r--s 00004000 08:01 272935                     /usr/share/hadoop2/share/hadoop/yarn/lib/jackson-jaxrs-1.8.8.jar
7ff7117de000-7ff7117ec000 r--s 0007f000 08:01 272943                     /usr/share/hadoop2/share/hadoop/yarn/lib/commons-collections-3.2.1.jar
7ff7117ec000-7ff7117ef000 r--s 00006000 08:01 272916                     /usr/share/hadoop2/share/hadoop/yarn/lib/jsr305-1.3.9.jar
7ff7117ef000-7ff7117f1000 r--s 0000e000 08:01 272934                     /usr/share/hadoop2/share/hadoop/yarn/lib/guice-servlet-3.0.jar
7ff7117f1000-7ff7117f2000 r--s 00000000 08:01 272929                     /usr/share/hadoop2/share/hadoop/yarn/lib/javax.inject-1.jar
7ff7117f2000-7ff7117f4000 r--s 0000e000 08:01 272950                     /usr/share/hadoop2/share/hadoop/yarn/lib/activation-1.1.jar
7ff7117f4000-7ff7117fd000 r--s 0006f000 08:01 272946                     /usr/share/hadoop2/share/hadoop/yarn/lib/log4j-1.2.17.jar
7ff7117fd000-7ff7117fe000 r--s 00007000 08:01 272937                     /usr/share/hadoop2/share/hadoop/yarn/lib/jackson-xc-1.8.8.jar
7ff7117fe000-7ff711800000 r--s 00004000 08:01 272930                     /usr/share/hadoop2/share/hadoop/yarn/lib/stax-api-1.0-2.jar
7ff711800000-7ff711802000 r--s 00009000 08:01 272931                     /usr/share/hadoop2/share/hadoop/yarn/lib/commons-cli-1.2.jar
7ff711802000-7ff711803000 r--s 0000a000 08:01 272928                     /usr/share/hadoop2/share/hadoop/yarn/lib/asm-3.2.jar
7ff711803000-7ff71180f000 r--s 000b3000 08:01 272948                     /usr/share/hadoop2/share/hadoop/yarn/lib/zookeeper-3.4.5.jar
7ff71180f000-7ff711813000 r--s 00021000 08:01 272921                     /usr/share/hadoop2/share/hadoop/yarn/lib/jersey-json-1.9.jar
7ff711813000-7ff711817000 r--s 00028000 08:01 272915                     /usr/share/hadoop2/share/hadoop/yarn/lib/jetty-util-6.1.26.jar
7ff711817000-7ff711832000 r--s 00257000 08:01 272842                     /usr/share/hadoop2/share/hadoop/hdfs/hadoop-hdfs-2.4.1-tests.jar
7ff711832000-7ff711834000 r--s 00014000 08:01 272850                     /usr/share/hadoop2/share/hadoop/hdfs/hadoop-hdfs-nfs-2.4.1.jar
7ff711834000-7ff71188d000 r--s 0062b000 08:01 272851                     /usr/share/hadoop2/share/hadoop/hdfs/hadoop-hdfs-2.4.1.jar
7ff71188d000-7ff711894000 r--s 0007d000 08:01 272821                     /usr/share/hadoop2/share/hadoop/hdfs/lib/jetty-6.1.26.jar
7ff711894000-7ff7118a1000 r--s 00097000 08:01 272835                     /usr/share/hadoop2/share/hadoop/hdfs/lib/jackson-mapper-asl-1.8.8.jar
7ff7118a1000-7ff7118a3000 r--s 00018000 08:01 272825                     /usr/share/hadoop2/share/hadoop/hdfs/lib/servlet-api-2.5.jar
7ff7118a3000-7ff7118ab000 r--s 0007b000 08:01 272824                     /usr/share/hadoop2/share/hadoop/hdfs/lib/protobuf-java-2.5.0.jar
7ff7118ab000-7ff7118bd000 r--s 0009d000 08:01 272840                     /usr/share/hadoop2/share/hadoop/hdfs/lib/jersey-server-1.9.jar
7ff7118bd000-7ff7118bf000 r--s 0000e000 08:01 272833                     /usr/share/hadoop2/share/hadoop/hdfs/lib/commons-logging-1.1.3.jar
7ff7118bf000-7ff7118c9000 r--s 00066000 08:01 272830                     /usr/share/hadoop2/share/hadoop/hdfs/lib/jersey-core-1.9.jar
7ff7118c9000-7ff7118cb000 r--s 0000d000 08:01 272838                     /usr/share/hadoop2/share/hadoop/hdfs/lib/commons-codec-1.4.jar
7ff7118cb000-7ff7118cc000 r--s 00005000 08:01 272823                     /usr/share/hadoop2/share/hadoop/hdfs/lib/commons-daemon-1.0.13.jar
7ff7118cc000-7ff7118cf000 r--s 00019000 08:01 272831                     /usr/share/hadoop2/share/hadoop/hdfs/lib/commons-el-1.0.jar
7ff7118cf000-7ff7118d4000 r--s 00041000 08:01 272822                     /usr/share/hadoop2/share/hadoop/hdfs/lib/commons-lang-2.6.jar
7ff7118d4000-7ff7118f5000 r--s 00172000 08:01 272837                     /usr/share/hadoop2/share/hadoop/hdfs/lib/guava-11.0.2.jar
7ff7118f5000-7ff7118f9000 r--s 00034000 08:01 272826                     /usr/share/hadoop2/share/hadoop/hdfs/lib/jackson-core-asl-1.8.8.jar
7ff7118f9000-7ff7118fd000 r--s 0002a000 08:01 272836                     /usr/share/hadoop2/share/hadoop/hdfs/lib/commons-io-2.4.jar
7ff7118fd000-7ff7118ff000 r--s 00011000 08:01 272841                     /usr/share/hadoop2/share/hadoop/hdfs/lib/jasper-runtime-5.5.23.jar
7ff7118ff000-7ff711902000 r--s 00006000 08:01 272820                     /usr/share/hadoop2/share/hadoop/hdfs/lib/jsr305-1.3.9.jar
7ff711902000-7ff711903000 r--s 00003000 08:01 272834                     /usr/share/hadoop2/share/hadoop/hdfs/lib/xmlenc-0.52.jar
7ff711903000-7ff71190c000 r--s 0006f000 08:01 272839                     /usr/share/hadoop2/share/hadoop/hdfs/lib/log4j-1.2.17.jar
7ff71190c000-7ff71190e000 r--s 00009000 08:01 272828                     /usr/share/hadoop2/share/hadoop/hdfs/lib/commons-cli-1.2.jar
7ff71190e000-7ff71190f000 r--s 0000a000 08:01 272827                     /usr/share/hadoop2/share/hadoop/hdfs/lib/asm-3.2.jar
7ff71190f000-7ff711926000 r--s 0010e000 08:01 272829                     /usr/share/hadoop2/share/hadoop/hdfs/lib/netty-3.6.2.Final.jar
7ff711926000-7ff711929000 r--s 00016000 08:01 272832                     /usr/share/hadoop2/share/hadoop/hdfs/lib/jsp-api-2.1.jar
7ff711929000-7ff71192d000 r--s 00028000 08:01 272819                     /usr/share/hadoop2/share/hadoop/hdfs/lib/jetty-util-6.1.26.jar
7ff71192d000-7ff711944000 r--s 0015a000 08:01 272429                     /usr/share/hadoop2/share/hadoop/common/hadoop-common-2.4.1-tests.jar
7ff711944000-7ff711971000 r--s 0028b000 08:01 272432                     /usr/share/hadoop2/share/hadoop/common/hadoop-common-2.4.1.jar
7ff711971000-7ff711975000 r--s 00020000 08:01 272490                     /usr/share/hadoop2/share/hadoop/common/hadoop-nfs-2.4.1.jar
7ff711975000-7ff71197c000 r--s 0007d000 08:01 272440                     /usr/share/hadoop2/share/hadoop/common/lib/jetty-6.1.26.jar
7ff71197c000-7ff711989000 r--s 00097000 08:01 272473                     /usr/share/hadoop2/share/hadoop/common/lib/jackson-mapper-asl-1.8.8.jar
7ff711989000-7ff71199c000 r--s 000c7000 08:01 272448                     /usr/share/hadoop2/share/hadoop/common/lib/jaxb-impl-2.2.3-1.jar
7ff71199c000-7ff7119a2000 r--s 00045000 08:01 272489                     /usr/share/hadoop2/share/hadoop/common/lib/commons-httpclient-3.1.jar
7ff7119a2000-7ff7119a4000 r--s 0000b000 08:01 272452                     /usr/share/hadoop2/share/hadoop/common/lib/hadoop-auth-2.4.1.jar
7ff7119a4000-7ff7119aa000 r--s 00034000 08:01 272484                     /usr/share/hadoop2/share/hadoop/common/lib/junit-4.8.2.jar
7ff7119aa000-7ff7119ac000 r--s 00018000 08:01 272446                     /usr/share/hadoop2/share/hadoop/common/lib/servlet-api-2.5.jar
7ff7119ac000-7ff7119b4000 r--s 0007b000 08:01 272445                     /usr/share/hadoop2/share/hadoop/common/lib/protobuf-java-2.5.0.jar
7ff7119b4000-7ff7119b9000 r--s 0002a000 08:01 272434                     /usr/share/hadoop2/share/hadoop/common/lib/commons-beanutils-1.7.0.jar
7ff7119b9000-7ff7119bc000 r--s 00017000 08:01 272479                     /usr/share/hadoop2/share/hadoop/common/lib/jaxb-api-2.2.2.jar
7ff7119bc000-7ff7119ce000 r--s 0009d000 08:01 272482                     /usr/share/hadoop2/share/hadoop/common/lib/jersey-server-1.9.jar
7ff7119ce000-7ff7119d0000 r--s 0000e000 08:01 272468                     /usr/share/hadoop2/share/hadoop/common/lib/commons-logging-1.1.3.jar
7ff7119d0000-7ff7119d2000 r--s 000f2000 08:01 272466                     /usr/share/hadoop2/share/hadoop/common/lib/snappy-java-1.0.4.1.jar
7ff7119d2000-7ff7119d4000 r--s 00005000 08:01 272464                     /usr/share/hadoop2/share/hadoop/common/lib/slf4j-api-1.7.5.jar
7ff7119d4000-7ff7119de000 r--s 00066000 08:01 272462                     /usr/share/hadoop2/share/hadoop/common/lib/jersey-core-1.9.jar
7ff7119de000-7ff7119e2000 r--s 00014000 08:01 272439                     /usr/share/hadoop2/share/hadoop/common/lib/xz-1.0.jar
7ff7119e2000-7ff7119eb000 r--s 0007b000 08:01 272487                     /usr/share/hadoop2/share/hadoop/common/lib/jets3t-0.9.0.jar
7ff7119eb000-7ff711a08000 r--s 0016a000 08:01 272469                     /usr/share/hadoop2/share/hadoop/common/lib/commons-math3-3.1.1.jar
7ff711a08000-7ff711a29000 r--s 00172000 08:01 272475                     /usr/share/hadoop2/share/hadoop/common/lib/guava-11.0.2.jar
7ff711a29000-7ff711a2a000 ---p 00000000 00:00 0 
7ff711a2a000-7ff711b2a000 rw-p 00000000 00:00 0                          [stack:7246]
7ff711b2a000-7ff711b2d000 ---p 00000000 00:00 0 
7ff711b2d000-7ff711c2b000 rw-p 00000000 00:00 0                          [stack:7245]
7ff711c2b000-7ff711c2e000 ---p 00000000 00:00 0 
7ff711c2e000-7ff711d2c000 rw-p 00000000 00:00 0                          [stack:7244]
7ff711d2c000-7ff711d2f000 ---p 00000000 00:00 0 
7ff711d2f000-7ff711e2d000 rw-p 00000000 00:00 0                          [stack:7243]
7ff711e2d000-7ff711e30000 ---p 00000000 00:00 0 
7ff711e30000-7ff711f2e000 rw-p 00000000 00:00 0                          [stack:7242]
7ff711f2e000-7ff712366000 r--p 00000000 08:01 401680                     /usr/lib/locale/locale-archive
7ff712366000-7ff712369000 ---p 00000000 00:00 0 
7ff712369000-7ff712467000 rw-p 00000000 00:00 0                          [stack:7241]
7ff712467000-7ff71246a000 ---p 00000000 00:00 0 
7ff71246a000-7ff712568000 rw-p 00000000 00:00 0                          [stack:7240]
7ff712568000-7ff712569000 ---p 00000000 00:00 0 
7ff712569000-7ff714000000 rw-p 00000000 00:00 0                          [stack:7239]
7ff714000000-7ff714a1c000 rw-p 00000000 00:00 0 
7ff714a1c000-7ff718000000 ---p 00000000 00:00 0 
7ff718000000-7ff718001000 r--s 00004000 08:01 272451                     /usr/share/hadoop2/share/hadoop/common/lib/java-xmlbuilder-0.4.jar
7ff718001000-7ff718003000 r--s 0000d000 08:01 272476                     /usr/share/hadoop2/share/hadoop/common/lib/commons-codec-1.4.jar
7ff718003000-7ff718006000 r--s 00019000 08:01 272463                     /usr/share/hadoop2/share/hadoop/common/lib/commons-el-1.0.jar
7ff718006000-7ff71800a000 r--s 0002f000 08:01 272471                     /usr/share/hadoop2/share/hadoop/common/lib/commons-beanutils-core-1.8.0.jar
7ff71800a000-7ff71800f000 r--s 00041000 08:01 272441                     /usr/share/hadoop2/share/hadoop/common/lib/commons-lang-2.6.jar
7ff71800f000-7ff718018000 r--s 00061000 08:01 272435                     /usr/share/hadoop2/share/hadoop/common/lib/httpclient-4.2.5.jar
7ff718018000-7ff71801a000 r--s 0002d000 08:01 280875                     /usr/share/hadoop2/share/hadoop/common/lib/hadoop-lzo-0.4.20-SNAPSHOT.jar
7ff71801a000-7ff71801c000 r--s 00001000 08:01 272438                     /usr/share/hadoop2/share/hadoop/common/lib/slf4j-log4j12-1.7.5.jar
7ff71801c000-7ff71801e000 r--s 0000f000 08:01 272456                     /usr/share/hadoop2/share/hadoop/common/lib/jettison-1.1.jar
7ff71801e000-7ff718022000 r--s 00034000 08:01 272447                     /usr/share/hadoop2/share/hadoop/common/lib/jackson-core-asl-1.8.8.jar
7ff718022000-7ff718027000 r--s 00036000 08:01 272444                     /usr/share/hadoop2/share/hadoop/common/lib/commons-compress-1.4.1.jar
7ff718027000-7ff71802c000 r--s 0003e000 08:01 272480                     /usr/share/hadoop2/share/hadoop/common/lib/commons-net-3.1.jar
7ff71802c000-7ff718030000 r--s 0002a000 08:01 272474                     /usr/share/hadoop2/share/hadoop/common/lib/commons-io-2.4.jar
7ff718030000-7ff718036000 r--s 00032000 08:01 272460                     /usr/share/hadoop2/share/hadoop/common/lib/httpcore-4.2.5.jar
7ff718036000-7ff71803b000 r--s 0005f000 08:01 272453                     /usr/share/hadoop2/share/hadoop/common/lib/jasper-compiler-5.5.23.jar
7ff71803b000-7ff71803d000 r--s 00011000 08:01 272483                     /usr/share/hadoop2/share/hadoop/common/lib/jasper-runtime-5.5.23.jar
7ff71803d000-7ff71805a000 r--s 0013e000 08:01 272459                     /usr/share/hadoop2/share/hadoop/common/lib/mockito-all-1.8.5.jar
7ff71805a000-7ff718060000 r--s 00043000 08:01 272442                     /usr/share/hadoop2/share/hadoop/common/lib/commons-configuration-1.6.jar
7ff718060000-7ff718061000 r--s 00004000 08:01 272467                     /usr/share/hadoop2/share/hadoop/common/lib/jackson-jaxrs-1.8.8.jar
7ff718061000-7ff71806f000 r--s 0007f000 08:01 272478                     /usr/share/hadoop2/share/hadoop/common/lib/commons-collections-3.2.1.jar
7ff71806f000-7ff718072000 r--s 00006000 08:01 272437                     /usr/share/hadoop2/share/hadoop/common/lib/jsr305-1.3.9.jar
7ff718072000-7ff718074000 r--s 0000e000 08:01 272488                     /usr/share/hadoop2/share/hadoop/common/lib/activation-1.1.jar
7ff718074000-7ff718076000 r--s 00006000 08:01 272461                     /usr/share/hadoop2/share/hadoop/common/lib/paranamer-2.3.jar
7ff718076000-7ff718077000 r--s 00003000 08:01 272470                     /usr/share/hadoop2/share/hadoop/common/lib/xmlenc-0.52.jar
7ff718077000-7ff718080000 r--s 0006f000 08:01 272481                     /usr/share/hadoop2/share/hadoop/common/lib/log4j-1.2.17.jar
7ff718080000-7ff718082000 r--s 00004000 08:01 272454                     /usr/share/hadoop2/share/hadoop/common/lib/stax-api-1.0-2.jar
7ff718082000-7ff718656000 rw-p 00000000 00:00 0 
7ff718656000-7ff718815000 r--s 039eb000 08:01 11099                      /opt/java/jdk1.7.0_75/jre/lib/rt.jar
7ff718815000-7ff718a37000 rw-p 00000000 00:00 0 
7ff718a37000-7ff718a38000 ---p 00000000 00:00 0 
7ff718a38000-7ff718b38000 rw-p 00000000 00:00 0                          [stack:7238]
7ff718b38000-7ff718b39000 ---p 00000000 00:00 0 
7ff718b39000-7ff718c39000 rw-p 00000000 00:00 0                          [stack:7237]
7ff718c39000-7ff718c3a000 ---p 00000000 00:00 0 
7ff718c3a000-7ff718db6000 rw-p 00000000 00:00 0                          [stack:7236]
7ff718db6000-7ff718de5000 rw-p 00000000 00:00 0 
7ff718de5000-7ff719055000 rwxp 00000000 00:00 0 
7ff719055000-7ff71bde5000 rw-p 00000000 00:00 0 
7ff71bde5000-7ff71bdff000 r-xp 00000000 08:01 10442                      /opt/java/jdk1.7.0_75/jre/lib/amd64/libzip.so
7ff71bdff000-7ff71bfff000 ---p 0001a000 08:01 10442                      /opt/java/jdk1.7.0_75/jre/lib/amd64/libzip.so
7ff71bfff000-7ff71c000000 rw-p 0001a000 08:01 10442                      /opt/java/jdk1.7.0_75/jre/lib/amd64/libzip.so
7ff71c000000-7ff71d9cf000 rw-p 00000000 00:00 0 
7ff71d9cf000-7ff720000000 ---p 00000000 00:00 0 
7ff720000000-7ff720007000 r--s 00044000 08:01 272458                     /usr/share/hadoop2/share/hadoop/common/lib/avro-1.7.4.jar
7ff720007000-7ff720009000 r--s 00009000 08:01 272455                     /usr/share/hadoop2/share/hadoop/common/lib/commons-cli-1.2.jar
7ff720009000-7ff720020000 r--s 0010e000 08:01 272457                     /usr/share/hadoop2/share/hadoop/common/lib/netty-3.6.2.Final.jar
7ff720020000-7ff72003a000 rw-p 00000000 00:00 0 
7ff72003a000-7ff720049000 rw-p 00000000 00:00 0 
7ff720049000-7ff720063000 rw-p 00000000 00:00 0 
7ff720063000-7ff720072000 rw-p 00000000 00:00 0 
7ff720072000-7ff7200ee000 rw-p 00000000 00:00 0 
7ff7200ee000-7ff72011c000 rw-p 00000000 00:00 0 
7ff72011c000-7ff720171000 rw-p 00000000 00:00 0 
7ff720171000-7ff720172000 rw-p 00000000 00:00 0 
7ff720172000-7ff720173000 rw-p 00000000 00:00 0 
7ff720173000-7ff72017e000 r-xp 00000000 08:01 267147                     /lib/x86_64-linux-gnu/libnss_files-2.19.so
7ff72017e000-7ff72037d000 ---p 0000b000 08:01 267147                     /lib/x86_64-linux-gnu/libnss_files-2.19.so
7ff72037d000-7ff72037e000 r--p 0000a000 08:01 267147                     /lib/x86_64-linux-gnu/libnss_files-2.19.so
7ff72037e000-7ff72037f000 rw-p 0000b000 08:01 267147                     /lib/x86_64-linux-gnu/libnss_files-2.19.so
7ff72037f000-7ff72038a000 r-xp 00000000 08:01 267856                     /lib/x86_64-linux-gnu/libnss_nis-2.19.so
7ff72038a000-7ff720589000 ---p 0000b000 08:01 267856                     /lib/x86_64-linux-gnu/libnss_nis-2.19.so
7ff720589000-7ff72058a000 r--p 0000a000 08:01 267856                     /lib/x86_64-linux-gnu/libnss_nis-2.19.so
7ff72058a000-7ff72058b000 rw-p 0000b000 08:01 267856                     /lib/x86_64-linux-gnu/libnss_nis-2.19.so
7ff72058b000-7ff7205a2000 r-xp 00000000 08:01 267140                     /lib/x86_64-linux-gnu/libnsl-2.19.so
7ff7205a2000-7ff7207a1000 ---p 00017000 08:01 267140                     /lib/x86_64-linux-gnu/libnsl-2.19.so
7ff7207a1000-7ff7207a2000 r--p 00016000 08:01 267140                     /lib/x86_64-linux-gnu/libnsl-2.19.so
7ff7207a2000-7ff7207a3000 rw-p 00017000 08:01 267140                     /lib/x86_64-linux-gnu/libnsl-2.19.so
7ff7207a3000-7ff7207a5000 rw-p 00000000 00:00 0 
7ff7207a5000-7ff7207ae000 r-xp 00000000 08:01 267850                     /lib/x86_64-linux-gnu/libnss_compat-2.19.so
7ff7207ae000-7ff7209ad000 ---p 00009000 08:01 267850                     /lib/x86_64-linux-gnu/libnss_compat-2.19.so
7ff7209ad000-7ff7209ae000 r--p 00008000 08:01 267850                     /lib/x86_64-linux-gnu/libnss_compat-2.19.so
7ff7209ae000-7ff7209af000 rw-p 00009000 08:01 267850                     /lib/x86_64-linux-gnu/libnss_compat-2.19.so
7ff7209af000-7ff7209d8000 r-xp 00000000 08:01 10408                      /opt/java/jdk1.7.0_75/jre/lib/amd64/libjava.so
7ff7209d8000-7ff720bd8000 ---p 00029000 08:01 10408                      /opt/java/jdk1.7.0_75/jre/lib/amd64/libjava.so
7ff720bd8000-7ff720bda000 rw-p 00029000 08:01 10408                      /opt/java/jdk1.7.0_75/jre/lib/amd64/libjava.so
7ff720bda000-7ff720be7000 r-xp 00000000 08:01 10435                      /opt/java/jdk1.7.0_75/jre/lib/amd64/libverify.so
7ff720be7000-7ff720de6000 ---p 0000d000 08:01 10435                      /opt/java/jdk1.7.0_75/jre/lib/amd64/libverify.so
7ff720de6000-7ff720de8000 rw-p 0000c000 08:01 10435                      /opt/java/jdk1.7.0_75/jre/lib/amd64/libverify.so
7ff720de8000-7ff720def000 r-xp 00000000 08:01 267862                     /lib/x86_64-linux-gnu/librt-2.19.so
7ff720def000-7ff720fee000 ---p 00007000 08:01 267862                     /lib/x86_64-linux-gnu/librt-2.19.so
7ff720fee000-7ff720fef000 r--p 00006000 08:01 267862                     /lib/x86_64-linux-gnu/librt-2.19.so
7ff720fef000-7ff720ff0000 rw-p 00007000 08:01 267862                     /lib/x86_64-linux-gnu/librt-2.19.so
7ff720ff0000-7ff7210f5000 r-xp 00000000 08:01 267139                     /lib/x86_64-linux-gnu/libm-2.19.so
7ff7210f5000-7ff7212f4000 ---p 00105000 08:01 267139                     /lib/x86_64-linux-gnu/libm-2.19.so
7ff7212f4000-7ff7212f5000 r--p 00104000 08:01 267139                     /lib/x86_64-linux-gnu/libm-2.19.so
7ff7212f5000-7ff7212f6000 rw-p 00105000 08:01 267139                     /lib/x86_64-linux-gnu/libm-2.19.so
7ff7212f6000-7ff721e69000 r-xp 00000000 08:01 10462                      /opt/java/jdk1.7.0_75/jre/lib/amd64/server/libjvm.so
7ff721e69000-7ff722069000 ---p 00b73000 08:01 10462                      /opt/java/jdk1.7.0_75/jre/lib/amd64/server/libjvm.so
7ff722069000-7ff72212d000 rw-p 00b73000 08:01 10462                      /opt/java/jdk1.7.0_75/jre/lib/amd64/server/libjvm.so
7ff72212d000-7ff72216e000 rw-p 00000000 00:00 0 
7ff72216e000-7ff722329000 r-xp 00000000 08:01 267858                     /lib/x86_64-linux-gnu/libc-2.19.so
7ff722329000-7ff722529000 ---p 001bb000 08:01 267858                     /lib/x86_64-linux-gnu/libc-2.19.so
7ff722529000-7ff72252d000 r--p 001bb000 08:01 267858                     /lib/x86_64-linux-gnu/libc-2.19.so
7ff72252d000-7ff72252f000 rw-p 001bf000 08:01 267858                     /lib/x86_64-linux-gnu/libc-2.19.so
7ff72252f000-7ff722534000 rw-p 00000000 00:00 0 
7ff722534000-7ff722537000 r-xp 00000000 08:01 267149                     /lib/x86_64-linux-gnu/libdl-2.19.so
7ff722537000-7ff722736000 ---p 00003000 08:01 267149                     /lib/x86_64-linux-gnu/libdl-2.19.so
7ff722736000-7ff722737000 r--p 00002000 08:01 267149                     /lib/x86_64-linux-gnu/libdl-2.19.so
7ff722737000-7ff722738000 rw-p 00003000 08:01 267149                     /lib/x86_64-linux-gnu/libdl-2.19.so
7ff722738000-7ff72274e000 r-xp 00000000 08:01 11147                      /opt/java/jdk1.7.0_75/lib/amd64/jli/libjli.so
7ff72274e000-7ff72294e000 ---p 00016000 08:01 11147                      /opt/java/jdk1.7.0_75/lib/amd64/jli/libjli.so
7ff72294e000-7ff72294f000 rw-p 00016000 08:01 11147                      /opt/java/jdk1.7.0_75/lib/amd64/jli/libjli.so
7ff72294f000-7ff722968000 r-xp 00000000 08:01 267144                     /lib/x86_64-linux-gnu/libpthread-2.19.so
7ff722968000-7ff722b67000 ---p 00019000 08:01 267144                     /lib/x86_64-linux-gnu/libpthread-2.19.so
7ff722b67000-7ff722b68000 r--p 00018000 08:01 267144                     /lib/x86_64-linux-gnu/libpthread-2.19.so
7ff722b68000-7ff722b69000 rw-p 00019000 08:01 267144                     /lib/x86_64-linux-gnu/libpthread-2.19.so
7ff722b69000-7ff722b6d000 rw-p 00000000 00:00 0 
7ff722b6d000-7ff722b90000 r-xp 00000000 08:01 267852                     /lib/x86_64-linux-gnu/ld-2.19.so
7ff722b90000-7ff722b91000 r--s 00007000 08:01 272472                     /usr/share/hadoop2/share/hadoop/common/lib/jackson-xc-1.8.8.jar
7ff722b91000-7ff722b92000 r--s 0000a000 08:01 272449                     /usr/share/hadoop2/share/hadoop/common/lib/asm-3.2.jar
7ff722b92000-7ff722b9e000 r--s 000b3000 08:01 272485                     /usr/share/hadoop2/share/hadoop/common/lib/zookeeper-3.4.5.jar
7ff722b9e000-7ff722ba1000 r--s 0002b000 08:01 272486                     /usr/share/hadoop2/share/hadoop/common/lib/jsch-0.1.42.jar
7ff722ba1000-7ff722ba5000 r--s 00020000 08:01 272477                     /usr/share/hadoop2/share/hadoop/common/lib/commons-digester-1.8.jar
7ff722ba5000-7ff722ba8000 r--s 00016000 08:01 272465                     /usr/share/hadoop2/share/hadoop/common/lib/jsp-api-2.1.jar
7ff722ba8000-7ff722bb2000 rw-p 00000000 00:00 0 
7ff722bb2000-7ff722c68000 rw-p 00000000 00:00 0 
7ff722c68000-7ff722c6b000 ---p 00000000 00:00 0 
7ff722c6b000-7ff722d6d000 rw-p 00000000 00:00 0                          [stack:7235]
7ff722d6d000-7ff722d6f000 r--s 00003000 08:01 272450                     /usr/share/hadoop2/share/hadoop/common/lib/hadoop-annotations-2.4.1.jar
7ff722d6f000-7ff722d73000 r--s 00021000 08:01 272443                     /usr/share/hadoop2/share/hadoop/common/lib/jersey-json-1.9.jar
7ff722d73000-7ff722d77000 r--s 00028000 08:01 272436                     /usr/share/hadoop2/share/hadoop/common/lib/jetty-util-6.1.26.jar
7ff722d77000-7ff722d83000 rw-p 00000000 00:00 0 
7ff722d83000-7ff722d8b000 rw-s 00000000 08:01 1080761                    /tmp/hsperfdata_hduser/7220
7ff722d8b000-7ff722d8c000 rw-p 00000000 00:00 0 
7ff722d8c000-7ff722d8d000 r--p 00000000 00:00 0 
7ff722d8d000-7ff722d8f000 rw-p 00000000 00:00 0 
7ff722d8f000-7ff722d90000 r--p 00022000 08:01 267852                     /lib/x86_64-linux-gnu/ld-2.19.so
7ff722d90000-7ff722d91000 rw-p 00023000 08:01 267852                     /lib/x86_64-linux-gnu/ld-2.19.so
7ff722d91000-7ff722d92000 rw-p 00000000 00:00 0 
7fffce780000-7fffce7a2000 rw-p 00000000 00:00 0                          [stack]
7fffce7fe000-7fffce800000 r-xp 00000000 00:00 0                          [vdso]
ffffffffff600000-ffffffffff601000 r-xp 00000000 00:00 0                  [vsyscall]

VM Arguments:
jvm_args: -Xmx128m -Djava.net.preferIPv4Stack=true -Dhadoop.log.dir=/var/log/hadoop -Dhadoop.log.file=hadoop.log -Dhadoop.home.dir=/usr/share/hadoop2 -Dhadoop.id.str=hduser -Dhadoop.root.logger=INFO,console -Djava.library.path=/mnt/hgfs/mcl-im-seg/target/bin/../native:/usr/share/hadoop2/lib/native -Dhadoop.policy.file=hadoop-policy.xml -Djava.net.preferIPv4Stack=true -Xmx512m -Dhadoop.security.logger=INFO,NullAppender 
java_command: org.apache.hadoop.util.RunJar /mnt/hgfs/mcl-im-seg/target/bin/../mcl-im-seg-jar-with-dependencies.jar bmcl -cm -co --local -zk -i s5/r3_256_n -o tmp -n -v -d
Launcher Type: SUN_STANDARD

Environment Variables:
JAVA_HOME=/opt/java/jdk1.7.0_75
CLASSPATH=/etc/hadoop2:/usr/share/hadoop2/share/hadoop/common/lib/*:/usr/share/hadoop2/share/hadoop/common/*:/usr/share/hadoop2/share/hadoop/hdfs:/usr/share/hadoop2/share/hadoop/hdfs/lib/*:/usr/share/hadoop2/share/hadoop/hdfs/*:/usr/share/hadoop2/share/hadoop/yarn/lib/*:/usr/share/hadoop2/share/hadoop/yarn/*:/usr/share/hadoop2/share/hadoop/mapreduce/lib/*:/usr/share/hadoop2/share/hadoop/mapreduce/*:/contrib/capacity-scheduler/*.jar
PATH=/usr/local/sbin:/usr/local/bin:/usr/sbin:/usr/bin:/sbin:/bin:/usr/games:/usr/local/games:/usr/share/hadoop2/bin:/usr/share/hadoop2/sbin:/usr/share/spark/bin:/mnt/hgfs/mcl-im-seg/target/bin
USERNAME=root
LD_LIBRARY_PATH=:/mnt/hgfs/mcl-im-seg/target/bin/../native:/usr/share/hadoop2/lib/native
SHELL=/bin/bash

Signal Handlers:
SIGSEGV: [libjvm.so+0x9a21f0], sa_mask[0]=0x7ffbfeff, sa_flags=0x10000004
SIGBUS: [libjvm.so+0x9a21f0], sa_mask[0]=0x7ffbfeff, sa_flags=0x10000004
SIGFPE: [libjvm.so+0x81ba40], sa_mask[0]=0x7ffbfeff, sa_flags=0x10000004
SIGPIPE: [libjvm.so+0x81ba40], sa_mask[0]=0x7ffbfeff, sa_flags=0x10000004
SIGXFSZ: [libjvm.so+0x81ba40], sa_mask[0]=0x7ffbfeff, sa_flags=0x10000004
SIGILL: [libjvm.so+0x81ba40], sa_mask[0]=0x7ffbfeff, sa_flags=0x10000004
SIGUSR1: SIG_DFL, sa_mask[0]=0x00000000, sa_flags=0x00000000
SIGUSR2: [libjvm.so+0x81d240], sa_mask[0]=0x00000000, sa_flags=0x10000004
SIGHUP: [libjvm.so+0x81e360], sa_mask[0]=0x7ffbfeff, sa_flags=0x10000004
SIGINT: [libjvm.so+0x81e360], sa_mask[0]=0x7ffbfeff, sa_flags=0x10000004
SIGTERM: [libjvm.so+0x81e360], sa_mask[0]=0x7ffbfeff, sa_flags=0x10000004
SIGQUIT: [libjvm.so+0x81e360], sa_mask[0]=0x7ffbfeff, sa_flags=0x10000004


---------------  S Y S T E M  ---------------

OS:jessie/sid

uname:Linux 3.13.0-24-generic #47-Ubuntu SMP Fri May 2 23:30:00 UTC 2014 x86_64
libc:glibc 2.19 NPTL 2.19 
rlimit: STACK 8192k, CORE 0k, NPROC 23779, NOFILE 4096, AS infinity
load average:0,59 0,19 0,11

/proc/meminfo:
MemTotal:        3074916 kB
MemFree:          486560 kB
Buffers:          155644 kB
Cached:          1236424 kB
SwapCached:         7644 kB
Active:          1405808 kB
Inactive:         887540 kB
Active(anon):     880288 kB
Inactive(anon):    21132 kB
Active(file):     525520 kB
Inactive(file):   866408 kB
Unevictable:           0 kB
Mlocked:               0 kB
SwapTotal:       2094076 kB
SwapFree:        2055644 kB
Dirty:             23472 kB
Writeback:             0 kB
AnonPages:        897068 kB
Mapped:            31300 kB
Shmem:               168 kB
Slab:             178152 kB
SReclaimable:     145068 kB
SUnreclaim:        33084 kB
KernelStack:        4456 kB
PageTables:        10604 kB
NFS_Unstable:          0 kB
Bounce:                0 kB
WritebackTmp:          0 kB
CommitLimit:     3631532 kB
Committed_AS:    1350568 kB
VmallocTotal:   34359738367 kB
VmallocUsed:      182100 kB
VmallocChunk:   34359495372 kB
HardwareCorrupted:     0 kB
AnonHugePages:    720896 kB
HugePages_Total:       0
HugePages_Free:        0
HugePages_Rsvd:        0
HugePages_Surp:        0
Hugepagesize:       2048 kB
DirectMap4k:       59264 kB
DirectMap2M:     3086336 kB


CPU:total 3 (3 cores per cpu, 1 threads per core) family 6 model 42 stepping 7, cmov, cx8, fxsr, mmx, sse, sse2, sse3, ssse3, sse4.1, sse4.2, popcnt, avx, aes, tsc, tscinvbit

/proc/cpuinfo:
processor	: 0
vendor_id	: GenuineIntel
cpu family	: 6
model		: 42
model name	: Intel(R) Core(TM) i5-2430M CPU @ 2.40GHz
stepping	: 7
microcode	: 0x28
cpu MHz		: 2394.564
cache size	: 3072 KB
physical id	: 0
siblings	: 3
core id		: 0
cpu cores	: 3
apicid		: 0
initial apicid	: 0
fpu		: yes
fpu_exception	: yes
cpuid level	: 13
wp		: yes
flags		: fpu vme de pse tsc msr pae mce cx8 apic sep mtrr pge mca cmov pat pse36 clflush dts mmx fxsr sse sse2 ss ht syscall nx rdtscp lm constant_tsc arch_perfmon pebs bts nopl xtopology tsc_reliable nonstop_tsc aperfmperf eagerfpu pni pclmulqdq vmx ssse3 cx16 pcid sse4_1 sse4_2 x2apic popcnt aes xsave avx hypervisor lahf_lm ida arat epb xsaveopt pln pts dtherm tpr_shadow vnmi ept vpid
bogomips	: 4789.12
clflush size	: 64
cache_alignment	: 64
address sizes	: 40 bits physical, 48 bits virtual
power management:

processor	: 1
vendor_id	: GenuineIntel
cpu family	: 6
model		: 42
model name	: Intel(R) Core(TM) i5-2430M CPU @ 2.40GHz
stepping	: 7
microcode	: 0x28
cpu MHz		: 2394.564
cache size	: 3072 KB
physical id	: 0
siblings	: 3
core id		: 1
cpu cores	: 3
apicid		: 1
initial apicid	: 1
fpu		: yes
fpu_exception	: yes
cpuid level	: 13
wp		: yes
flags		: fpu vme de pse tsc msr pae mce cx8 apic sep mtrr pge mca cmov pat pse36 clflush dts mmx fxsr sse sse2 ss ht syscall nx rdtscp lm constant_tsc arch_perfmon pebs bts nopl xtopology tsc_reliable nonstop_tsc aperfmperf eagerfpu pni pclmulqdq vmx ssse3 cx16 pcid sse4_1 sse4_2 x2apic popcnt aes xsave avx hypervisor lahf_lm ida arat epb xsaveopt pln pts dtherm tpr_shadow vnmi ept vpid
bogomips	: 4789.12
clflush size	: 64
cache_alignment	: 64
address sizes	: 40 bits physical, 48 bits virtual
power management:

processor	: 2
vendor_id	: GenuineIntel
cpu family	: 6
model		: 42
model name	: Intel(R) Core(TM) i5-2430M CPU @ 2.40GHz
stepping	: 7
microcode	: 0x28
cpu MHz		: 2394.564
cache size	: 3072 KB
physical id	: 0
siblings	: 3
core id		: 2
cpu cores	: 3
apicid		: 2
initial apicid	: 2
fpu		: yes
fpu_exception	: yes
cpuid level	: 13
wp		: yes
flags		: fpu vme de pse tsc msr pae mce cx8 apic sep mtrr pge mca cmov pat pse36 clflush dts mmx fxsr sse sse2 ss ht syscall nx rdtscp lm constant_tsc arch_perfmon pebs bts nopl xtopology tsc_reliable nonstop_tsc aperfmperf eagerfpu pni pclmulqdq vmx ssse3 cx16 pcid sse4_1 sse4_2 x2apic popcnt aes xsave avx hypervisor lahf_lm ida arat epb xsaveopt pln pts dtherm tpr_shadow vnmi ept vpid
bogomips	: 4789.12
clflush size	: 64
cache_alignment	: 64
address sizes	: 40 bits physical, 48 bits virtual
power management:



Memory: 4k page, physical 3074916k(486560k free), swap 2094076k(2055644k free)

vm_info: Java HotSpot(TM) 64-Bit Server VM (24.75-b04) for linux-amd64 JRE (1.7.0_75-b13), built on Dec 18 2014 16:45:18 by "java_re" with gcc 4.3.0 20080428 (Red Hat 4.3.0-8)

time: Fri Feb 27 18:28:34 2015
elapsed time: 7 seconds

