#
# A fatal error has been detected by the Java Runtime Environment:
#
#  SIGSEGV (0xb) at pc=0x00007fc687df7a87, pid=31475, tid=140490732222208
#
# JRE version: Java(TM) SE Runtime Environment (7.0_75-b13) (build 1.7.0_75-b13)
# Java VM: Java HotSpot(TM) 64-Bit Server VM (24.75-b04 mixed mode linux-amd64 compressed oops)
# Problematic frame:
# C  [libmclnative.so+0x2a87]  itemValComp+0x19
#
# Failed to write core dump. Core dumps have been disabled. To enable core dumping, try "ulimit -c unlimited" before starting Java again
#
# If you would like to submit a bug report, please visit:
#   http://bugreport.sun.com/bugreport/crash.jsp
# The crash happened outside the Java Virtual Machine in native code.
# See problematic frame for where to report the bug.
#

---------------  T H R E A D  ---------------

Current thread (0x000000000164f000):  JavaThread "pool-11-thread-1" [_thread_in_native, id=31579, stack(0x00007fc68c203000,0x00007fc68c304000)]

siginfo:si_signo=SIGSEGV: si_errno=0, si_code=1 (SEGV_MAPERR), si_addr=0x0000000000000008

Registers:
RAX=0x0000000000000000, RBX=0x00000000dc642c10, RCX=0x0000000000000000, RDX=0x000000001a0f7215
RSP=0x00007fc68c302220, RBP=0x00007fc68c302220, RSI=0x0000000000000000, RDI=0x000000001a0f7215
R8 =0x0000000000000001, R9 =0x0000000000000318, R10=0x000000003bf24cde, R11=0x00007fc69f2926f0
R12=0x0000000000000000, R13=0x00000000dc642c10, R14=0x00007fc68c302418, R15=0x000000000164f000
RIP=0x00007fc687df7a87, EFLAGS=0x0000000000010206, CSGSFS=0x0000000000000033, ERR=0x0000000000000004
  TRAPNO=0x000000000000000e

Top of Stack: (sp=0x00007fc68c302220)
0x00007fc68c302220:   00007fc68c302250 00007fc687dfb0cb
0x00007fc68c302230:   00000000019f5b00 00000000019f5b00
0x00007fc68c302240:   00000000019f53e0 00000000019f1790
0x00007fc68c302250:   00007fc68c302280 00007fc687dfb54b
0x00007fc68c302260:   000000001a0f7215 00000000019f1790
0x00007fc68c302270:   00007fc68c302308 00000000019f53e0
0x00007fc68c302280:   00007fc68c3022c0 00007fc687dfa370
0x00007fc68c302290:   0000000000000032 0000000000000032
0x00007fc68c3022a0:   00000000019f1790 0000000001652860
0x00007fc68c3022b0:   000000001a0f7215 000000001a0f7765
0x00007fc68c3022c0:   00007fc68c302350 00007fc687df8b5a
0x00007fc68c3022d0:   00007fc600000005 4000000038d1b717
0x00007fc68c3022e0:   00000000019f1720 00000000019f1760
0x00007fc68c3022f0:   00000000dc642c10 38d1b7170000033c
0x00007fc68c302300:   3fa51222da2e0000 3fb61d60c0000000
0x00007fc68c302310:   00000000019f1760 00000000019f1790
0x00007fc68c302320:   0000000001652860 0000000019e0e705
0x00007fc68c302330:   0000000019e0e709 0000000019e11e85
0x00007fc68c302340:   0000000019e0eac1 400217bbf18c1000
0x00007fc68c302350:   00007fc68c302390 00007fc687df805a
0x00007fc68c302360:   00007fc68c302410 00007fc68c302418
0x00007fc68c302370:   00007fc68c302400 000000000164f1e8
0x00007fc68c302380:   00000000019f1720 00000000019f1760
0x00007fc68c302390:   00007fc68c3023f0 00007fc695012d98
0x00007fc68c3023a0:   000000000164f000 00007fc68c302470
0x00007fc68c3023b0:   00007fc68c3023b0 00000000dc642c10
0x00007fc68c3023c0:   00007fc68c302418 00000000dc643140
0x00007fc68c3023d0:   0000000000000000 00000000dc642c10
0x00007fc68c3023e0:   0000000000000000 00007fc68c302410
0x00007fc68c3023f0:   00007fc68c302460 00007fc695006058
0x00007fc68c302400:   00000000e04106f0 00007fc69500ecd8
0x00007fc68c302410:   00000000fd9599f0 00000000fd968908 

Instructions: (pc=0x00007fc687df7a87)
0x00007fc687df7a67:   c0 29 c2 89 d0 5d c3 55 48 89 e5 48 89 7d f8 48
0x00007fc687df7a77:   89 75 f0 48 8b 45 f8 f3 0f 10 40 08 48 8b 45 f0
0x00007fc687df7a87:   f3 0f 10 48 08 0f 2e c1 0f 97 c0 0f b6 d0 48 8b
0x00007fc687df7a97:   45 f8 f3 0f 10 48 08 48 8b 45 f0 f3 0f 10 40 08 

Register to memory mapping:

RAX=0x0000000000000000 is an unknown value
RBX=0x00000000dc642c10 is an oop
{method} 
 - klass: {other class}
RCX=0x0000000000000000 is an unknown value
RDX=0x000000001a0f7215 is an unknown value
RSP=0x00007fc68c302220 is pointing into the stack for thread: 0x000000000164f000
RBP=0x00007fc68c302220 is pointing into the stack for thread: 0x000000000164f000
RSI=0x0000000000000000 is an unknown value
RDI=0x000000001a0f7215 is an unknown value
R8 =0x0000000000000001 is an unknown value
R9 =0x0000000000000318 is an unknown value
R10=0x000000003bf24cde is an unknown value
R11=0x00007fc69f2926f0: <offset 0x1886f0> in /lib/x86_64-linux-gnu/libc.so.6 at 0x00007fc69f10a000
R12=0x0000000000000000 is an unknown value
R13=0x00000000dc642c10 is an oop
{method} 
 - klass: {other class}
R14=0x00007fc68c302418 is pointing into the stack for thread: 0x000000000164f000
R15=0x000000000164f000 is a thread


Stack: [0x00007fc68c203000,0x00007fc68c304000],  sp=0x00007fc68c302220,  free space=1020k
Native frames: (J=compiled Java code, j=interpreted, Vv=VM code, C=native code)
C  [libmclnative.so+0x2a87]  itemValComp+0x19
C  [libmclnative.so+0x60cb]  hpiCmp+0x32
C  [libmclnative.so+0x654b]  heapInsert+0xe2
C  [libmclnative.so+0x5370]  vecSelectionPrune+0x4e
C  [libmclnative.so+0x3b5a]  sliceInflateAndPrune+0x268
C  [libmclnative.so+0x305a]  Java_io_writables_nat_NativeCSCSliceHelper_inflateAndPrune+0x6c
j  io.writables.nat.NativeCSCSliceHelper.inflateAndPrune(Ljava/nio/ByteBuffer;Lmapred/MCLStats;)V+0
j  io.writables.nat.NativeCSCSlice.inflateAndPrune(Lmapred/MCLStats;)V+5
j  mapred.job.MCLStep$MCLReducer.reduce(Lio/writables/SliceId;Ljava/lang/Iterable;Lorg/apache/hadoop/mapreduce/Reducer$Context;)V+100
j  mapred.job.MCLStep$MCLReducer.reduce(Ljava/lang/Object;Ljava/lang/Iterable;Lorg/apache/hadoop/mapreduce/Reducer$Context;)V+13
j  org.apache.hadoop.mapreduce.Reducer.run(Lorg/apache/hadoop/mapreduce/Reducer$Context;)V+22
j  org.apache.hadoop.mapred.ReduceTask.runNewReducer(Lorg/apache/hadoop/mapred/JobConf;Lorg/apache/hadoop/mapred/TaskUmbilicalProtocol;Lorg/apache/hadoop/mapred/Task$TaskReporter;Lorg/apache/hadoop/mapred/RawKeyValueIterator;Lorg/apache/hadoop/io/RawComparator;Ljava/lang/Class;Ljava/lang/Class;)V+119
j  org.apache.hadoop.mapred.ReduceTask.run(Lorg/apache/hadoop/mapred/JobConf;Lorg/apache/hadoop/mapred/TaskUmbilicalProtocol;)V+384
j  org.apache.hadoop.mapred.LocalJobRunner$Job$ReduceTaskRunnable.run()V+207
j  java.util.concurrent.Executors$RunnableAdapter.call()Ljava/lang/Object;+4
j  java.util.concurrent.FutureTask.run()V+42
j  java.util.concurrent.ThreadPoolExecutor.runWorker(Ljava/util/concurrent/ThreadPoolExecutor$Worker;)V+95
j  java.util.concurrent.ThreadPoolExecutor$Worker.run()V+5
j  java.lang.Thread.run()V+11
v  ~StubRoutines::call_stub
V  [libjvm.so+0x600045]  JavaCalls::call_helper(JavaValue*, methodHandle*, JavaCallArguments*, Thread*)+0x365
V  [libjvm.so+0x5feaa8]  JavaCalls::call(JavaValue*, methodHandle, JavaCallArguments*, Thread*)+0x28
V  [libjvm.so+0x5fed77]  JavaCalls::call_virtual(JavaValue*, KlassHandle, Symbol*, Symbol*, JavaCallArguments*, Thread*)+0x197
V  [libjvm.so+0x5fee97]  JavaCalls::call_virtual(JavaValue*, Handle, KlassHandle, Symbol*, Symbol*, Thread*)+0x47
V  [libjvm.so+0x67beb5]  thread_entry(JavaThread*, Thread*)+0xe5
V  [libjvm.so+0x95a71f]  JavaThread::thread_main_inner()+0xdf
V  [libjvm.so+0x95a825]  JavaThread::run()+0xf5
V  [libjvm.so+0x820b88]  java_start(Thread*)+0x108

Java frames: (J=compiled Java code, j=interpreted, Vv=VM code)
j  io.writables.nat.NativeCSCSliceHelper.inflateAndPrune(Ljava/nio/ByteBuffer;Lmapred/MCLStats;)V+0
j  io.writables.nat.NativeCSCSlice.inflateAndPrune(Lmapred/MCLStats;)V+5
j  mapred.job.MCLStep$MCLReducer.reduce(Lio/writables/SliceId;Ljava/lang/Iterable;Lorg/apache/hadoop/mapreduce/Reducer$Context;)V+100
j  mapred.job.MCLStep$MCLReducer.reduce(Ljava/lang/Object;Ljava/lang/Iterable;Lorg/apache/hadoop/mapreduce/Reducer$Context;)V+13
j  org.apache.hadoop.mapreduce.Reducer.run(Lorg/apache/hadoop/mapreduce/Reducer$Context;)V+22
j  org.apache.hadoop.mapred.ReduceTask.runNewReducer(Lorg/apache/hadoop/mapred/JobConf;Lorg/apache/hadoop/mapred/TaskUmbilicalProtocol;Lorg/apache/hadoop/mapred/Task$TaskReporter;Lorg/apache/hadoop/mapred/RawKeyValueIterator;Lorg/apache/hadoop/io/RawComparator;Ljava/lang/Class;Ljava/lang/Class;)V+119
j  org.apache.hadoop.mapred.ReduceTask.run(Lorg/apache/hadoop/mapred/JobConf;Lorg/apache/hadoop/mapred/TaskUmbilicalProtocol;)V+384
j  org.apache.hadoop.mapred.LocalJobRunner$Job$ReduceTaskRunnable.run()V+207
j  java.util.concurrent.Executors$RunnableAdapter.call()Ljava/lang/Object;+4
j  java.util.concurrent.FutureTask.run()V+42
j  java.util.concurrent.ThreadPoolExecutor.runWorker(Ljava/util/concurrent/ThreadPoolExecutor$Worker;)V+95
j  java.util.concurrent.ThreadPoolExecutor$Worker.run()V+5
j  java.lang.Thread.run()V+11
v  ~StubRoutines::call_stub

---------------  P R O C E S S  ---------------

Java Threads: ( => current thread )
  0x0000000001816000 JavaThread "LeaseRenewer:hduser@192.168.233.128:8020" daemon [_thread_blocked, id=31587, stack(0x00007fc68cd87000,0x00007fc68ce88000)]
  0x0000000001815800 JavaThread "Thread-35" daemon [_thread_blocked, id=31586, stack(0x00007fc687bf3000,0x00007fc687cf4000)]
  0x00000000019f4800 JavaThread "communication thread" daemon [_thread_blocked, id=31580, stack(0x00007fc68c102000,0x00007fc68c203000)]
=>0x000000000164f000 JavaThread "pool-11-thread-1" [_thread_in_native, id=31579, stack(0x00007fc68c203000,0x00007fc68c304000)]
  0x00000000014e0000 JavaThread "IPC Parameter Sending Thread #1" daemon [_thread_blocked, id=31578, stack(0x00007fc68c983000,0x00007fc68ca84000)]
  0x0000000001697000 JavaThread "IPC Client (12655824) connection to /192.168.233.128:8020 from hduser" daemon [_thread_blocked, id=31577, stack(0x00007fc687cf4000,0x00007fc687df5000)]
  0x00007fc699158800 JavaThread "Thread-27" [_thread_blocked, id=31558, stack(0x00007fc68c304000,0x00007fc68c405000)]
  0x00007fc699137800 JavaThread "main-EventThread" daemon [_thread_blocked, id=31556, stack(0x00007fc68ca84000,0x00007fc68cb85000)]
  0x00007fc6981c4800 JavaThread "main-SendThread(mint-vm:2181)" daemon [_thread_in_native, id=31555, stack(0x00007fc68c882000,0x00007fc68c983000)]
  0x00007fc690045000 JavaThread "Readahead Thread #3" daemon [_thread_blocked, id=31545, stack(0x00007fc68c001000,0x00007fc68c102000)]
  0x00007fc6906de800 JavaThread "Readahead Thread #2" daemon [_thread_blocked, id=31544, stack(0x00007fc6878f0000,0x00007fc6879f1000)]
  0x00007fc6906dc800 JavaThread "Readahead Thread #1" daemon [_thread_blocked, id=31543, stack(0x00007fc6879f1000,0x00007fc687af2000)]
  0x00007fc6904f4800 JavaThread "Readahead Thread #0" daemon [_thread_blocked, id=31542, stack(0x00007fc687af2000,0x00007fc687bf3000)]
  0x00007fc698e34800 JavaThread "org.apache.hadoop.hdfs.PeerCache@33fba86" daemon [_thread_blocked, id=31515, stack(0x00007fc68cb85000,0x00007fc68cc86000)]
  0x00007fc698f3c000 JavaThread "Thread-4" daemon [_thread_in_native, id=31511, stack(0x00007fc68d4cc000,0x00007fc68d5cd000)]
  0x0000000001502800 JavaThread "ProcessThread(sid:0 cport:-1):" daemon [_thread_blocked, id=31510, stack(0x00007fc68d7d1000,0x00007fc68d8d2000)]
  0x0000000001429800 JavaThread "SyncThread:0" daemon [_thread_blocked, id=31509, stack(0x00007fc68d8d2000,0x00007fc68d9d3000)]
  0x00000000014a8000 JavaThread "SessionTracker" daemon [_thread_blocked, id=31508, stack(0x00007fc68d9d3000,0x00007fc68dad4000)]
  0x000000000137d800 JavaThread "NIOServerCxn.Factory:0.0.0.0/0.0.0.0:2181" daemon [_thread_in_native, id=31507, stack(0x00007fc68dcdc000,0x00007fc68dddd000)]
  0x00007fc6988dd000 JavaThread "Thread-3" daemon [_thread_blocked, id=31506, stack(0x00007fc68dddd000,0x00007fc68dede000)]
  0x00007fc69809e000 JavaThread "Service Thread" daemon [_thread_blocked, id=31500, stack(0x00007fc68ea6d000,0x00007fc68eb6e000)]
  0x00007fc69809b000 JavaThread "C2 CompilerThread1" daemon [_thread_blocked, id=31499, stack(0x00007fc68eb6e000,0x00007fc68ec6f000)]
  0x00007fc698098000 JavaThread "C2 CompilerThread0" daemon [_thread_blocked, id=31498, stack(0x00007fc68ec6f000,0x00007fc68ed70000)]
  0x00007fc698096000 JavaThread "Signal Dispatcher" daemon [_thread_blocked, id=31497, stack(0x00007fc6940bd000,0x00007fc6941be000)]
  0x00007fc698073800 JavaThread "Finalizer" daemon [_thread_blocked, id=31496, stack(0x00007fc6945f6000,0x00007fc6946f7000)]
  0x00007fc698071800 JavaThread "Reference Handler" daemon [_thread_blocked, id=31495, stack(0x00007fc6946f7000,0x00007fc6947f8000)]
  0x00007fc69800f800 JavaThread "main" [_thread_blocked, id=31490, stack(0x00007fc69fc04000,0x00007fc69fd05000)]

Other Threads:
  0x00007fc69806d000 VMThread [stack: 0x00007fc6947f8000,0x00007fc6948f9000] [id=31494]
  0x00007fc6980d5000 WatcherThread [stack: 0x00007fc68e96c000,0x00007fc68ea6d000] [id=31501]

VM state:not at safepoint (normal execution)

VM Mutex/Monitor currently owned by a thread: None

Heap
 PSYoungGen      total 162304K, used 138886K [0x00000000f5500000, 0x0000000100000000, 0x0000000100000000)
  eden space 149504K, 92% used [0x00000000f5500000,0x00000000fdca1998,0x00000000fe700000)
  from space 12800K, 0% used [0x00000000ff380000,0x00000000ff380000,0x0000000100000000)
  to   space 12800K, 0% used [0x00000000fe700000,0x00000000fe700000,0x00000000ff380000)
 ParOldGen       total 300544K, used 218610K [0x00000000e0000000, 0x00000000f2580000, 0x00000000f5500000)
  object space 300544K, 72% used [0x00000000e0000000,0x00000000ed57cb50,0x00000000f2580000)
 PSPermGen       total 53248K, used 26422K [0x00000000dae00000, 0x00000000de200000, 0x00000000e0000000)
  object space 53248K, 49% used [0x00000000dae00000,0x00000000dc7cd908,0x00000000de200000)

Card table byte_map: [0x00007fc69cdca000,0x00007fc69cef4000] byte_map_base: 0x00007fc69c6f3000

Polling page: 0x00007fc69fd28000

Code Cache  [0x00007fc695000000, 0x00007fc695270000, 0x00007fc698000000)
 total_blobs=1122 nmethods=667 adapters=408 free_code_cache=46996Kb largest_free_block=48044736

Compilation events (10 events):
Event: 121,061 Thread 0x00007fc698098000  691             java.util.HashMap::putForCreate (101 bytes)
Event: 121,072 Thread 0x00007fc698098000 nmethod 691 0x00007fc6950f3d50 code [0x00007fc6950f3ee0, 0x00007fc6950f42e8]
Event: 121,172 Thread 0x00007fc69809b000  692             sun.misc.IoTrace::fileWriteBegin (2 bytes)
Event: 121,172 Thread 0x00007fc698098000  693             sun.misc.IoTrace::fileWriteEnd (1 bytes)
Event: 121,172 Thread 0x00007fc698098000 nmethod 693 0x00007fc695068250 code [0x00007fc695068380, 0x00007fc6950683b8]
Event: 121,172 Thread 0x00007fc69809b000 nmethod 692 0x00007fc6950acd10 code [0x00007fc6950ace40, 0x00007fc6950ace78]
Event: 121,224 Thread 0x00007fc69809b000  694   !         java.io.FileOutputStream::write (51 bytes)
Event: 121,225 Thread 0x00007fc69809b000 nmethod 694 0x00007fc6950efad0 code [0x00007fc6950efc20, 0x00007fc6950efca8]
Event: 121,248 Thread 0x00007fc698098000  696   !         org.apache.hadoop.fs.FileSystem$Statistics::getThreadData (84 bytes)
Event: 121,262 Thread 0x00007fc698098000 nmethod 696 0x00007fc6950ea5d0 code [0x00007fc6950ea7a0, 0x00007fc6950eafd0]

GC Heap History (10 events):
Event: 45,698 GC heap before
{Heap before GC invocations=16 (full 2):
 PSYoungGen      total 162816K, used 162461K [0x00000000f5500000, 0x0000000100000000, 0x0000000100000000)
  eden space 152576K, 99% used [0x00000000f5500000,0x00000000fe9c6aa0,0x00000000fea00000)
  from space 10240K, 98% used [0x00000000fea00000,0x00000000ff3e0b20,0x00000000ff400000)
  to   space 12288K, 0% used [0x00000000ff400000,0x00000000ff400000,0x0000000100000000)
 ParOldGen       total 300544K, used 227681K [0x00000000e0000000, 0x00000000f2580000, 0x00000000f5500000)
  object space 300544K, 75% used [0x00000000e0000000,0x00000000ede58670,0x00000000f2580000)
 PSPermGen       total 56832K, used 26372K [0x00000000dae00000, 0x00000000de580000, 0x00000000e0000000)
  object space 56832K, 46% used [0x00000000dae00000,0x00000000dc7c10d8,0x00000000de580000)
Event: 45,708 GC heap after
Heap after GC invocations=16 (full 2):
 PSYoungGen      total 161792K, used 9510K [0x00000000f5500000, 0x0000000100000000, 0x0000000100000000)
  eden space 149504K, 0% used [0x00000000f5500000,0x00000000f5500000,0x00000000fe700000)
  from space 12288K, 77% used [0x00000000ff400000,0x00000000ffd49a08,0x0000000100000000)
  to   space 12800K, 0% used [0x00000000fe700000,0x00000000fe700000,0x00000000ff380000)
 ParOldGen       total 300544K, used 227681K [0x00000000e0000000, 0x00000000f2580000, 0x00000000f5500000)
  object space 300544K, 75% used [0x00000000e0000000,0x00000000ede58670,0x00000000f2580000)
 PSPermGen       total 56832K, used 26372K [0x00000000dae00000, 0x00000000de580000, 0x00000000e0000000)
  object space 56832K, 46% used [0x00000000dae00000,0x00000000dc7c10d8,0x00000000de580000)
}
Event: 45,708 GC heap before
{Heap before GC invocations=17 (full 3):
 PSYoungGen      total 161792K, used 9510K [0x00000000f5500000, 0x0000000100000000, 0x0000000100000000)
  eden space 149504K, 0% used [0x00000000f5500000,0x00000000f5500000,0x00000000fe700000)
  from space 12288K, 77% used [0x00000000ff400000,0x00000000ffd49a08,0x0000000100000000)
  to   space 12800K, 0% used [0x00000000fe700000,0x00000000fe700000,0x00000000ff380000)
 ParOldGen       total 300544K, used 227681K [0x00000000e0000000, 0x00000000f2580000, 0x00000000f5500000)
  object space 300544K, 75% used [0x00000000e0000000,0x00000000ede58670,0x00000000f2580000)
 PSPermGen       total 56832K, used 26372K [0x00000000dae00000, 0x00000000de580000, 0x00000000e0000000)
  object space 56832K, 46% used [0x00000000dae00000,0x00000000dc7c10d8,0x00000000de580000)
Event: 45,844 GC heap after
Heap after GC invocations=17 (full 3):
 PSYoungGen      total 161792K, used 0K [0x00000000f5500000, 0x0000000100000000, 0x0000000100000000)
  eden space 149504K, 0% used [0x00000000f5500000,0x00000000f5500000,0x00000000fe700000)
  from space 12288K, 0% used [0x00000000ff400000,0x00000000ff400000,0x0000000100000000)
  to   space 12800K, 0% used [0x00000000fe700000,0x00000000fe700000,0x00000000ff380000)
 ParOldGen       total 300544K, used 218608K [0x00000000e0000000, 0x00000000f2580000, 0x00000000f5500000)
  object space 300544K, 72% used [0x00000000e0000000,0x00000000ed57c2b8,0x00000000f2580000)
 PSPermGen       total 55296K, used 26371K [0x00000000dae00000, 0x00000000de400000, 0x00000000e0000000)
  object space 55296K, 47% used [0x00000000dae00000,0x00000000dc7c0dc8,0x00000000de400000)
}
Event: 70,409 GC heap before
{Heap before GC invocations=18 (full 3):
 PSYoungGen      total 161792K, used 149394K [0x00000000f5500000, 0x0000000100000000, 0x0000000100000000)
  eden space 149504K, 99% used [0x00000000f5500000,0x00000000fe6e49c0,0x00000000fe700000)
  from space 12288K, 0% used [0x00000000ff400000,0x00000000ff400000,0x0000000100000000)
  to   space 12800K, 0% used [0x00000000fe700000,0x00000000fe700000,0x00000000ff380000)
 ParOldGen       total 300544K, used 218608K [0x00000000e0000000, 0x00000000f2580000, 0x00000000f5500000)
  object space 300544K, 72% used [0x00000000e0000000,0x00000000ed57c2b8,0x00000000f2580000)
 PSPermGen       total 55296K, used 26390K [0x00000000dae00000, 0x00000000de400000, 0x00000000e0000000)
  object space 55296K, 47% used [0x00000000dae00000,0x00000000dc7c5ae8,0x00000000de400000)
Event: 70,414 GC heap after
Heap after GC invocations=18 (full 3):
 PSYoungGen      total 162304K, used 2396K [0x00000000f5500000, 0x0000000100000000, 0x0000000100000000)
  eden space 149504K, 0% used [0x00000000f5500000,0x00000000f5500000,0x00000000fe700000)
  from space 12800K, 18% used [0x00000000fe700000,0x00000000fe957340,0x00000000ff380000)
  to   space 12800K, 0% used [0x00000000ff380000,0x00000000ff380000,0x0000000100000000)
 ParOldGen       total 300544K, used 218608K [0x00000000e0000000, 0x00000000f2580000, 0x00000000f5500000)
  object space 300544K, 72% used [0x00000000e0000000,0x00000000ed57c2b8,0x00000000f2580000)
 PSPermGen       total 55296K, used 26390K [0x00000000dae00000, 0x00000000de400000, 0x00000000e0000000)
  object space 55296K, 47% used [0x00000000dae00000,0x00000000dc7c5ae8,0x00000000de400000)
}
Event: 94,726 GC heap before
{Heap before GC invocations=19 (full 3):
 PSYoungGen      total 162304K, used 150152K [0x00000000f5500000, 0x0000000100000000, 0x0000000100000000)
  eden space 149504K, 98% used [0x00000000f5500000,0x00000000fe54ad10,0x00000000fe700000)
  from space 12800K, 18% used [0x00000000fe700000,0x00000000fe957340,0x00000000ff380000)
  to   space 12800K, 0% used [0x00000000ff380000,0x00000000ff380000,0x0000000100000000)
 ParOldGen       total 300544K, used 218608K [0x00000000e0000000, 0x00000000f2580000, 0x00000000f5500000)
  object space 300544K, 72% used [0x00000000e0000000,0x00000000ed57c2b8,0x00000000f2580000)
 PSPermGen       total 55296K, used 26397K [0x00000000dae00000, 0x00000000de400000, 0x00000000e0000000)
  object space 55296K, 47% used [0x00000000dae00000,0x00000000dc7c74f0,0x00000000de400000)
Event: 94,733 GC heap after
Heap after GC invocations=19 (full 3):
 PSYoungGen      total 162304K, used 3444K [0x00000000f5500000, 0x0000000100000000, 0x0000000100000000)
  eden space 149504K, 0% used [0x00000000f5500000,0x00000000f5500000,0x00000000fe700000)
  from space 12800K, 26% used [0x00000000ff380000,0x00000000ff6dd078,0x0000000100000000)
  to   space 12800K, 0% used [0x00000000fe700000,0x00000000fe700000,0x00000000ff380000)
 ParOldGen       total 300544K, used 218608K [0x00000000e0000000, 0x00000000f2580000, 0x00000000f5500000)
  object space 300544K, 72% used [0x00000000e0000000,0x00000000ed57c2b8,0x00000000f2580000)
 PSPermGen       total 55296K, used 26397K [0x00000000dae00000, 0x00000000de400000, 0x00000000e0000000)
  object space 55296K, 47% used [0x00000000dae00000,0x00000000dc7c74f0,0x00000000de400000)
}
Event: 94,733 GC heap before
{Heap before GC invocations=20 (full 4):
 PSYoungGen      total 162304K, used 3444K [0x00000000f5500000, 0x0000000100000000, 0x0000000100000000)
  eden space 149504K, 0% used [0x00000000f5500000,0x00000000f5500000,0x00000000fe700000)
  from space 12800K, 26% used [0x00000000ff380000,0x00000000ff6dd078,0x0000000100000000)
  to   space 12800K, 0% used [0x00000000fe700000,0x00000000fe700000,0x00000000ff380000)
 ParOldGen       total 300544K, used 218608K [0x00000000e0000000, 0x00000000f2580000, 0x00000000f5500000)
  object space 300544K, 72% used [0x00000000e0000000,0x00000000ed57c2b8,0x00000000f2580000)
 PSPermGen       total 55296K, used 26397K [0x00000000dae00000, 0x00000000de400000, 0x00000000e0000000)
  object space 55296K, 47% used [0x00000000dae00000,0x00000000dc7c74f0,0x00000000de400000)
Event: 94,874 GC heap after
Heap after GC invocations=20 (full 4):
 PSYoungGen      total 162304K, used 0K [0x00000000f5500000, 0x0000000100000000, 0x0000000100000000)
  eden space 149504K, 0% used [0x00000000f5500000,0x00000000f5500000,0x00000000fe700000)
  from space 12800K, 0% used [0x00000000ff380000,0x00000000ff380000,0x0000000100000000)
  to   space 12800K, 0% used [0x00000000fe700000,0x00000000fe700000,0x00000000ff380000)
 ParOldGen       total 300544K, used 218610K [0x00000000e0000000, 0x00000000f2580000, 0x00000000f5500000)
  object space 300544K, 72% used [0x00000000e0000000,0x00000000ed57cb50,0x00000000f2580000)
 PSPermGen       total 53248K, used 26396K [0x00000000dae00000, 0x00000000de200000, 0x00000000e0000000)
  object space 53248K, 49% used [0x00000000dae00000,0x00000000dc7c73d0,0x00000000de200000)
}

Deoptimization events (10 events):
Event: 89,319 Thread 0x000000000137d800 Uncommon trap: reason=predicate action=maybe_recompile pc=0x00007fc6952178f0 method=java.util.Arrays.fill([Ljava/lang/Object;Ljava/lang/Object;)V @ 10
Event: 120,330 Thread 0x0000000001669800 Uncommon trap: reason=unreached action=reinterpret pc=0x00007fc69521b384 method=org.apache.hadoop.conf.Configuration.getTrimmed(Ljava/lang/String;)Ljava/lang/String; @ 8
Event: 121,073 Thread 0x000000000164f000 Uncommon trap: reason=class_check action=maybe_recompile pc=0x00007fc6951efd04 method=java.util.regex.Pattern$Curly.match(Ljava/util/regex/Matcher;ILjava/lang/CharSequence;)Z @ 19
Event: 121,073 Thread 0x000000000164f000 Uncommon trap: reason=class_check action=maybe_recompile pc=0x00007fc6951efd04 method=java.util.regex.Pattern$Curly.match(Ljava/util/regex/Matcher;ILjava/lang/CharSequence;)Z @ 19
Event: 121,084 Thread 0x0000000001816000 Uncommon trap: reason=bimorphic action=maybe_recompile pc=0x00007fc695216f98 method=java.util.regex.Pattern$GroupTail.match(Ljava/util/regex/Matcher;ILjava/lang/CharSequence;)Z @ 70
Event: 121,084 Thread 0x0000000001816000 Uncommon trap: reason=class_check action=maybe_recompile pc=0x00007fc6951efd04 method=java.util.regex.Pattern$Curly.match(Ljava/util/regex/Matcher;ILjava/lang/CharSequence;)Z @ 19
Event: 121,084 Thread 0x0000000001816000 Uncommon trap: reason=bimorphic action=maybe_recompile pc=0x00007fc695216f98 method=java.util.regex.Pattern$GroupTail.match(Ljava/util/regex/Matcher;ILjava/lang/CharSequence;)Z @ 70
Event: 121,084 Thread 0x0000000001816000 Uncommon trap: reason=class_check action=maybe_recompile pc=0x00007fc6951efd04 method=java.util.regex.Pattern$Curly.match(Ljava/util/regex/Matcher;ILjava/lang/CharSequence;)Z @ 19
Event: 121,084 Thread 0x0000000001816000 Uncommon trap: reason=bimorphic action=maybe_recompile pc=0x00007fc695216f98 method=java.util.regex.Pattern$GroupTail.match(Ljava/util/regex/Matcher;ILjava/lang/CharSequence;)Z @ 70
Event: 121,304 Thread 0x000000000164f000 Uncommon trap: reason=bimorphic action=maybe_recompile pc=0x00007fc695216f98 method=java.util.regex.Pattern$GroupTail.match(Ljava/util/regex/Matcher;ILjava/lang/CharSequence;)Z @ 70

Internal exceptions (10 events):
Event: 121,297 Thread 0x00000000019f6000 Threw 0x00000000fd8552f0 at /HUDSON/workspace/7u-2-build-linux-amd64/jdk7u75/1940/hotspot/src/share/vm/runtime/objectMonitor.cpp:1652
Event: 121,297 Thread 0x00000000019f6800 Threw 0x00000000fd8bffa8 at /HUDSON/workspace/7u-2-build-linux-amd64/jdk7u75/1940/hotspot/src/share/vm/runtime/objectMonitor.cpp:1652
Event: 121,301 Thread 0x000000000164f000 Threw 0x00000000fd710208 at /HUDSON/workspace/7u-2-build-linux-amd64/jdk7u75/1940/hotspot/src/share/vm/prims/jvm.cpp:1281
Event: 121,301 Thread 0x000000000164f000 Threw 0x00000000fd931048 at /HUDSON/workspace/7u-2-build-linux-amd64/jdk7u75/1940/hotspot/src/share/vm/prims/jvm.cpp:1281
Event: 121,301 Thread 0x000000000164f000 Threw 0x00000000fd9330a8 at /HUDSON/workspace/7u-2-build-linux-amd64/jdk7u75/1940/hotspot/src/share/vm/prims/jvm.cpp:1281
Event: 121,302 Thread 0x000000000164f000 Threw 0x00000000fd93f8e8 at /HUDSON/workspace/7u-2-build-linux-amd64/jdk7u75/1940/hotspot/src/share/vm/prims/jvm.cpp:1281
Event: 121,302 Thread 0x000000000164f000 Threw 0x00000000fd9411a8 at /HUDSON/workspace/7u-2-build-linux-amd64/jdk7u75/1940/hotspot/src/share/vm/prims/jvm.cpp:1281
Event: 121,302 Thread 0x000000000164f000 Threw 0x00000000fd94df80 at /HUDSON/workspace/7u-2-build-linux-amd64/jdk7u75/1940/hotspot/src/share/vm/prims/jvm.cpp:1281
Event: 121,303 Thread 0x000000000164f000 Threw 0x00000000fd94f9e0 at /HUDSON/workspace/7u-2-build-linux-amd64/jdk7u75/1940/hotspot/src/share/vm/prims/jvm.cpp:1281
Event: 121,303 Thread 0x000000000164f000 Threw 0x00000000fd958148 at /HUDSON/workspace/7u-2-build-linux-amd64/jdk7u75/1940/hotspot/src/share/vm/prims/jvm.cpp:1281

Events (10 events):
Event: 121,302 loading class 0x00007fc698d94be0 done
Event: 121,303 loading class 0x00007fc698834fe0
Event: 121,303 loading class 0x00007fc698834fe0 done
Event: 121,304 Thread 0x000000000164f000 Uncommon trap: trap_request=0xffffffc6 fr.pc=0x00007fc695216f98
Event: 121,304 Thread 0x000000000164f000 DEOPT PACKING pc=0x00007fc695216f98 sp=0x00007fc68c301b90
Event: 121,304 Thread 0x000000000164f000 DEOPT UNPACKING pc=0x00007fc695039445 sp=0x00007fc68c301b28 mode 2
Event: 121,308 Thread 0x0000000001815800 Thread added: 0x0000000001815800
Event: 121,308 Thread 0x0000000001816000 Thread added: 0x0000000001816000
Event: 121,309 Executing VM operation: RevokeBias
Event: 121,309 Executing VM operation: RevokeBias done


Dynamic libraries:
00400000-00401000 r-xp 00000000 08:01 12289                              /opt/java/jdk1.7.0_75/bin/java
00600000-00601000 rw-p 00000000 08:01 12289                              /opt/java/jdk1.7.0_75/bin/java
01319000-1d2c3000 rw-p 00000000 00:00 0                                  [heap]
dae00000-de200000 rw-p 00000000 00:00 0 
de200000-de580000 ---p 00000000 00:00 0 
de580000-e0000000 rw-p 00000000 00:00 0 
e0000000-f2580000 rw-p 00000000 00:00 0 
f2580000-f5500000 rw-p 00000000 00:00 0 
f5500000-100000000 rw-p 00000000 00:00 0 
7fc686bc8000-7fc68725c000 rw-p 00000000 00:00 0 
7fc6873a4000-7fc6873a7000 ---p 00000000 00:00 0 
7fc6873a7000-7fc6874a5000 rw-p 00000000 00:00 0 
7fc6874a5000-7fc6874a8000 ---p 00000000 00:00 0 
7fc6874a8000-7fc6878f0000 rw-p 00000000 00:00 0 
7fc6878f0000-7fc6878f3000 ---p 00000000 00:00 0 
7fc6878f3000-7fc6879f1000 rw-p 00000000 00:00 0                          [stack:31544]
7fc6879f1000-7fc6879f4000 ---p 00000000 00:00 0 
7fc6879f4000-7fc687af2000 rw-p 00000000 00:00 0                          [stack:31543]
7fc687af2000-7fc687af5000 ---p 00000000 00:00 0 
7fc687af5000-7fc687bf3000 rw-p 00000000 00:00 0                          [stack:31542]
7fc687bf3000-7fc687bf6000 ---p 00000000 00:00 0 
7fc687bf6000-7fc687cf4000 rw-p 00000000 00:00 0                          [stack:31586]
7fc687cf4000-7fc687cf7000 ---p 00000000 00:00 0 
7fc687cf7000-7fc687df5000 rw-p 00000000 00:00 0                          [stack:31577]
7fc687df5000-7fc687dfe000 r-xp 00000000 00:18 10582                      /mnt/hgfs/mcl-im-seg/target/native/libmclnative.so
7fc687dfe000-7fc687ffe000 ---p 00009000 00:18 10582                      /mnt/hgfs/mcl-im-seg/target/native/libmclnative.so
7fc687ffe000-7fc687fff000 r--p 00009000 00:18 10582                      /mnt/hgfs/mcl-im-seg/target/native/libmclnative.so
7fc687fff000-7fc688000000 rw-p 0000a000 00:18 10582                      /mnt/hgfs/mcl-im-seg/target/native/libmclnative.so
7fc688000000-7fc688027000 rw-p 00000000 00:00 0 
7fc688027000-7fc68c000000 ---p 00000000 00:00 0 
7fc68c001000-7fc68c004000 ---p 00000000 00:00 0 
7fc68c004000-7fc68c102000 rw-p 00000000 00:00 0                          [stack:31545]
7fc68c102000-7fc68c105000 ---p 00000000 00:00 0 
7fc68c105000-7fc68c203000 rw-p 00000000 00:00 0                          [stack:31580]
7fc68c203000-7fc68c206000 ---p 00000000 00:00 0 
7fc68c206000-7fc68c304000 rw-p 00000000 00:00 0                          [stack:31579]
7fc68c304000-7fc68c307000 ---p 00000000 00:00 0 
7fc68c307000-7fc68c405000 rw-p 00000000 00:00 0                          [stack:31558]
7fc68c405000-7fc68c41b000 r-xp 00000000 08:01 263145                     /lib/x86_64-linux-gnu/libgcc_s.so.1
7fc68c41b000-7fc68c61a000 ---p 00016000 08:01 263145                     /lib/x86_64-linux-gnu/libgcc_s.so.1
7fc68c61a000-7fc68c61b000 rw-p 00015000 08:01 263145                     /lib/x86_64-linux-gnu/libgcc_s.so.1
7fc68c63b000-7fc68c66d000 r-xp 00000000 08:01 10424                      /opt/java/jdk1.7.0_75/jre/lib/amd64/libsunec.so
7fc68c66d000-7fc68c86c000 ---p 00032000 08:01 10424                      /opt/java/jdk1.7.0_75/jre/lib/amd64/libsunec.so
7fc68c86c000-7fc68c872000 rw-p 00031000 08:01 10424                      /opt/java/jdk1.7.0_75/jre/lib/amd64/libsunec.so
7fc68c872000-7fc68c882000 rw-p 00000000 00:00 0 
7fc68c882000-7fc68c885000 ---p 00000000 00:00 0 
7fc68c885000-7fc68c983000 rw-p 00000000 00:00 0                          [stack:31555]
7fc68c983000-7fc68c986000 ---p 00000000 00:00 0 
7fc68c986000-7fc68ca84000 rw-p 00000000 00:00 0                          [stack:31578]
7fc68ca84000-7fc68ca87000 ---p 00000000 00:00 0 
7fc68ca87000-7fc68cb85000 rw-p 00000000 00:00 0                          [stack:31556]
7fc68cb85000-7fc68cb88000 ---p 00000000 00:00 0 
7fc68cb88000-7fc68cc86000 rw-p 00000000 00:00 0                          [stack:31515]
7fc68cc86000-7fc68cc89000 ---p 00000000 00:00 0 
7fc68cc89000-7fc68cd87000 rw-p 00000000 00:00 0 
7fc68cd87000-7fc68cd8a000 ---p 00000000 00:00 0 
7fc68cd8a000-7fc68ce88000 rw-p 00000000 00:00 0                          [stack:31587]
7fc68ce88000-7fc68ce9f000 r-xp 00000000 08:01 263214                     /lib/x86_64-linux-gnu/libresolv-2.19.so
7fc68ce9f000-7fc68d09f000 ---p 00017000 08:01 263214                     /lib/x86_64-linux-gnu/libresolv-2.19.so
7fc68d09f000-7fc68d0a0000 r--p 00017000 08:01 263214                     /lib/x86_64-linux-gnu/libresolv-2.19.so
7fc68d0a0000-7fc68d0a1000 rw-p 00018000 08:01 263214                     /lib/x86_64-linux-gnu/libresolv-2.19.so
7fc68d0a1000-7fc68d0a3000 rw-p 00000000 00:00 0 
7fc68d0a3000-7fc68d0a8000 r-xp 00000000 08:01 267142                     /lib/x86_64-linux-gnu/libnss_dns-2.19.so
7fc68d0a8000-7fc68d2a7000 ---p 00005000 08:01 267142                     /lib/x86_64-linux-gnu/libnss_dns-2.19.so
7fc68d2a7000-7fc68d2a8000 r--p 00004000 08:01 267142                     /lib/x86_64-linux-gnu/libnss_dns-2.19.so
7fc68d2a8000-7fc68d2a9000 rw-p 00005000 08:01 267142                     /lib/x86_64-linux-gnu/libnss_dns-2.19.so
7fc68d2a9000-7fc68d2ab000 r-xp 00000000 08:01 266935                     /lib/x86_64-linux-gnu/libnss_mdns4_minimal.so.2
7fc68d2ab000-7fc68d4aa000 ---p 00002000 08:01 266935                     /lib/x86_64-linux-gnu/libnss_mdns4_minimal.so.2
7fc68d4aa000-7fc68d4ab000 r--p 00001000 08:01 266935                     /lib/x86_64-linux-gnu/libnss_mdns4_minimal.so.2
7fc68d4ab000-7fc68d4ac000 rw-p 00002000 08:01 266935                     /lib/x86_64-linux-gnu/libnss_mdns4_minimal.so.2
7fc68d4b5000-7fc68d4b8000 rw-p 00000000 00:00 0 
7fc68d4b8000-7fc68d4c3000 r--s 0037c000 08:01 11120                      /opt/java/jdk1.7.0_75/jre/lib/charsets.jar
7fc68d4c3000-7fc68d4c7000 r--s 0002d000 08:01 11053                      /opt/java/jdk1.7.0_75/jre/lib/ext/sunjce_provider.jar
7fc68d4c7000-7fc68d4cb000 r--s 00037000 08:01 11052                      /opt/java/jdk1.7.0_75/jre/lib/ext/sunpkcs11.jar
7fc68d4cb000-7fc68d4cc000 r--s 00003000 08:01 11051                      /opt/java/jdk1.7.0_75/jre/lib/ext/sunec.jar
7fc68d4cc000-7fc68d4cf000 ---p 00000000 00:00 0 
7fc68d4cf000-7fc68d5cd000 rw-p 00000000 00:00 0                          [stack:31511]
7fc68d5cd000-7fc68d5d0000 r--s 00019000 08:01 11020                      /opt/java/jdk1.7.0_75/jre/lib/jce.jar
7fc68d5d0000-7fc68d5d1000 r-xp 00000000 08:01 10466                      /opt/java/jdk1.7.0_75/jre/lib/amd64/libjaas_unix.so
7fc68d5d1000-7fc68d7d0000 ---p 00001000 08:01 10466                      /opt/java/jdk1.7.0_75/jre/lib/amd64/libjaas_unix.so
7fc68d7d0000-7fc68d7d1000 rw-p 00000000 08:01 10466                      /opt/java/jdk1.7.0_75/jre/lib/amd64/libjaas_unix.so
7fc68d7d1000-7fc68d7d4000 ---p 00000000 00:00 0 
7fc68d7d4000-7fc68d8d2000 rw-p 00000000 00:00 0                          [stack:31510]
7fc68d8d2000-7fc68d8d5000 ---p 00000000 00:00 0 
7fc68d8d5000-7fc68d9d3000 rw-p 00000000 00:00 0                          [stack:31509]
7fc68d9d3000-7fc68d9d6000 ---p 00000000 00:00 0 
7fc68d9d6000-7fc68dad4000 rw-p 00000000 00:00 0                          [stack:31508]
7fc68dad4000-7fc68dadc000 r-xp 00000000 08:01 10421                      /opt/java/jdk1.7.0_75/jre/lib/amd64/libmanagement.so
7fc68dadc000-7fc68dcdb000 ---p 00008000 08:01 10421                      /opt/java/jdk1.7.0_75/jre/lib/amd64/libmanagement.so
7fc68dcdb000-7fc68dcdc000 rw-p 00007000 08:01 10421                      /opt/java/jdk1.7.0_75/jre/lib/amd64/libmanagement.so
7fc68dcdc000-7fc68dcdf000 ---p 00000000 00:00 0 
7fc68dcdf000-7fc68dddd000 rw-p 00000000 00:00 0                          [stack:31507]
7fc68dddd000-7fc68dde0000 ---p 00000000 00:00 0 
7fc68dde0000-7fc68dede000 rw-p 00000000 00:00 0                          [stack:31506]
7fc68dede000-7fc68dee1000 ---p 00000000 00:00 0 
7fc68dee1000-7fc68df17000 rw-p 00000000 00:00 0 
7fc68df17000-7fc68df35000 r-xp 00000000 08:01 263794                     /usr/share/hadoop2/lib/native/libhadoop.so
7fc68df35000-7fc68e134000 ---p 0001e000 08:01 263794                     /usr/share/hadoop2/lib/native/libhadoop.so
7fc68e134000-7fc68e135000 r--p 0001d000 08:01 263794                     /usr/share/hadoop2/lib/native/libhadoop.so
7fc68e135000-7fc68e136000 rw-p 0001e000 08:01 263794                     /usr/share/hadoop2/lib/native/libhadoop.so
7fc68e136000-7fc68e160000 r--s 00227000 00:18 4164                       /mnt/hgfs/mcl-im-seg/target/mcl-im-seg-jar-with-dependencies.jar
7fc68e160000-7fc68e164000 r--s 0008b000 08:01 11043                      /opt/java/jdk1.7.0_75/jre/lib/jsse.jar
7fc68e164000-7fc68e16e000 r--s 00251000 08:01 10490                      /opt/java/jdk1.7.0_75/jre/lib/resources.jar
7fc68e16e000-7fc68e184000 r-xp 00000000 08:01 10447                      /opt/java/jdk1.7.0_75/jre/lib/amd64/libnet.so
7fc68e184000-7fc68e384000 ---p 00016000 08:01 10447                      /opt/java/jdk1.7.0_75/jre/lib/amd64/libnet.so
7fc68e384000-7fc68e385000 rw-p 00016000 08:01 10447                      /opt/java/jdk1.7.0_75/jre/lib/amd64/libnet.so
7fc68e385000-7fc68e395000 r-xp 00000000 08:01 10413                      /opt/java/jdk1.7.0_75/jre/lib/amd64/libnio.so
7fc68e395000-7fc68e595000 ---p 00010000 08:01 10413                      /opt/java/jdk1.7.0_75/jre/lib/amd64/libnio.so
7fc68e595000-7fc68e596000 rw-p 00010000 08:01 10413                      /opt/java/jdk1.7.0_75/jre/lib/amd64/libnio.so
7fc68e596000-7fc68e598000 r--s 00005000 08:01 272900                     /usr/share/hadoop2/share/hadoop/mapreduce/hadoop-mapreduce-client-shuffle-2.4.1.jar
7fc68e598000-7fc68e59d000 r--s 0003d000 08:01 272855                     /usr/share/hadoop2/share/hadoop/mapreduce/hadoop-mapreduce-examples-2.4.1.jar
7fc68e59d000-7fc68e5b5000 r--s 00155000 08:01 272854                     /usr/share/hadoop2/share/hadoop/mapreduce/hadoop-mapreduce-client-core-2.4.1.jar
7fc68e5b5000-7fc68e5cb000 r--s 00155000 08:01 272858                     /usr/share/hadoop2/share/hadoop/mapreduce/hadoop-mapreduce-client-jobclient-2.4.1-tests.jar
7fc68e5cb000-7fc68e5d0000 r--s 00034000 08:01 272853                     /usr/share/hadoop2/share/hadoop/mapreduce/hadoop-mapreduce-client-hs-2.4.1.jar
7fc68e5d0000-7fc68e5db000 r--s 00097000 08:01 272903                     /usr/share/hadoop2/share/hadoop/mapreduce/hadoop-mapreduce-client-common-2.4.1.jar
7fc68e5db000-7fc68e5dc000 r--s 00008000 08:01 272901                     /usr/share/hadoop2/share/hadoop/mapreduce/hadoop-mapreduce-client-jobclient-2.4.1.jar
7fc68e5dc000-7fc68e5dd000 r--s 00000000 08:01 272882                     /usr/share/hadoop2/share/hadoop/mapreduce/hadoop-mapreduce-client-hs-plugins-2.4.1.jar
7fc68e5dd000-7fc68e5e7000 r--s 0006e000 08:01 272902                     /usr/share/hadoop2/share/hadoop/mapreduce/hadoop-mapreduce-client-app-2.4.1.jar
7fc68e5e7000-7fc68e5f4000 r--s 00097000 08:01 272875                     /usr/share/hadoop2/share/hadoop/mapreduce/lib/jackson-mapper-asl-1.8.8.jar
7fc68e5f4000-7fc68e5f5000 r--s 00003000 08:01 272877                     /usr/share/hadoop2/share/hadoop/mapreduce/lib/jersey-guice-1.9.jar
7fc68e5f5000-7fc68e5f7000 r--s 00000000 08:01 272878                     /usr/share/hadoop2/share/hadoop/mapreduce/lib/aopalliance-1.0.jar
7fc68e5f7000-7fc68e5ff000 r--s 0007b000 08:01 272863                     /usr/share/hadoop2/share/hadoop/mapreduce/lib/protobuf-java-2.5.0.jar
7fc68e5ff000-7fc68e60e000 r--s 0009f000 08:01 272860                     /usr/share/hadoop2/share/hadoop/mapreduce/lib/guice-3.0.jar
7fc68e60e000-7fc68e620000 r--s 0009d000 08:01 272880                     /usr/share/hadoop2/share/hadoop/mapreduce/lib/jersey-server-1.9.jar
7fc68e620000-7fc68e622000 r--s 000f2000 08:01 272873                     /usr/share/hadoop2/share/hadoop/mapreduce/lib/snappy-java-1.0.4.1.jar
7fc68e622000-7fc68e624000 r--s 00011000 08:01 272868                     /usr/share/hadoop2/share/hadoop/mapreduce/lib/hamcrest-core-1.1.jar
7fc68e624000-7fc68e62e000 r--s 00066000 08:01 272872                     /usr/share/hadoop2/share/hadoop/mapreduce/lib/jersey-core-1.9.jar
7fc68e62e000-7fc68e632000 r--s 00014000 08:01 272861                     /usr/share/hadoop2/share/hadoop/mapreduce/lib/xz-1.0.jar
7fc68e632000-7fc68e636000 r--s 00034000 08:01 272864                     /usr/share/hadoop2/share/hadoop/mapreduce/lib/jackson-core-asl-1.8.8.jar
7fc68e636000-7fc68e63b000 r--s 00036000 08:01 272862                     /usr/share/hadoop2/share/hadoop/mapreduce/lib/commons-compress-1.4.1.jar
7fc68e63b000-7fc68e63f000 r--s 0002a000 08:01 272876                     /usr/share/hadoop2/share/hadoop/mapreduce/lib/commons-io-2.4.jar
7fc68e63f000-7fc68e646000 r--s 00037000 08:01 272881                     /usr/share/hadoop2/share/hadoop/mapreduce/lib/junit-4.10.jar
7fc68e646000-7fc68e648000 r--s 0000e000 08:01 272874                     /usr/share/hadoop2/share/hadoop/mapreduce/lib/guice-servlet-3.0.jar
7fc68e648000-7fc68e649000 r--s 00000000 08:01 272867                     /usr/share/hadoop2/share/hadoop/mapreduce/lib/javax.inject-1.jar
7fc68e649000-7fc68e64b000 r--s 00006000 08:01 272871                     /usr/share/hadoop2/share/hadoop/mapreduce/lib/paranamer-2.3.jar
7fc68e64b000-7fc68e654000 r--s 0006f000 08:01 272879                     /usr/share/hadoop2/share/hadoop/mapreduce/lib/log4j-1.2.17.jar
7fc68e654000-7fc68e65b000 r--s 00044000 08:01 272870                     /usr/share/hadoop2/share/hadoop/mapreduce/lib/avro-1.7.4.jar
7fc68e65b000-7fc68e65c000 r--s 0000a000 08:01 272865                     /usr/share/hadoop2/share/hadoop/mapreduce/lib/asm-3.2.jar
7fc68e65c000-7fc68e673000 r--s 0010e000 08:01 272869                     /usr/share/hadoop2/share/hadoop/mapreduce/lib/netty-3.6.2.Final.jar
7fc68e673000-7fc68e675000 r--s 00003000 08:01 272866                     /usr/share/hadoop2/share/hadoop/mapreduce/lib/hadoop-annotations-2.4.1.jar
7fc68e675000-7fc68e67a000 r--s 00030000 08:01 272977                     /usr/share/hadoop2/share/hadoop/yarn/hadoop-yarn-server-common-2.4.1.jar
7fc68e67a000-7fc68e68a000 r--s 000b3000 08:01 272910                     /usr/share/hadoop2/share/hadoop/yarn/hadoop-yarn-server-resourcemanager-2.4.1.jar
7fc68e68a000-7fc68e68b000 r--s 00000000 08:01 272908                     /usr/share/hadoop2/share/hadoop/yarn/hadoop-yarn-server-tests-2.4.1.jar
7fc68e68b000-7fc68e696000 r--s 0006a000 08:01 272913                     /usr/share/hadoop2/share/hadoop/yarn/hadoop-yarn-server-nodemanager-2.4.1.jar
7fc68e696000-7fc68e697000 r--s 00006000 08:01 272912                     /usr/share/hadoop2/share/hadoop/yarn/hadoop-yarn-server-web-proxy-2.4.1.jar
7fc68e697000-7fc68e699000 r--s 00009000 08:01 272911                     /usr/share/hadoop2/share/hadoop/yarn/hadoop-yarn-applications-distributedshell-2.4.1.jar
7fc68e699000-7fc68e69c000 r--s 0001c000 08:01 272905                     /usr/share/hadoop2/share/hadoop/yarn/hadoop-yarn-server-applicationhistoryservice-2.4.1.jar
7fc68e69c000-7fc68e6b0000 r--s 00144000 08:01 272976                     /usr/share/hadoop2/share/hadoop/yarn/hadoop-yarn-common-2.4.1.jar
7fc68e6b0000-7fc68e6b1000 r--s 00003000 08:01 272909                     /usr/share/hadoop2/share/hadoop/yarn/hadoop-yarn-applications-unmanaged-am-launcher-2.4.1.jar
7fc68e6b1000-7fc68e6b4000 r--s 00018000 08:01 272954                     /usr/share/hadoop2/share/hadoop/yarn/hadoop-yarn-client-2.4.1.jar
7fc68e6b4000-7fc68e6cc000 r--s 00179000 08:01 272953                     /usr/share/hadoop2/share/hadoop/yarn/hadoop-yarn-api-2.4.1.jar
7fc68e6cc000-7fc68e6d3000 r--s 0007d000 08:01 272919                     /usr/share/hadoop2/share/hadoop/yarn/lib/jetty-6.1.26.jar
7fc68e6d3000-7fc68e6e0000 r--s 00097000 08:01 272938                     /usr/share/hadoop2/share/hadoop/yarn/lib/jackson-mapper-asl-1.8.8.jar
7fc68e6e0000-7fc68e6f3000 r--s 000c7000 08:01 272927                     /usr/share/hadoop2/share/hadoop/yarn/lib/jaxb-impl-2.2.3-1.jar
7fc68e6f3000-7fc68e6f9000 r--s 00045000 08:01 272952                     /usr/share/hadoop2/share/hadoop/yarn/lib/commons-httpclient-3.1.jar
7fc68e6f9000-7fc68e6fa000 r--s 00003000 08:01 272942                     /usr/share/hadoop2/share/hadoop/yarn/lib/jersey-guice-1.9.jar
7fc68e6fa000-7fc68e6fc000 r--s 00018000 08:01 272925                     /usr/share/hadoop2/share/hadoop/yarn/lib/servlet-api-2.5.jar
7fc68e6fc000-7fc68e6fe000 r--s 00000000 08:01 272945                     /usr/share/hadoop2/share/hadoop/yarn/lib/aopalliance-1.0.jar
7fc68e6fe000-7fc68e701000 r--s 000fd000 08:01 272923                     /usr/share/hadoop2/share/hadoop/yarn/lib/leveldbjni-all-1.8.jar
7fc68e701000-7fc68e709000 r--s 0007b000 08:01 272924                     /usr/share/hadoop2/share/hadoop/yarn/lib/protobuf-java-2.5.0.jar
7fc68e709000-7fc68e718000 r--s 0009f000 08:01 272917                     /usr/share/hadoop2/share/hadoop/yarn/lib/guice-3.0.jar
7fc68e718000-7fc68e71b000 r--s 00017000 08:01 272944                     /usr/share/hadoop2/share/hadoop/yarn/lib/jaxb-api-2.2.2.jar
7fc68e71b000-7fc68e72d000 r--s 0009d000 08:01 272947                     /usr/share/hadoop2/share/hadoop/yarn/lib/jersey-server-1.9.jar
7fc68e72d000-7fc68e72f000 r--s 0000e000 08:01 272936                     /usr/share/hadoop2/share/hadoop/yarn/lib/commons-logging-1.1.3.jar
7fc68e72f000-7fc68e739000 r--s 00066000 08:01 272933                     /usr/share/hadoop2/share/hadoop/yarn/lib/jersey-core-1.9.jar
7fc68e739000-7fc68e73d000 r--s 00014000 08:01 272918                     /usr/share/hadoop2/share/hadoop/yarn/lib/xz-1.0.jar
7fc68e73d000-7fc68e73f000 r--s 0000d000 08:01 272941                     /usr/share/hadoop2/share/hadoop/yarn/lib/commons-codec-1.4.jar
7fc68e73f000-7fc68e744000 r--s 00041000 08:01 272920                     /usr/share/hadoop2/share/hadoop/yarn/lib/commons-lang-2.6.jar
7fc68e744000-7fc68e765000 r--s 00172000 08:01 272940                     /usr/share/hadoop2/share/hadoop/yarn/lib/guava-11.0.2.jar
7fc68e765000-7fc68e767000 r--s 0000f000 08:01 272932                     /usr/share/hadoop2/share/hadoop/yarn/lib/jettison-1.1.jar
7fc68e767000-7fc68e76b000 r--s 00034000 08:01 272926                     /usr/share/hadoop2/share/hadoop/yarn/lib/jackson-core-asl-1.8.8.jar
7fc68e76b000-7fc68e770000 r--s 00036000 08:01 272922                     /usr/share/hadoop2/share/hadoop/yarn/lib/commons-compress-1.4.1.jar
7fc68e770000-7fc68e774000 r--s 0002a000 08:01 272939                     /usr/share/hadoop2/share/hadoop/yarn/lib/commons-io-2.4.jar
7fc68e774000-7fc68e777000 r--s 0001d000 08:01 272951                     /usr/share/hadoop2/share/hadoop/yarn/lib/jersey-client-1.9.jar
7fc68e777000-7fc68e779000 r--s 00014000 08:01 272949                     /usr/share/hadoop2/share/hadoop/yarn/lib/jline-0.9.94.jar
7fc68e779000-7fc68e77a000 r--s 00004000 08:01 272935                     /usr/share/hadoop2/share/hadoop/yarn/lib/jackson-jaxrs-1.8.8.jar
7fc68e77a000-7fc68e788000 r--s 0007f000 08:01 272943                     /usr/share/hadoop2/share/hadoop/yarn/lib/commons-collections-3.2.1.jar
7fc68e788000-7fc68e78b000 r--s 00006000 08:01 272916                     /usr/share/hadoop2/share/hadoop/yarn/lib/jsr305-1.3.9.jar
7fc68e78b000-7fc68e78d000 r--s 0000e000 08:01 272934                     /usr/share/hadoop2/share/hadoop/yarn/lib/guice-servlet-3.0.jar
7fc68e78d000-7fc68e78e000 r--s 00000000 08:01 272929                     /usr/share/hadoop2/share/hadoop/yarn/lib/javax.inject-1.jar
7fc68e78e000-7fc68e790000 r--s 0000e000 08:01 272950                     /usr/share/hadoop2/share/hadoop/yarn/lib/activation-1.1.jar
7fc68e790000-7fc68e799000 r--s 0006f000 08:01 272946                     /usr/share/hadoop2/share/hadoop/yarn/lib/log4j-1.2.17.jar
7fc68e799000-7fc68e79a000 r--s 00007000 08:01 272937                     /usr/share/hadoop2/share/hadoop/yarn/lib/jackson-xc-1.8.8.jar
7fc68e79a000-7fc68e79c000 r--s 00004000 08:01 272930                     /usr/share/hadoop2/share/hadoop/yarn/lib/stax-api-1.0-2.jar
7fc68e79c000-7fc68e79e000 r--s 00009000 08:01 272931                     /usr/share/hadoop2/share/hadoop/yarn/lib/commons-cli-1.2.jar
7fc68e79e000-7fc68e79f000 r--s 0000a000 08:01 272928                     /usr/share/hadoop2/share/hadoop/yarn/lib/asm-3.2.jar
7fc68e79f000-7fc68e7ab000 r--s 000b3000 08:01 272948                     /usr/share/hadoop2/share/hadoop/yarn/lib/zookeeper-3.4.5.jar
7fc68e7ab000-7fc68e7af000 r--s 00021000 08:01 272921                     /usr/share/hadoop2/share/hadoop/yarn/lib/jersey-json-1.9.jar
7fc68e7af000-7fc68e7b3000 r--s 00028000 08:01 272915                     /usr/share/hadoop2/share/hadoop/yarn/lib/jetty-util-6.1.26.jar
7fc68e7b3000-7fc68e7ce000 r--s 00257000 08:01 272842                     /usr/share/hadoop2/share/hadoop/hdfs/hadoop-hdfs-2.4.1-tests.jar
7fc68e7ce000-7fc68e7d0000 r--s 00014000 08:01 272850                     /usr/share/hadoop2/share/hadoop/hdfs/hadoop-hdfs-nfs-2.4.1.jar
7fc68e7d0000-7fc68e829000 r--s 0062b000 08:01 272851                     /usr/share/hadoop2/share/hadoop/hdfs/hadoop-hdfs-2.4.1.jar
7fc68e829000-7fc68e830000 r--s 0007d000 08:01 272821                     /usr/share/hadoop2/share/hadoop/hdfs/lib/jetty-6.1.26.jar
7fc68e830000-7fc68e83d000 r--s 00097000 08:01 272835                     /usr/share/hadoop2/share/hadoop/hdfs/lib/jackson-mapper-asl-1.8.8.jar
7fc68e83d000-7fc68e83f000 r--s 00018000 08:01 272825                     /usr/share/hadoop2/share/hadoop/hdfs/lib/servlet-api-2.5.jar
7fc68e83f000-7fc68e847000 r--s 0007b000 08:01 272824                     /usr/share/hadoop2/share/hadoop/hdfs/lib/protobuf-java-2.5.0.jar
7fc68e847000-7fc68e859000 r--s 0009d000 08:01 272840                     /usr/share/hadoop2/share/hadoop/hdfs/lib/jersey-server-1.9.jar
7fc68e859000-7fc68e85b000 r--s 0000e000 08:01 272833                     /usr/share/hadoop2/share/hadoop/hdfs/lib/commons-logging-1.1.3.jar
7fc68e85b000-7fc68e865000 r--s 00066000 08:01 272830                     /usr/share/hadoop2/share/hadoop/hdfs/lib/jersey-core-1.9.jar
7fc68e865000-7fc68e867000 r--s 0000d000 08:01 272838                     /usr/share/hadoop2/share/hadoop/hdfs/lib/commons-codec-1.4.jar
7fc68e867000-7fc68e868000 r--s 00005000 08:01 272823                     /usr/share/hadoop2/share/hadoop/hdfs/lib/commons-daemon-1.0.13.jar
7fc68e868000-7fc68e86b000 r--s 00019000 08:01 272831                     /usr/share/hadoop2/share/hadoop/hdfs/lib/commons-el-1.0.jar
7fc68e86b000-7fc68e870000 r--s 00041000 08:01 272822                     /usr/share/hadoop2/share/hadoop/hdfs/lib/commons-lang-2.6.jar
7fc68e870000-7fc68e891000 r--s 00172000 08:01 272837                     /usr/share/hadoop2/share/hadoop/hdfs/lib/guava-11.0.2.jar
7fc68e891000-7fc68e895000 r--s 00034000 08:01 272826                     /usr/share/hadoop2/share/hadoop/hdfs/lib/jackson-core-asl-1.8.8.jar
7fc68e895000-7fc68e899000 r--s 0002a000 08:01 272836                     /usr/share/hadoop2/share/hadoop/hdfs/lib/commons-io-2.4.jar
7fc68e899000-7fc68e89b000 r--s 00011000 08:01 272841                     /usr/share/hadoop2/share/hadoop/hdfs/lib/jasper-runtime-5.5.23.jar
7fc68e89b000-7fc68e89e000 r--s 00006000 08:01 272820                     /usr/share/hadoop2/share/hadoop/hdfs/lib/jsr305-1.3.9.jar
7fc68e89e000-7fc68e89f000 r--s 00003000 08:01 272834                     /usr/share/hadoop2/share/hadoop/hdfs/lib/xmlenc-0.52.jar
7fc68e89f000-7fc68e8a8000 r--s 0006f000 08:01 272839                     /usr/share/hadoop2/share/hadoop/hdfs/lib/log4j-1.2.17.jar
7fc68e8a8000-7fc68e8aa000 r--s 00009000 08:01 272828                     /usr/share/hadoop2/share/hadoop/hdfs/lib/commons-cli-1.2.jar
7fc68e8aa000-7fc68e8ab000 r--s 0000a000 08:01 272827                     /usr/share/hadoop2/share/hadoop/hdfs/lib/asm-3.2.jar
7fc68e8ab000-7fc68e8c2000 r--s 0010e000 08:01 272829                     /usr/share/hadoop2/share/hadoop/hdfs/lib/netty-3.6.2.Final.jar
7fc68e8c2000-7fc68e8c5000 r--s 00016000 08:01 272832                     /usr/share/hadoop2/share/hadoop/hdfs/lib/jsp-api-2.1.jar
7fc68e8c5000-7fc68e8c9000 r--s 00028000 08:01 272819                     /usr/share/hadoop2/share/hadoop/hdfs/lib/jetty-util-6.1.26.jar
7fc68e8c9000-7fc68e8e0000 r--s 0015a000 08:01 272429                     /usr/share/hadoop2/share/hadoop/common/hadoop-common-2.4.1-tests.jar
7fc68e8e0000-7fc68e90d000 r--s 0028b000 08:01 272432                     /usr/share/hadoop2/share/hadoop/common/hadoop-common-2.4.1.jar
7fc68e90d000-7fc68e911000 r--s 00020000 08:01 272490                     /usr/share/hadoop2/share/hadoop/common/hadoop-nfs-2.4.1.jar
7fc68e911000-7fc68e918000 r--s 0007d000 08:01 272440                     /usr/share/hadoop2/share/hadoop/common/lib/jetty-6.1.26.jar
7fc68e918000-7fc68e925000 r--s 00097000 08:01 272473                     /usr/share/hadoop2/share/hadoop/common/lib/jackson-mapper-asl-1.8.8.jar
7fc68e925000-7fc68e938000 r--s 000c7000 08:01 272448                     /usr/share/hadoop2/share/hadoop/common/lib/jaxb-impl-2.2.3-1.jar
7fc68e938000-7fc68e93e000 r--s 00045000 08:01 272489                     /usr/share/hadoop2/share/hadoop/common/lib/commons-httpclient-3.1.jar
7fc68e93e000-7fc68e940000 r--s 0000b000 08:01 272452                     /usr/share/hadoop2/share/hadoop/common/lib/hadoop-auth-2.4.1.jar
7fc68e940000-7fc68e946000 r--s 00034000 08:01 272484                     /usr/share/hadoop2/share/hadoop/common/lib/junit-4.8.2.jar
7fc68e946000-7fc68e948000 r--s 00018000 08:01 272446                     /usr/share/hadoop2/share/hadoop/common/lib/servlet-api-2.5.jar
7fc68e948000-7fc68e950000 r--s 0007b000 08:01 272445                     /usr/share/hadoop2/share/hadoop/common/lib/protobuf-java-2.5.0.jar
7fc68e950000-7fc68e955000 r--s 0002a000 08:01 272434                     /usr/share/hadoop2/share/hadoop/common/lib/commons-beanutils-1.7.0.jar
7fc68e955000-7fc68e958000 r--s 00017000 08:01 272479                     /usr/share/hadoop2/share/hadoop/common/lib/jaxb-api-2.2.2.jar
7fc68e958000-7fc68e96a000 r--s 0009d000 08:01 272482                     /usr/share/hadoop2/share/hadoop/common/lib/jersey-server-1.9.jar
7fc68e96a000-7fc68e96c000 r--s 0000e000 08:01 272468                     /usr/share/hadoop2/share/hadoop/common/lib/commons-logging-1.1.3.jar
7fc68e96c000-7fc68e96d000 ---p 00000000 00:00 0 
7fc68e96d000-7fc68ea6d000 rw-p 00000000 00:00 0                          [stack:31501]
7fc68ea6d000-7fc68ea70000 ---p 00000000 00:00 0 
7fc68ea70000-7fc68eb6e000 rw-p 00000000 00:00 0                          [stack:31500]
7fc68eb6e000-7fc68eb71000 ---p 00000000 00:00 0 
7fc68eb71000-7fc68ec6f000 rw-p 00000000 00:00 0                          [stack:31499]
7fc68ec6f000-7fc68ec72000 ---p 00000000 00:00 0 
7fc68ec72000-7fc690000000 rw-p 00000000 00:00 0                          [stack:31498]
7fc690000000-7fc690702000 rw-p 00000000 00:00 0 
7fc690702000-7fc694000000 ---p 00000000 00:00 0 
7fc694000000-7fc694002000 r--s 000f2000 08:01 272466                     /usr/share/hadoop2/share/hadoop/common/lib/snappy-java-1.0.4.1.jar
7fc694002000-7fc694004000 r--s 00005000 08:01 272464                     /usr/share/hadoop2/share/hadoop/common/lib/slf4j-api-1.7.5.jar
7fc694004000-7fc69400e000 r--s 00066000 08:01 272462                     /usr/share/hadoop2/share/hadoop/common/lib/jersey-core-1.9.jar
7fc69400e000-7fc694012000 r--s 00014000 08:01 272439                     /usr/share/hadoop2/share/hadoop/common/lib/xz-1.0.jar
7fc694012000-7fc694014000 r--s 0000d000 08:01 272476                     /usr/share/hadoop2/share/hadoop/common/lib/commons-codec-1.4.jar
7fc694014000-7fc69401d000 r--s 0007b000 08:01 272487                     /usr/share/hadoop2/share/hadoop/common/lib/jets3t-0.9.0.jar
7fc69401d000-7fc694020000 r--s 00019000 08:01 272463                     /usr/share/hadoop2/share/hadoop/common/lib/commons-el-1.0.jar
7fc694020000-7fc694024000 r--s 0002f000 08:01 272471                     /usr/share/hadoop2/share/hadoop/common/lib/commons-beanutils-core-1.8.0.jar
7fc694024000-7fc694029000 r--s 00041000 08:01 272441                     /usr/share/hadoop2/share/hadoop/common/lib/commons-lang-2.6.jar
7fc694029000-7fc694032000 r--s 00061000 08:01 272435                     /usr/share/hadoop2/share/hadoop/common/lib/httpclient-4.2.5.jar
7fc694032000-7fc694034000 r--s 0002d000 08:01 280875                     /usr/share/hadoop2/share/hadoop/common/lib/hadoop-lzo-0.4.20-SNAPSHOT.jar
7fc694034000-7fc694051000 r--s 0016a000 08:01 272469                     /usr/share/hadoop2/share/hadoop/common/lib/commons-math3-3.1.1.jar
7fc694051000-7fc694072000 r--s 00172000 08:01 272475                     /usr/share/hadoop2/share/hadoop/common/lib/guava-11.0.2.jar
7fc694072000-7fc694074000 r--s 00001000 08:01 272438                     /usr/share/hadoop2/share/hadoop/common/lib/slf4j-log4j12-1.7.5.jar
7fc694074000-7fc694078000 r--s 00034000 08:01 272447                     /usr/share/hadoop2/share/hadoop/common/lib/jackson-core-asl-1.8.8.jar
7fc694078000-7fc69407d000 r--s 00036000 08:01 272444                     /usr/share/hadoop2/share/hadoop/common/lib/commons-compress-1.4.1.jar
7fc69407d000-7fc694082000 r--s 0003e000 08:01 272480                     /usr/share/hadoop2/share/hadoop/common/lib/commons-net-3.1.jar
7fc694082000-7fc694086000 r--s 0002a000 08:01 272474                     /usr/share/hadoop2/share/hadoop/common/lib/commons-io-2.4.jar
7fc694086000-7fc69408c000 r--s 00032000 08:01 272460                     /usr/share/hadoop2/share/hadoop/common/lib/httpcore-4.2.5.jar
7fc69408c000-7fc6940a9000 r--s 0013e000 08:01 272459                     /usr/share/hadoop2/share/hadoop/common/lib/mockito-all-1.8.5.jar
7fc6940a9000-7fc6940af000 r--s 00043000 08:01 272442                     /usr/share/hadoop2/share/hadoop/common/lib/commons-configuration-1.6.jar
7fc6940af000-7fc6940bd000 r--s 0007f000 08:01 272478                     /usr/share/hadoop2/share/hadoop/common/lib/commons-collections-3.2.1.jar
7fc6940bd000-7fc6940c0000 ---p 00000000 00:00 0 
7fc6940c0000-7fc6941be000 rw-p 00000000 00:00 0                          [stack:31497]
7fc6941be000-7fc6945f6000 r--p 00000000 08:01 401680                     /usr/lib/locale/locale-archive
7fc6945f6000-7fc6945f9000 ---p 00000000 00:00 0 
7fc6945f9000-7fc6946f7000 rw-p 00000000 00:00 0                          [stack:31496]
7fc6946f7000-7fc6946fa000 ---p 00000000 00:00 0 
7fc6946fa000-7fc6947f8000 rw-p 00000000 00:00 0                          [stack:31495]
7fc6947f8000-7fc6947f9000 ---p 00000000 00:00 0 
7fc6947f9000-7fc695000000 rw-p 00000000 00:00 0                          [stack:31494]
7fc695000000-7fc695270000 rwxp 00000000 00:00 0 
7fc695270000-7fc699e16000 rw-p 00000000 00:00 0 
7fc699e16000-7fc69c000000 ---p 00000000 00:00 0 
7fc69c000000-7fc69c002000 r--s 0000f000 08:01 272456                     /usr/share/hadoop2/share/hadoop/common/lib/jettison-1.1.jar
7fc69c002000-7fc69c004000 r--s 00011000 08:01 272483                     /usr/share/hadoop2/share/hadoop/common/lib/jasper-runtime-5.5.23.jar
7fc69c004000-7fc69c006000 r--s 00009000 08:01 272455                     /usr/share/hadoop2/share/hadoop/common/lib/commons-cli-1.2.jar
7fc69c006000-7fc69c007000 r--s 00004000 08:01 272451                     /usr/share/hadoop2/share/hadoop/common/lib/java-xmlbuilder-0.4.jar
7fc69c007000-7fc69c008000 r--s 00004000 08:01 272467                     /usr/share/hadoop2/share/hadoop/common/lib/jackson-jaxrs-1.8.8.jar
7fc69c008000-7fc69c00d000 r--s 0005f000 08:01 272453                     /usr/share/hadoop2/share/hadoop/common/lib/jasper-compiler-5.5.23.jar
7fc69c00d000-7fc69c010000 r--s 00006000 08:01 272437                     /usr/share/hadoop2/share/hadoop/common/lib/jsr305-1.3.9.jar
7fc69c010000-7fc69c012000 r--s 0000e000 08:01 272488                     /usr/share/hadoop2/share/hadoop/common/lib/activation-1.1.jar
7fc69c012000-7fc69c014000 r--s 00006000 08:01 272461                     /usr/share/hadoop2/share/hadoop/common/lib/paranamer-2.3.jar
7fc69c014000-7fc69c015000 r--s 00003000 08:01 272470                     /usr/share/hadoop2/share/hadoop/common/lib/xmlenc-0.52.jar
7fc69c015000-7fc69c01e000 r--s 0006f000 08:01 272481                     /usr/share/hadoop2/share/hadoop/common/lib/log4j-1.2.17.jar
7fc69c01e000-7fc69c020000 r--s 00004000 08:01 272454                     /usr/share/hadoop2/share/hadoop/common/lib/stax-api-1.0-2.jar
7fc69c020000-7fc69c027000 r--s 00044000 08:01 272458                     /usr/share/hadoop2/share/hadoop/common/lib/avro-1.7.4.jar
7fc69c027000-7fc69c03e000 r--s 0010e000 08:01 272457                     /usr/share/hadoop2/share/hadoop/common/lib/netty-3.6.2.Final.jar
7fc69c03e000-7fc69c612000 rw-p 00000000 00:00 0 
7fc69c612000-7fc69c7d1000 r--s 039eb000 08:01 11099                      /opt/java/jdk1.7.0_75/jre/lib/rt.jar
7fc69c7d1000-7fc69c9f3000 rw-p 00000000 00:00 0 
7fc69c9f3000-7fc69c9f4000 ---p 00000000 00:00 0 
7fc69c9f4000-7fc69caf4000 rw-p 00000000 00:00 0                          [stack:31493]
7fc69caf4000-7fc69caf5000 ---p 00000000 00:00 0 
7fc69caf5000-7fc69cbf5000 rw-p 00000000 00:00 0                          [stack:31492]
7fc69cbf5000-7fc69cbf6000 ---p 00000000 00:00 0 
7fc69cbf6000-7fc69cd10000 rw-p 00000000 00:00 0                          [stack:31491]
7fc69cd10000-7fc69cd12000 ---p 00000000 00:00 0 
7fc69cd12000-7fc69cd1f000 rw-p 00000000 00:00 0 
7fc69cd1f000-7fc69cdb2000 rw-p 00000000 00:00 0 
7fc69cdb2000-7fc69cdca000 rw-p 00000000 00:00 0 
7fc69cdca000-7fc69cde4000 rw-p 00000000 00:00 0 
7fc69cde4000-7fc69cde6000 ---p 00000000 00:00 0 
7fc69cde6000-7fc69cdf3000 rw-p 00000000 00:00 0 
7fc69cdf3000-7fc69ce86000 rw-p 00000000 00:00 0 
7fc69ce86000-7fc69ce9d000 rw-p 00000000 00:00 0 
7fc69ce9d000-7fc69cef3000 rw-p 00000000 00:00 0 
7fc69cef3000-7fc69cef4000 rw-p 00000000 00:00 0 
7fc69cef4000-7fc69cf0e000 r-xp 00000000 08:01 10442                      /opt/java/jdk1.7.0_75/jre/lib/amd64/libzip.so
7fc69cf0e000-7fc69d10e000 ---p 0001a000 08:01 10442                      /opt/java/jdk1.7.0_75/jre/lib/amd64/libzip.so
7fc69d10e000-7fc69d10f000 rw-p 0001a000 08:01 10442                      /opt/java/jdk1.7.0_75/jre/lib/amd64/libzip.so
7fc69d10f000-7fc69d11a000 r-xp 00000000 08:01 267147                     /lib/x86_64-linux-gnu/libnss_files-2.19.so
7fc69d11a000-7fc69d319000 ---p 0000b000 08:01 267147                     /lib/x86_64-linux-gnu/libnss_files-2.19.so
7fc69d319000-7fc69d31a000 r--p 0000a000 08:01 267147                     /lib/x86_64-linux-gnu/libnss_files-2.19.so
7fc69d31a000-7fc69d31b000 rw-p 0000b000 08:01 267147                     /lib/x86_64-linux-gnu/libnss_files-2.19.so
7fc69d31b000-7fc69d326000 r-xp 00000000 08:01 267856                     /lib/x86_64-linux-gnu/libnss_nis-2.19.so
7fc69d326000-7fc69d525000 ---p 0000b000 08:01 267856                     /lib/x86_64-linux-gnu/libnss_nis-2.19.so
7fc69d525000-7fc69d526000 r--p 0000a000 08:01 267856                     /lib/x86_64-linux-gnu/libnss_nis-2.19.so
7fc69d526000-7fc69d527000 rw-p 0000b000 08:01 267856                     /lib/x86_64-linux-gnu/libnss_nis-2.19.so
7fc69d527000-7fc69d53e000 r-xp 00000000 08:01 267140                     /lib/x86_64-linux-gnu/libnsl-2.19.so
7fc69d53e000-7fc69d73d000 ---p 00017000 08:01 267140                     /lib/x86_64-linux-gnu/libnsl-2.19.so
7fc69d73d000-7fc69d73e000 r--p 00016000 08:01 267140                     /lib/x86_64-linux-gnu/libnsl-2.19.so
7fc69d73e000-7fc69d73f000 rw-p 00017000 08:01 267140                     /lib/x86_64-linux-gnu/libnsl-2.19.so
7fc69d73f000-7fc69d741000 rw-p 00000000 00:00 0 
7fc69d741000-7fc69d74a000 r-xp 00000000 08:01 267850                     /lib/x86_64-linux-gnu/libnss_compat-2.19.so
7fc69d74a000-7fc69d949000 ---p 00009000 08:01 267850                     /lib/x86_64-linux-gnu/libnss_compat-2.19.so
7fc69d949000-7fc69d94a000 r--p 00008000 08:01 267850                     /lib/x86_64-linux-gnu/libnss_compat-2.19.so
7fc69d94a000-7fc69d94b000 rw-p 00009000 08:01 267850                     /lib/x86_64-linux-gnu/libnss_compat-2.19.so
7fc69d94b000-7fc69d974000 r-xp 00000000 08:01 10408                      /opt/java/jdk1.7.0_75/jre/lib/amd64/libjava.so
7fc69d974000-7fc69db74000 ---p 00029000 08:01 10408                      /opt/java/jdk1.7.0_75/jre/lib/amd64/libjava.so
7fc69db74000-7fc69db76000 rw-p 00029000 08:01 10408                      /opt/java/jdk1.7.0_75/jre/lib/amd64/libjava.so
7fc69db76000-7fc69db83000 r-xp 00000000 08:01 10435                      /opt/java/jdk1.7.0_75/jre/lib/amd64/libverify.so
7fc69db83000-7fc69dd82000 ---p 0000d000 08:01 10435                      /opt/java/jdk1.7.0_75/jre/lib/amd64/libverify.so
7fc69dd82000-7fc69dd84000 rw-p 0000c000 08:01 10435                      /opt/java/jdk1.7.0_75/jre/lib/amd64/libverify.so
7fc69dd84000-7fc69dd8b000 r-xp 00000000 08:01 267862                     /lib/x86_64-linux-gnu/librt-2.19.so
7fc69dd8b000-7fc69df8a000 ---p 00007000 08:01 267862                     /lib/x86_64-linux-gnu/librt-2.19.so
7fc69df8a000-7fc69df8b000 r--p 00006000 08:01 267862                     /lib/x86_64-linux-gnu/librt-2.19.so
7fc69df8b000-7fc69df8c000 rw-p 00007000 08:01 267862                     /lib/x86_64-linux-gnu/librt-2.19.so
7fc69df8c000-7fc69e091000 r-xp 00000000 08:01 267139                     /lib/x86_64-linux-gnu/libm-2.19.so
7fc69e091000-7fc69e290000 ---p 00105000 08:01 267139                     /lib/x86_64-linux-gnu/libm-2.19.so
7fc69e290000-7fc69e291000 r--p 00104000 08:01 267139                     /lib/x86_64-linux-gnu/libm-2.19.so
7fc69e291000-7fc69e292000 rw-p 00105000 08:01 267139                     /lib/x86_64-linux-gnu/libm-2.19.so
7fc69e292000-7fc69ee05000 r-xp 00000000 08:01 10462                      /opt/java/jdk1.7.0_75/jre/lib/amd64/server/libjvm.so
7fc69ee05000-7fc69f005000 ---p 00b73000 08:01 10462                      /opt/java/jdk1.7.0_75/jre/lib/amd64/server/libjvm.so
7fc69f005000-7fc69f0c9000 rw-p 00b73000 08:01 10462                      /opt/java/jdk1.7.0_75/jre/lib/amd64/server/libjvm.so
7fc69f0c9000-7fc69f10a000 rw-p 00000000 00:00 0 
7fc69f10a000-7fc69f2c5000 r-xp 00000000 08:01 267858                     /lib/x86_64-linux-gnu/libc-2.19.so
7fc69f2c5000-7fc69f4c5000 ---p 001bb000 08:01 267858                     /lib/x86_64-linux-gnu/libc-2.19.so
7fc69f4c5000-7fc69f4c9000 r--p 001bb000 08:01 267858                     /lib/x86_64-linux-gnu/libc-2.19.so
7fc69f4c9000-7fc69f4cb000 rw-p 001bf000 08:01 267858                     /lib/x86_64-linux-gnu/libc-2.19.so
7fc69f4cb000-7fc69f4d0000 rw-p 00000000 00:00 0 
7fc69f4d0000-7fc69f4d3000 r-xp 00000000 08:01 267149                     /lib/x86_64-linux-gnu/libdl-2.19.so
7fc69f4d3000-7fc69f6d2000 ---p 00003000 08:01 267149                     /lib/x86_64-linux-gnu/libdl-2.19.so
7fc69f6d2000-7fc69f6d3000 r--p 00002000 08:01 267149                     /lib/x86_64-linux-gnu/libdl-2.19.so
7fc69f6d3000-7fc69f6d4000 rw-p 00003000 08:01 267149                     /lib/x86_64-linux-gnu/libdl-2.19.so
7fc69f6d4000-7fc69f6ea000 r-xp 00000000 08:01 11147                      /opt/java/jdk1.7.0_75/lib/amd64/jli/libjli.so
7fc69f6ea000-7fc69f8ea000 ---p 00016000 08:01 11147                      /opt/java/jdk1.7.0_75/lib/amd64/jli/libjli.so
7fc69f8ea000-7fc69f8eb000 rw-p 00016000 08:01 11147                      /opt/java/jdk1.7.0_75/lib/amd64/jli/libjli.so
7fc69f8eb000-7fc69f904000 r-xp 00000000 08:01 267144                     /lib/x86_64-linux-gnu/libpthread-2.19.so
7fc69f904000-7fc69fb03000 ---p 00019000 08:01 267144                     /lib/x86_64-linux-gnu/libpthread-2.19.so
7fc69fb03000-7fc69fb04000 r--p 00018000 08:01 267144                     /lib/x86_64-linux-gnu/libpthread-2.19.so
7fc69fb04000-7fc69fb05000 rw-p 00019000 08:01 267144                     /lib/x86_64-linux-gnu/libpthread-2.19.so
7fc69fb05000-7fc69fb09000 rw-p 00000000 00:00 0 
7fc69fb09000-7fc69fb2c000 r-xp 00000000 08:01 267852                     /lib/x86_64-linux-gnu/ld-2.19.so
7fc69fb2c000-7fc69fb2d000 r--s 00007000 08:01 272472                     /usr/share/hadoop2/share/hadoop/common/lib/jackson-xc-1.8.8.jar
7fc69fb2d000-7fc69fb2e000 r--s 0000a000 08:01 272449                     /usr/share/hadoop2/share/hadoop/common/lib/asm-3.2.jar
7fc69fb2e000-7fc69fb3a000 r--s 000b3000 08:01 272485                     /usr/share/hadoop2/share/hadoop/common/lib/zookeeper-3.4.5.jar
7fc69fb3a000-7fc69fb3d000 r--s 0002b000 08:01 272486                     /usr/share/hadoop2/share/hadoop/common/lib/jsch-0.1.42.jar
7fc69fb3d000-7fc69fb41000 r--s 00020000 08:01 272477                     /usr/share/hadoop2/share/hadoop/common/lib/commons-digester-1.8.jar
7fc69fb41000-7fc69fb44000 r--s 00016000 08:01 272465                     /usr/share/hadoop2/share/hadoop/common/lib/jsp-api-2.1.jar
7fc69fb44000-7fc69fb4e000 rw-p 00000000 00:00 0 
7fc69fb4e000-7fc69fc04000 rw-p 00000000 00:00 0 
7fc69fc04000-7fc69fc07000 ---p 00000000 00:00 0 
7fc69fc07000-7fc69fd09000 rw-p 00000000 00:00 0                          [stack:31490]
7fc69fd09000-7fc69fd0b000 r--s 00003000 08:01 272450                     /usr/share/hadoop2/share/hadoop/common/lib/hadoop-annotations-2.4.1.jar
7fc69fd0b000-7fc69fd0f000 r--s 00021000 08:01 272443                     /usr/share/hadoop2/share/hadoop/common/lib/jersey-json-1.9.jar
7fc69fd0f000-7fc69fd13000 r--s 00028000 08:01 272436                     /usr/share/hadoop2/share/hadoop/common/lib/jetty-util-6.1.26.jar
7fc69fd13000-7fc69fd1f000 rw-p 00000000 00:00 0 
7fc69fd1f000-7fc69fd27000 rw-s 00000000 08:01 1075001                    /tmp/hsperfdata_hduser/31475
7fc69fd27000-7fc69fd28000 rw-p 00000000 00:00 0 
7fc69fd28000-7fc69fd29000 r--p 00000000 00:00 0 
7fc69fd29000-7fc69fd2b000 rw-p 00000000 00:00 0 
7fc69fd2b000-7fc69fd2c000 r--p 00022000 08:01 267852                     /lib/x86_64-linux-gnu/ld-2.19.so
7fc69fd2c000-7fc69fd2d000 rw-p 00023000 08:01 267852                     /lib/x86_64-linux-gnu/ld-2.19.so
7fc69fd2d000-7fc69fd2e000 rw-p 00000000 00:00 0 
7fff2bb66000-7fff2bb88000 rw-p 00000000 00:00 0                          [stack]
7fff2bbfe000-7fff2bc00000 r-xp 00000000 00:00 0                          [vdso]
ffffffffff600000-ffffffffff601000 r-xp 00000000 00:00 0                  [vsyscall]

VM Arguments:
jvm_args: -Xmx128m -Djava.net.preferIPv4Stack=true -Dhadoop.log.dir=/var/log/hadoop -Dhadoop.log.file=hadoop.log -Dhadoop.home.dir=/usr/share/hadoop2 -Dhadoop.id.str=hduser -Dhadoop.root.logger=INFO,console -Djava.library.path=/mnt/hgfs/mcl-im-seg/target/bin/../native:/usr/share/hadoop2/lib/native -Dhadoop.policy.file=hadoop-policy.xml -Djava.net.preferIPv4Stack=true -Xmx512m -Dhadoop.security.logger=INFO,NullAppender 
java_command: org.apache.hadoop.util.RunJar /mnt/hgfs/mcl-im-seg/target/bin/../mcl-im-seg-jar-with-dependencies.jar bmcl -cm -co -zk -i s5/r3_256_n -o tmp -n --local -d -v
Launcher Type: SUN_STANDARD

Environment Variables:
JAVA_HOME=/opt/java/jdk1.7.0_75
CLASSPATH=/etc/hadoop2:/usr/share/hadoop2/share/hadoop/common/lib/*:/usr/share/hadoop2/share/hadoop/common/*:/usr/share/hadoop2/share/hadoop/hdfs:/usr/share/hadoop2/share/hadoop/hdfs/lib/*:/usr/share/hadoop2/share/hadoop/hdfs/*:/usr/share/hadoop2/share/hadoop/yarn/lib/*:/usr/share/hadoop2/share/hadoop/yarn/*:/usr/share/hadoop2/share/hadoop/mapreduce/lib/*:/usr/share/hadoop2/share/hadoop/mapreduce/*:/contrib/capacity-scheduler/*.jar
PATH=/usr/local/sbin:/usr/local/bin:/usr/sbin:/usr/bin:/sbin:/bin:/usr/games:/usr/local/games:/usr/share/hadoop2/bin:/usr/share/hadoop2/sbin:/usr/share/spark/bin:/mnt/hgfs/mcl-im-seg/target/bin
USERNAME=root
LD_LIBRARY_PATH=:/mnt/hgfs/mcl-im-seg/target/bin/../native:/usr/share/hadoop2/lib/native
SHELL=/bin/bash

Signal Handlers:
SIGSEGV: [libjvm.so+0x9a21f0], sa_mask[0]=0x7ffbfeff, sa_flags=0x10000004
SIGBUS: [libjvm.so+0x9a21f0], sa_mask[0]=0x7ffbfeff, sa_flags=0x10000004
SIGFPE: [libjvm.so+0x81ba40], sa_mask[0]=0x7ffbfeff, sa_flags=0x10000004
SIGPIPE: [libjvm.so+0x81ba40], sa_mask[0]=0x7ffbfeff, sa_flags=0x10000004
SIGXFSZ: [libjvm.so+0x81ba40], sa_mask[0]=0x7ffbfeff, sa_flags=0x10000004
SIGILL: [libjvm.so+0x81ba40], sa_mask[0]=0x7ffbfeff, sa_flags=0x10000004
SIGUSR1: SIG_DFL, sa_mask[0]=0x00000000, sa_flags=0x00000000
SIGUSR2: [libjvm.so+0x81d240], sa_mask[0]=0x00000000, sa_flags=0x10000004
SIGHUP: [libjvm.so+0x81e360], sa_mask[0]=0x7ffbfeff, sa_flags=0x10000004
SIGINT: [libjvm.so+0x81e360], sa_mask[0]=0x7ffbfeff, sa_flags=0x10000004
SIGTERM: [libjvm.so+0x81e360], sa_mask[0]=0x7ffbfeff, sa_flags=0x10000004
SIGQUIT: [libjvm.so+0x81e360], sa_mask[0]=0x7ffbfeff, sa_flags=0x10000004


---------------  S Y S T E M  ---------------

OS:jessie/sid

uname:Linux 3.13.0-24-generic #47-Ubuntu SMP Fri May 2 23:30:00 UTC 2014 x86_64
libc:glibc 2.19 NPTL 2.19 
rlimit: STACK 8192k, CORE 0k, NPROC 23779, NOFILE 4096, AS infinity
load average:1,80 0,93 0,62

/proc/meminfo:
MemTotal:        3074916 kB
MemFree:          429588 kB
Buffers:          106720 kB
Cached:           537060 kB
SwapCached:         7636 kB
Active:          1712608 kB
Inactive:         676740 kB
Active(anon):    1250260 kB
Inactive(anon):   495504 kB
Active(file):     462348 kB
Inactive(file):   181236 kB
Unevictable:           0 kB
Mlocked:               0 kB
SwapTotal:       2094076 kB
SwapFree:        2055604 kB
Dirty:             62620 kB
Writeback:             0 kB
AnonPages:       1739216 kB
Mapped:            31340 kB
Shmem:               168 kB
Slab:             131240 kB
SReclaimable:      96056 kB
SUnreclaim:        35184 kB
KernelStack:        6848 kB
PageTables:        13884 kB
NFS_Unstable:          0 kB
Bounce:                0 kB
WritebackTmp:          0 kB
CommitLimit:     3631532 kB
Committed_AS:    2495344 kB
VmallocTotal:   34359738367 kB
VmallocUsed:      182132 kB
VmallocChunk:   34359495372 kB
HardwareCorrupted:     0 kB
AnonHugePages:   1290240 kB
HugePages_Total:       0
HugePages_Free:        0
HugePages_Rsvd:        0
HugePages_Surp:        0
Hugepagesize:       2048 kB
DirectMap4k:       59264 kB
DirectMap2M:     3086336 kB


CPU:total 3 (3 cores per cpu, 1 threads per core) family 6 model 42 stepping 7, cmov, cx8, fxsr, mmx, sse, sse2, sse3, ssse3, sse4.1, sse4.2, popcnt, avx, aes, tsc, tscinvbit

/proc/cpuinfo:
processor	: 0
vendor_id	: GenuineIntel
cpu family	: 6
model		: 42
model name	: Intel(R) Core(TM) i5-2430M CPU @ 2.40GHz
stepping	: 7
microcode	: 0x28
cpu MHz		: 2394.564
cache size	: 3072 KB
physical id	: 0
siblings	: 3
core id		: 0
cpu cores	: 3
apicid		: 0
initial apicid	: 0
fpu		: yes
fpu_exception	: yes
cpuid level	: 13
wp		: yes
flags		: fpu vme de pse tsc msr pae mce cx8 apic sep mtrr pge mca cmov pat pse36 clflush dts mmx fxsr sse sse2 ss ht syscall nx rdtscp lm constant_tsc arch_perfmon pebs bts nopl xtopology tsc_reliable nonstop_tsc aperfmperf eagerfpu pni pclmulqdq vmx ssse3 cx16 pcid sse4_1 sse4_2 x2apic popcnt aes xsave avx hypervisor lahf_lm ida arat epb xsaveopt pln pts dtherm tpr_shadow vnmi ept vpid
bogomips	: 4789.12
clflush size	: 64
cache_alignment	: 64
address sizes	: 40 bits physical, 48 bits virtual
power management:

processor	: 1
vendor_id	: GenuineIntel
cpu family	: 6
model		: 42
model name	: Intel(R) Core(TM) i5-2430M CPU @ 2.40GHz
stepping	: 7
microcode	: 0x28
cpu MHz		: 2394.564
cache size	: 3072 KB
physical id	: 0
siblings	: 3
core id		: 1
cpu cores	: 3
apicid		: 1
initial apicid	: 1
fpu		: yes
fpu_exception	: yes
cpuid level	: 13
wp		: yes
flags		: fpu vme de pse tsc msr pae mce cx8 apic sep mtrr pge mca cmov pat pse36 clflush dts mmx fxsr sse sse2 ss ht syscall nx rdtscp lm constant_tsc arch_perfmon pebs bts nopl xtopology tsc_reliable nonstop_tsc aperfmperf eagerfpu pni pclmulqdq vmx ssse3 cx16 pcid sse4_1 sse4_2 x2apic popcnt aes xsave avx hypervisor lahf_lm ida arat epb xsaveopt pln pts dtherm tpr_shadow vnmi ept vpid
bogomips	: 4789.12
clflush size	: 64
cache_alignment	: 64
address sizes	: 40 bits physical, 48 bits virtual
power management:

processor	: 2
vendor_id	: GenuineIntel
cpu family	: 6
model		: 42
model name	: Intel(R) Core(TM) i5-2430M CPU @ 2.40GHz
stepping	: 7
microcode	: 0x28
cpu MHz		: 2394.564
cache size	: 3072 KB
physical id	: 0
siblings	: 3
core id		: 2
cpu cores	: 3
apicid		: 2
initial apicid	: 2
fpu		: yes
fpu_exception	: yes
cpuid level	: 13
wp		: yes
flags		: fpu vme de pse tsc msr pae mce cx8 apic sep mtrr pge mca cmov pat pse36 clflush dts mmx fxsr sse sse2 ss ht syscall nx rdtscp lm constant_tsc arch_perfmon pebs bts nopl xtopology tsc_reliable nonstop_tsc aperfmperf eagerfpu pni pclmulqdq vmx ssse3 cx16 pcid sse4_1 sse4_2 x2apic popcnt aes xsave avx hypervisor lahf_lm ida arat epb xsaveopt pln pts dtherm tpr_shadow vnmi ept vpid
bogomips	: 4789.12
clflush size	: 64
cache_alignment	: 64
address sizes	: 40 bits physical, 48 bits virtual
power management:



Memory: 4k page, physical 3074916k(429588k free), swap 2094076k(2055604k free)

vm_info: Java HotSpot(TM) 64-Bit Server VM (24.75-b04) for linux-amd64 JRE (1.7.0_75-b13), built on Dec 18 2014 16:45:18 by "java_re" with gcc 4.3.0 20080428 (Red Hat 4.3.0-8)

time: Sat Feb 28 23:41:51 2015
elapsed time: 121 seconds

