#
# A fatal error has been detected by the Java Runtime Environment:
#
#  SIGSEGV (0xb) at pc=0x00007f48128707d2, pid=12160, tid=139947525187328
#
# JRE version: Java(TM) SE Runtime Environment (7.0_75-b13) (build 1.7.0_75-b13)
# Java VM: Java HotSpot(TM) 64-Bit Server VM (24.75-b04 mixed mode linux-amd64 compressed oops)
# Problematic frame:
# C  [libmclnative.so+0x57d2]  vecAddMultForward+0x193
#
# Failed to write core dump. Core dumps have been disabled. To enable core dumping, try "ulimit -c unlimited" before starting Java again
#
# If you would like to submit a bug report, please visit:
#   http://bugreport.sun.com/bugreport/crash.jsp
# The crash happened outside the Java Virtual Machine in native code.
# See problematic frame for where to report the bug.
#

---------------  T H R E A D  ---------------

Current thread (0x00007f481c06b800):  JavaThread "LocalJobRunner Map Task Executor #0" [_thread_in_native, id=12243, stack(0x00007f481276a000,0x00007f481286b000)]

siginfo:si_signo=SIGSEGV: si_errno=0, si_code=2 (SEGV_ACCERR), si_addr=0x00007f4812164000

Registers:
RAX=0x00007f4812163ff5, RBX=0x00000000dc642c40, RCX=0x00007f4811e17cb5, RDX=0x00007f4812164005
RSP=0x00007f4812868fe0, RBP=0x00007f4812869030, RSI=0x0000000000000000, RDI=0x00007f4811e17ca5
R8 =0x5d29297974706d65, R9 =0x0000000000000008, R10=0x00007f4829dde6a0, R11=0x0000000000000000
R12=0x0000000000000000, R13=0x00000000dc642c40, R14=0x00007f48128691f0, R15=0x00007f481c06b800
RIP=0x00007f48128707d2, EFLAGS=0x0000000000010202, CSGSFS=0x0000000000000033, ERR=0x0000000000000004
  TRAPNO=0x000000000000000e

Top of Stack: (sp=0x00007f4812868fe0)
0x00007f4812868fe0:   0000000001b342e0 0000000001b34360
0x00007f4812868ff0:   0000000001b34380 3d66bdff00000010
0x00007f4812869000:   00007f4812869030 00007f4812164005
0x00007f4812869010:   00007f481143c415 00007f4811e17cb5
0x00007f4812869020:   00007f4811786415 00007f481143c415
0x00007f4812869030:   00007f48128690a0 00007f481286f692
0x00007f4812869040:   000000013d66bdff ffffffdd00000010
0x00007f4812869050:   00007f481143c415 0000000001b342e0
0x00007f4812869060:   0000000001b342c0 0000000001b34300
0x00007f4812869070:   0000000001b342e0 00007f481286db20
0x00007f4812869080:   0000021100000009 0000000001b34380
0x00007f4812869090:   0000000001b34360 00000000022431a0
0x00007f48128690a0:   00007f4812869120 00007f481286f373
0x00007f48128690b0:   00007f4800000001 00007f481286ba00
0x00007f48128690c0:   0000000001b34330 0000000001b34300
0x00007f48128690d0:   0000000000000000 ffffffdd2a435515
0x00007f48128690e0:   0000000001b342c0 00007f481143c015
0x00007f48128690f0:   00007f481143c019 00000000000000ff
0x00007f4812869100:   0000000001b34300 0000000000001369
0x00007f4812869110:   0000000000000a02 0000000001b342e0
0x00007f4812869120:   00007f4812869160 00007f481286e308
0x00007f4812869130:   00007f48128691e8 00007f48128691f0
0x00007f4812869140:   00007f48128691d8 00007f481c06b9e8
0x00007f4812869150:   0000000001b34300 0000000001b34330
0x00007f4812869160:   00007f48128691c8 00007f48207c5d98
0x00007f4812869170:   00007f48207b8310 0000000000000000
0x00007f4812869180:   00007f481c06b800 00007f4812869188
0x00007f4812869190:   00000000dc642c40 00007f48128691f0
0x00007f48128691a0:   00000000dc643048 0000000000000000
0x00007f48128691b0:   00000000dc642c40 0000000000000000
0x00007f48128691c0:   00007f48128691e8 00007f4812869238
0x00007f48128691d0:   00007f48207b9058 00000000e04a13a8 

Instructions: (pc=0x00007f48128707d2)
0x00007f48128707b2:   45 f0 74 0e 48 8b 45 e0 48 3b 45 f8 0f 85 18 ff
0x00007f48128707c2:   ff ff eb 34 48 8b 45 d8 48 8d 50 10 48 89 55 d8
0x00007f48128707d2:   f3 0f 10 40 08 f3 0f 59 45 cc 48 8b 45 d8 48 8b
0x00007f48128707e2:   10 48 8b 45 e8 48 8d 48 10 48 89 4d e8 48 89 d6 

Register to memory mapping:

RAX=0x00007f4812163ff5 is an unknown value
RBX=0x00000000dc642c40 is an oop
{method} 
 - klass: {other class}
RCX=0x00007f4811e17cb5 is an unknown value
RDX=0x00007f4812164005 is pointing into the stack for thread: 0x00007f4824644000
RSP=0x00007f4812868fe0 is pointing into the stack for thread: 0x00007f481c06b800
RBP=0x00007f4812869030 is pointing into the stack for thread: 0x00007f481c06b800
RSI=0x0000000000000000 is an unknown value
RDI=0x00007f4811e17ca5 is an unknown value
R8 =0x5d29297974706d65 is an unknown value
R9 =0x0000000000000008 is an unknown value
R10=0x00007f4829dde6a0: _IO_file_jumps+0 in /lib/x86_64-linux-gnu/libc.so.6 at 0x00007f4829a20000
R11=0x0000000000000000 is an unknown value
R12=0x0000000000000000 is an unknown value
R13=0x00000000dc642c40 is an oop
{method} 
 - klass: {other class}
R14=0x00007f48128691f0 is pointing into the stack for thread: 0x00007f481c06b800
R15=0x00007f481c06b800 is a thread


Stack: [0x00007f481276a000,0x00007f481286b000],  sp=0x00007f4812868fe0,  free space=1019k
Native frames: (J=compiled Java code, j=interpreted, Vv=VM code, C=native code)
C  [libmclnative.so+0x57d2]  vecAddMultForward+0x193
C  [libmclnative.so+0x4692]  sliceVecMult+0x194
C  [libmclnative.so+0x4373]  sliceMultiply+0x16b
C  [libmclnative.so+0x3308]  Java_io_writables_nat_NativeCSCSliceHelper_multiply+0x6e
j  io.writables.nat.NativeCSCSliceHelper.multiply(Ljava/nio/ByteBuffer;Ljava/nio/ByteBuffer;)V+0
j  io.writables.nat.NativeCSCSlice.multipliedBy(Lio/writables/nat/NativeCSCSlice;)Lio/writables/nat/NativeCSCSlice;+8
j  io.writables.nat.NativeCSCSlice.multipliedBy(Lio/writables/MCLMatrixSlice;)Lio/writables/MCLMatrixSlice;+5
j  mapred.job.MCLStep$MCLMapper.map(Lio/writables/SliceId;Lorg/apache/hadoop/mapreduce/lib/join/TupleWritable;Lorg/apache/hadoop/mapreduce/Mapper$Context;)V+232
j  mapred.job.MCLStep$MCLMapper.map(Ljava/lang/Object;Ljava/lang/Object;Lorg/apache/hadoop/mapreduce/Mapper$Context;)V+13
j  org.apache.hadoop.mapreduce.Mapper.run(Lorg/apache/hadoop/mapreduce/Mapper$Context;)V+22
j  org.apache.hadoop.mapred.MapTask.runNewMapper(Lorg/apache/hadoop/mapred/JobConf;Lorg/apache/hadoop/mapreduce/split/JobSplit$TaskSplitIndex;Lorg/apache/hadoop/mapred/TaskUmbilicalProtocol;Lorg/apache/hadoop/mapred/Task$TaskReporter;)V+228
j  org.apache.hadoop.mapred.MapTask.run(Lorg/apache/hadoop/mapred/JobConf;Lorg/apache/hadoop/mapred/TaskUmbilicalProtocol;)V+148
j  org.apache.hadoop.mapred.LocalJobRunner$Job$MapTaskRunnable.run()V+223
j  java.util.concurrent.Executors$RunnableAdapter.call()Ljava/lang/Object;+4
j  java.util.concurrent.FutureTask.run()V+42
j  java.util.concurrent.ThreadPoolExecutor.runWorker(Ljava/util/concurrent/ThreadPoolExecutor$Worker;)V+95
j  java.util.concurrent.ThreadPoolExecutor$Worker.run()V+5
j  java.lang.Thread.run()V+11
v  ~StubRoutines::call_stub
V  [libjvm.so+0x600045]  JavaCalls::call_helper(JavaValue*, methodHandle*, JavaCallArguments*, Thread*)+0x365
V  [libjvm.so+0x5feaa8]  JavaCalls::call(JavaValue*, methodHandle, JavaCallArguments*, Thread*)+0x28
V  [libjvm.so+0x5fed77]  JavaCalls::call_virtual(JavaValue*, KlassHandle, Symbol*, Symbol*, JavaCallArguments*, Thread*)+0x197
V  [libjvm.so+0x5fee97]  JavaCalls::call_virtual(JavaValue*, Handle, KlassHandle, Symbol*, Symbol*, Thread*)+0x47
V  [libjvm.so+0x67beb5]  thread_entry(JavaThread*, Thread*)+0xe5
V  [libjvm.so+0x95a71f]  JavaThread::thread_main_inner()+0xdf
V  [libjvm.so+0x95a825]  JavaThread::run()+0xf5
V  [libjvm.so+0x820b88]  java_start(Thread*)+0x108

Java frames: (J=compiled Java code, j=interpreted, Vv=VM code)
j  io.writables.nat.NativeCSCSliceHelper.multiply(Ljava/nio/ByteBuffer;Ljava/nio/ByteBuffer;)V+0
j  io.writables.nat.NativeCSCSlice.multipliedBy(Lio/writables/nat/NativeCSCSlice;)Lio/writables/nat/NativeCSCSlice;+8
j  io.writables.nat.NativeCSCSlice.multipliedBy(Lio/writables/MCLMatrixSlice;)Lio/writables/MCLMatrixSlice;+5
j  mapred.job.MCLStep$MCLMapper.map(Lio/writables/SliceId;Lorg/apache/hadoop/mapreduce/lib/join/TupleWritable;Lorg/apache/hadoop/mapreduce/Mapper$Context;)V+232
j  mapred.job.MCLStep$MCLMapper.map(Ljava/lang/Object;Ljava/lang/Object;Lorg/apache/hadoop/mapreduce/Mapper$Context;)V+13
j  org.apache.hadoop.mapreduce.Mapper.run(Lorg/apache/hadoop/mapreduce/Mapper$Context;)V+22
j  org.apache.hadoop.mapred.MapTask.runNewMapper(Lorg/apache/hadoop/mapred/JobConf;Lorg/apache/hadoop/mapreduce/split/JobSplit$TaskSplitIndex;Lorg/apache/hadoop/mapred/TaskUmbilicalProtocol;Lorg/apache/hadoop/mapred/Task$TaskReporter;)V+228
j  org.apache.hadoop.mapred.MapTask.run(Lorg/apache/hadoop/mapred/JobConf;Lorg/apache/hadoop/mapred/TaskUmbilicalProtocol;)V+148
j  org.apache.hadoop.mapred.LocalJobRunner$Job$MapTaskRunnable.run()V+223
j  java.util.concurrent.Executors$RunnableAdapter.call()Ljava/lang/Object;+4
j  java.util.concurrent.FutureTask.run()V+42
j  java.util.concurrent.ThreadPoolExecutor.runWorker(Ljava/util/concurrent/ThreadPoolExecutor$Worker;)V+95
j  java.util.concurrent.ThreadPoolExecutor$Worker.run()V+5
j  java.lang.Thread.run()V+11
v  ~StubRoutines::call_stub

---------------  P R O C E S S  ---------------

Java Threads: ( => current thread )
  0x000000000197a800 JavaThread "SpillThread" daemon [_thread_blocked, id=12245, stack(0x00007f4812568000,0x00007f4812669000)]
  0x0000000001d87800 JavaThread "communication thread" daemon [_thread_blocked, id=12244, stack(0x00007f4812a75000,0x00007f4812b76000)]
=>0x00007f481c06b800 JavaThread "LocalJobRunner Map Task Executor #0" [_thread_in_native, id=12243, stack(0x00007f481276a000,0x00007f481286b000)]
  0x00007f48248b9000 JavaThread "Thread-27" [_thread_blocked, id=12242, stack(0x00007f4812b76000,0x00007f4812c77000)]
  0x00007f48240b8000 JavaThread "main-EventThread" daemon [_thread_blocked, id=12241, stack(0x00007f48130d4000,0x00007f48131d5000)]
  0x00007f48240b7800 JavaThread "main-SendThread(mint-vm:2181)" daemon [_thread_in_native, id=12240, stack(0x00007f48132d6000,0x00007f48133d7000)]
  0x00000000017a9800 JavaThread "Readahead Thread #3" daemon [_thread_blocked, id=12229, stack(0x00007f4812669000,0x00007f481276a000)]
  0x00007f4824644000 JavaThread "Readahead Thread #2" daemon [_thread_blocked, id=12228, stack(0x00007f4812164000,0x00007f4812265000)]
  0x00007f4824642800 JavaThread "Readahead Thread #1" daemon [_thread_blocked, id=12227, stack(0x00007f4812265000,0x00007f4812366000)]
  0x00007f482463f000 JavaThread "Readahead Thread #0" daemon [_thread_blocked, id=12226, stack(0x00007f4812366000,0x00007f4812467000)]
  0x00007f4824bbc000 JavaThread "LeaseRenewer:hduser@192.168.233.128:8020" daemon [_thread_blocked, id=12202, stack(0x00007f48131d5000,0x00007f48132d6000)]
  0x00007f4824bab800 JavaThread "org.apache.hadoop.hdfs.PeerCache@36bc9162" daemon [_thread_blocked, id=12200, stack(0x00007f48133d7000,0x00007f48134d8000)]
  0x00007f4824b2f000 JavaThread "IPC Parameter Sending Thread #0" daemon [_thread_blocked, id=12198, stack(0x00007f48134d8000,0x00007f48135d9000)]
  0x00007f4824b2e000 JavaThread "IPC Client (100630431) connection to /192.168.233.128:8020 from hduser" daemon [_thread_blocked, id=12197, stack(0x00007f48135d9000,0x00007f48136da000)]
  0x00007f4824aed000 JavaThread "Thread-4" daemon [_thread_in_native, id=12196, stack(0x00007f4813cfe000,0x00007f4813dff000)]
  0x00007f48140ce800 JavaThread "ProcessThread(sid:0 cport:-1):" daemon [_thread_blocked, id=12194, stack(0x00007f48180b6000,0x00007f48181b7000)]
  0x00007f48140c9800 JavaThread "SyncThread:0" daemon [_thread_blocked, id=12193, stack(0x00007f48181b7000,0x00007f48182b8000)]
  0x00007f48140c8000 JavaThread "SessionTracker" daemon [_thread_blocked, id=12192, stack(0x00007f48182b8000,0x00007f48183b9000)]
  0x00007f4814032800 JavaThread "NIOServerCxn.Factory:0.0.0.0/0.0.0.0:2181" daemon [_thread_in_native, id=12191, stack(0x00007f48185c1000,0x00007f48186c2000)]
  0x00007f48246d8000 JavaThread "Thread-3" daemon [_thread_blocked, id=12190, stack(0x00007f48186c2000,0x00007f48187c3000)]
  0x00007f4824682800 JavaThread "process reaper" daemon [_thread_blocked, id=12188, stack(0x00007f48187c3000,0x00007f48187fc000)]
  0x00007f482409d800 JavaThread "Service Thread" daemon [_thread_blocked, id=12185, stack(0x00007f4819466000,0x00007f4819567000)]
  0x00007f482409b000 JavaThread "C2 CompilerThread1" daemon [_thread_blocked, id=12184, stack(0x00007f4819567000,0x00007f4819668000)]
  0x00007f4824098000 JavaThread "C2 CompilerThread0" daemon [_thread_in_native, id=12183, stack(0x00007f4819668000,0x00007f4819769000)]
  0x00007f4824096000 JavaThread "Signal Dispatcher" daemon [_thread_blocked, id=12182, stack(0x00007f4819769000,0x00007f481986a000)]
  0x00007f4824073800 JavaThread "Finalizer" daemon [_thread_blocked, id=12181, stack(0x00007f4819ca2000,0x00007f4819da3000)]
  0x00007f4824071800 JavaThread "Reference Handler" daemon [_thread_blocked, id=12180, stack(0x00007f4819da3000,0x00007f4819ea4000)]
  0x00007f482400f800 JavaThread "main" [_thread_blocked, id=12175, stack(0x00007f482a51a000,0x00007f482a61b000)]

Other Threads:
  0x00007f482406d000 VMThread [stack: 0x00007f4819ea4000,0x00007f4819fa5000] [id=12179]
  0x00007f48240a8800 WatcherThread [stack: 0x00007f4819365000,0x00007f4819466000] [id=12186]

VM state:not at safepoint (normal execution)

VM Mutex/Monitor currently owned by a thread: None

Heap
 PSYoungGen      total 165888K, used 55017K [0x00000000f5500000, 0x00000000fff00000, 0x0000000100000000)
  eden space 157696K, 34% used [0x00000000f5500000,0x00000000f8aba608,0x00000000fef00000)
  from space 8192K, 0% used [0x00000000ff700000,0x00000000ff700000,0x00000000fff00000)
  to   space 8192K, 0% used [0x00000000fef00000,0x00000000fef00000,0x00000000ff700000)
 ParOldGen       total 252416K, used 211772K [0x00000000e0000000, 0x00000000ef680000, 0x00000000f5500000)
  object space 252416K, 83% used [0x00000000e0000000,0x00000000ececf318,0x00000000ef680000)
 PSPermGen       total 51712K, used 26282K [0x00000000dae00000, 0x00000000de080000, 0x00000000e0000000)
  object space 51712K, 50% used [0x00000000dae00000,0x00000000dc7aaa18,0x00000000de080000)

Card table byte_map: [0x00007f4820689000,0x00007f48207b3000] byte_map_base: 0x00007f481ffb2000

Polling page: 0x00007f482a63e000

Code Cache  [0x00007f48207b3000, 0x00007f4820a23000, 0x00007f48237b3000)
 total_blobs=1008 nmethods=552 adapters=409 free_code_cache=47370Kb largest_free_block=48463936

Compilation events (10 events):
Event: 7,163 Thread 0x00007f482409b000  572             java.util.LinkedList::toArray (84 bytes)
Event: 7,167 Thread 0x00007f482409b000 nmethod 572 0x00007f4820965290 code [0x00007f48209653e0, 0x00007f48209655f8]
Event: 7,172 Thread 0x00007f482409b000  573             com.sun.org.apache.xerces.internal.dom.ParentNode::hasChildNodes (24 bytes)
Event: 7,175 Thread 0x00007f482409b000 nmethod 573 0x00007f4820970d10 code [0x00007f4820970e60, 0x00007f4820970f68]
Event: 7,189 Thread 0x00007f482409b000  574             java.util.HashMap$EntryIterator::next (5 bytes)
Event: 7,191 Thread 0x00007f482409b000 nmethod 574 0x00007f4820973110 code [0x00007f4820973260, 0x00007f4820973398]
Event: 7,192 Thread 0x00007f482409b000  575             java.util.HashMap$EntryIterator::next (5 bytes)
Event: 7,195 Thread 0x00007f482409b000 nmethod 575 0x00007f4820972d50 code [0x00007f4820972ea0, 0x00007f4820972fd8]
Event: 7,242 Thread 0x00007f482409b000  576             java.lang.String::regionMatches (149 bytes)
Event: 7,254 Thread 0x00007f482409b000 nmethod 576 0x00007f48209719d0 code [0x00007f4820971b40, 0x00007f4820972398]

GC Heap History (10 events):
Event: 2,701 GC heap before
{Heap before GC invocations=7 (full 0):
 PSYoungGen      total 54784K, used 53745K [0x00000000f5500000, 0x00000000f9000000, 0x0000000100000000)
  eden space 49152K, 100% used [0x00000000f5500000,0x00000000f8500000,0x00000000f8500000)
  from space 5632K, 81% used [0x00000000f8a80000,0x00000000f8efc6b8,0x00000000f9000000)
  to   space 5632K, 0% used [0x00000000f8500000,0x00000000f8500000,0x00000000f8a80000)
 ParOldGen       total 31744K, used 7974K [0x00000000e0000000, 0x00000000e1f00000, 0x00000000f5500000)
  object space 31744K, 25% used [0x00000000e0000000,0x00000000e07c9850,0x00000000e1f00000)
 PSPermGen       total 21504K, used 20967K [0x00000000dae00000, 0x00000000dc300000, 0x00000000e0000000)
  object space 21504K, 97% used [0x00000000dae00000,0x00000000dc279d18,0x00000000dc300000)
Event: 2,715 GC heap after
Heap after GC invocations=7 (full 0):
 PSYoungGen      total 54784K, used 5623K [0x00000000f5500000, 0x00000000fc300000, 0x0000000100000000)
  eden space 49152K, 0% used [0x00000000f5500000,0x00000000f5500000,0x00000000f8500000)
  from space 5632K, 99% used [0x00000000f8500000,0x00000000f8a7ded8,0x00000000f8a80000)
  to   space 7168K, 0% used [0x00000000fbc00000,0x00000000fbc00000,0x00000000fc300000)
 ParOldGen       total 31744K, used 9246K [0x00000000e0000000, 0x00000000e1f00000, 0x00000000f5500000)
  object space 31744K, 29% used [0x00000000e0000000,0x00000000e0907b48,0x00000000e1f00000)
 PSPermGen       total 21504K, used 20967K [0x00000000dae00000, 0x00000000dc300000, 0x00000000e0000000)
  object space 21504K, 97% used [0x00000000dae00000,0x00000000dc279d18,0x00000000dc300000)
}
Event: 3,712 GC heap before
{Heap before GC invocations=8 (full 0):
 PSYoungGen      total 54784K, used 54775K [0x00000000f5500000, 0x00000000fc300000, 0x0000000100000000)
  eden space 49152K, 100% used [0x00000000f5500000,0x00000000f8500000,0x00000000f8500000)
  from space 5632K, 99% used [0x00000000f8500000,0x00000000f8a7ded8,0x00000000f8a80000)
  to   space 7168K, 0% used [0x00000000fbc00000,0x00000000fbc00000,0x00000000fc300000)
 ParOldGen       total 31744K, used 9246K [0x00000000e0000000, 0x00000000e1f00000, 0x00000000f5500000)
  object space 31744K, 29% used [0x00000000e0000000,0x00000000e0907b48,0x00000000e1f00000)
 PSPermGen       total 24064K, used 23893K [0x00000000dae00000, 0x00000000dc580000, 0x00000000e0000000)
  object space 24064K, 99% used [0x00000000dae00000,0x00000000dc5555b8,0x00000000dc580000)
Event: 3,725 GC heap after
Heap after GC invocations=8 (full 0):
 PSYoungGen      total 105472K, used 5253K [0x00000000f5500000, 0x00000000fc300000, 0x0000000100000000)
  eden space 98304K, 0% used [0x00000000f5500000,0x00000000f5500000,0x00000000fb500000)
  from space 7168K, 73% used [0x00000000fbc00000,0x00000000fc121480,0x00000000fc300000)
  to   space 7168K, 0% used [0x00000000fb500000,0x00000000fb500000,0x00000000fbc00000)
 ParOldGen       total 31744K, used 9638K [0x00000000e0000000, 0x00000000e1f00000, 0x00000000f5500000)
  object space 31744K, 30% used [0x00000000e0000000,0x00000000e0969b48,0x00000000e1f00000)
 PSPermGen       total 24064K, used 23893K [0x00000000dae00000, 0x00000000dc580000, 0x00000000e0000000)
  object space 24064K, 99% used [0x00000000dae00000,0x00000000dc5555b8,0x00000000dc580000)
}
Event: 4,710 GC heap before
{Heap before GC invocations=9 (full 0):
 PSYoungGen      total 105472K, used 103557K [0x00000000f5500000, 0x00000000fc300000, 0x0000000100000000)
  eden space 98304K, 100% used [0x00000000f5500000,0x00000000fb500000,0x00000000fb500000)
  from space 7168K, 73% used [0x00000000fbc00000,0x00000000fc121480,0x00000000fc300000)
  to   space 7168K, 0% used [0x00000000fb500000,0x00000000fb500000,0x00000000fbc00000)
 ParOldGen       total 237056K, used 214438K [0x00000000e0000000, 0x00000000ee780000, 0x00000000f5500000)
  object space 237056K, 90% used [0x00000000e0000000,0x00000000ed169b58,0x00000000ee780000)
 PSPermGen       total 25088K, used 24907K [0x00000000dae00000, 0x00000000dc680000, 0x00000000e0000000)
  object space 25088K, 99% used [0x00000000dae00000,0x00000000dc652da8,0x00000000dc680000)
Event: 4,722 GC heap after
Heap after GC invocations=9 (full 0):
 PSYoungGen      total 105472K, used 6878K [0x00000000f5500000, 0x00000000fff00000, 0x0000000100000000)
  eden space 98304K, 0% used [0x00000000f5500000,0x00000000f5500000,0x00000000fb500000)
  from space 7168K, 95% used [0x00000000fb500000,0x00000000fbbb7898,0x00000000fbc00000)
  to   space 8192K, 0% used [0x00000000ff700000,0x00000000ff700000,0x00000000fff00000)
 ParOldGen       total 237056K, used 215300K [0x00000000e0000000, 0x00000000ee780000, 0x00000000f5500000)
  object space 237056K, 90% used [0x00000000e0000000,0x00000000ed241368,0x00000000ee780000)
 PSPermGen       total 25088K, used 24907K [0x00000000dae00000, 0x00000000dc680000, 0x00000000e0000000)
  object space 25088K, 99% used [0x00000000dae00000,0x00000000dc652da8,0x00000000dc680000)
}
Event: 5,967 GC heap before
{Heap before GC invocations=10 (full 0):
 PSYoungGen      total 105472K, used 105182K [0x00000000f5500000, 0x00000000fff00000, 0x0000000100000000)
  eden space 98304K, 100% used [0x00000000f5500000,0x00000000fb500000,0x00000000fb500000)
  from space 7168K, 95% used [0x00000000fb500000,0x00000000fbbb7898,0x00000000fbc00000)
  to   space 8192K, 0% used [0x00000000ff700000,0x00000000ff700000,0x00000000fff00000)
 ParOldGen       total 237056K, used 215300K [0x00000000e0000000, 0x00000000ee780000, 0x00000000f5500000)
  object space 237056K, 90% used [0x00000000e0000000,0x00000000ed241368,0x00000000ee780000)
 PSPermGen       total 26112K, used 25626K [0x00000000dae00000, 0x00000000dc780000, 0x00000000e0000000)
  object space 26112K, 98% used [0x00000000dae00000,0x00000000dc7069d0,0x00000000dc780000)
Event: 5,974 GC heap after
Heap after GC invocations=10 (full 0):
 PSYoungGen      total 165888K, used 2370K [0x00000000f5500000, 0x00000000fff00000, 0x0000000100000000)
  eden space 157696K, 0% used [0x00000000f5500000,0x00000000f5500000,0x00000000fef00000)
  from space 8192K, 28% used [0x00000000ff700000,0x00000000ff950b50,0x00000000fff00000)
  to   space 8192K, 0% used [0x00000000fef00000,0x00000000fef00000,0x00000000ff700000)
 ParOldGen       total 237056K, used 217151K [0x00000000e0000000, 0x00000000ee780000, 0x00000000f5500000)
  object space 237056K, 91% used [0x00000000e0000000,0x00000000ed40fe28,0x00000000ee780000)
 PSPermGen       total 26112K, used 25626K [0x00000000dae00000, 0x00000000dc780000, 0x00000000e0000000)
  object space 26112K, 98% used [0x00000000dae00000,0x00000000dc7069d0,0x00000000dc780000)
}
Event: 5,974 GC heap before
{Heap before GC invocations=11 (full 1):
 PSYoungGen      total 165888K, used 2370K [0x00000000f5500000, 0x00000000fff00000, 0x0000000100000000)
  eden space 157696K, 0% used [0x00000000f5500000,0x00000000f5500000,0x00000000fef00000)
  from space 8192K, 28% used [0x00000000ff700000,0x00000000ff950b50,0x00000000fff00000)
  to   space 8192K, 0% used [0x00000000fef00000,0x00000000fef00000,0x00000000ff700000)
 ParOldGen       total 237056K, used 217151K [0x00000000e0000000, 0x00000000ee780000, 0x00000000f5500000)
  object space 237056K, 91% used [0x00000000e0000000,0x00000000ed40fe28,0x00000000ee780000)
 PSPermGen       total 26112K, used 25626K [0x00000000dae00000, 0x00000000dc780000, 0x00000000e0000000)
  object space 26112K, 98% used [0x00000000dae00000,0x00000000dc7069d0,0x00000000dc780000)
Event: 6,075 GC heap after
Heap after GC invocations=11 (full 1):
 PSYoungGen      total 165888K, used 0K [0x00000000f5500000, 0x00000000fff00000, 0x0000000100000000)
  eden space 157696K, 0% used [0x00000000f5500000,0x00000000f5500000,0x00000000fef00000)
  from space 8192K, 0% used [0x00000000ff700000,0x00000000ff700000,0x00000000fff00000)
  to   space 8192K, 0% used [0x00000000fef00000,0x00000000fef00000,0x00000000ff700000)
 ParOldGen       total 47104K, used 6972K [0x00000000e0000000, 0x00000000e2e00000, 0x00000000f5500000)
  object space 47104K, 14% used [0x00000000e0000000,0x00000000e06cf308,0x00000000e2e00000)
 PSPermGen       total 51712K, used 25610K [0x00000000dae00000, 0x00000000de080000, 0x00000000e0000000)
  object space 51712K, 49% used [0x00000000dae00000,0x00000000dc702a38,0x00000000de080000)
}

Deoptimization events (10 events):
Event: 7,018 Thread 0x00007f482400f800 Uncommon trap: reason=class_check action=maybe_recompile pc=0x00007f48209553a8 method=sun.nio.cs.StreamEncoder.writeBytes()V @ 120
Event: 7,018 Thread 0x00007f482400f800 Uncommon trap: reason=class_check action=maybe_recompile pc=0x00007f48209553a8 method=sun.nio.cs.StreamEncoder.writeBytes()V @ 120
Event: 7,022 Thread 0x00007f482400f800 Uncommon trap: reason=class_check action=maybe_recompile pc=0x00007f4820953668 method=sun.nio.cs.StreamEncoder.writeBytes()V @ 120
Event: 7,023 Thread 0x00007f482400f800 Uncommon trap: reason=class_check action=maybe_recompile pc=0x00007f48208e4c94 method=sun.nio.cs.StreamEncoder.implFlush()V @ 15
Event: 7,042 Thread 0x00007f482400f800 Uncommon trap: reason=class_check action=maybe_recompile pc=0x00007f482089ac0c method=org.apache.hadoop.conf.Configuration.loadResource(Ljava/util/Properties;Lorg/apache/hadoop/conf/Configuration$Resource;Z)Lorg/apache/hadoop/conf/Configuration$Resource; 
Event: 7,072 Thread 0x00007f482400f800 Uncommon trap: reason=class_check action=maybe_recompile pc=0x00007f48208efe28 method=com.sun.org.apache.xerces.internal.dom.ParentNode.internalInsertBefore(Lorg/w3c/dom/Node;Lorg/w3c/dom/Node;Z)Lorg/w3c/dom/Node; @ 565
Event: 7,095 Thread 0x00007f482400f800 Uncommon trap: reason=class_check action=maybe_recompile pc=0x00007f48208e4c94 method=sun.nio.cs.StreamEncoder.implFlush()V @ 15
Event: 7,124 Thread 0x00007f482400f800 Uncommon trap: reason=class_check action=maybe_recompile pc=0x00007f482089ac0c method=org.apache.hadoop.conf.Configuration.loadResource(Ljava/util/Properties;Lorg/apache/hadoop/conf/Configuration$Resource;Z)Lorg/apache/hadoop/conf/Configuration$Resource; 
Event: 7,134 Thread 0x00007f482400f800 Uncommon trap: reason=bimorphic action=maybe_recompile pc=0x00007f4820884844 method=java.net.URL.<init>(Ljava/net/URL;Ljava/lang/String;Ljava/net/URLStreamHandler;)V @ 504
Event: 7,171 Thread 0x00007f481c06b800 Uncommon trap: reason=predicate action=maybe_recompile pc=0x00007f48209654ec method=java.util.LinkedList.toArray([Ljava/lang/Object;)[Ljava/lang/Object; @ 45

Internal exceptions (10 events):
Event: 7,184 Thread 0x00007f481c06b800 Threw 0x00000000f7da9d08 at /HUDSON/workspace/7u-2-build-linux-amd64/jdk7u75/1940/hotspot/src/share/vm/prims/jvm.cpp:1281
Event: 7,187 Thread 0x00007f481c06b800 Threw 0x00000000f7dd59f8 at /HUDSON/workspace/7u-2-build-linux-amd64/jdk7u75/1940/hotspot/src/share/vm/prims/jvm.cpp:1281
Event: 7,188 Thread 0x00007f481c06b800 Threw 0x00000000f7decc58 at /HUDSON/workspace/7u-2-build-linux-amd64/jdk7u75/1940/hotspot/src/share/vm/prims/jvm.cpp:1281
Event: 7,239 Thread 0x00007f481c06b800 Threw 0x00000000f7e1ba00 at /HUDSON/workspace/7u-2-build-linux-amd64/jdk7u75/1940/hotspot/src/share/vm/prims/jvm.cpp:1281
Event: 7,239 Thread 0x00007f481c06b800 Threw 0x00000000f7e2a100 at /HUDSON/workspace/7u-2-build-linux-amd64/jdk7u75/1940/hotspot/src/share/vm/prims/jvm.cpp:1281
Event: 7,241 Thread 0x00007f481c06b800 Threw 0x00000000f7e2eaf0 at /HUDSON/workspace/7u-2-build-linux-amd64/jdk7u75/1940/hotspot/src/share/vm/prims/jvm.cpp:1281
Event: 7,242 Thread 0x00007f481c06b800 Threw 0x00000000f7e46298 at /HUDSON/workspace/7u-2-build-linux-amd64/jdk7u75/1940/hotspot/src/share/vm/prims/jvm.cpp:1281
Event: 7,260 Thread 0x00007f481c06b800 Threw 0x00000000f7eb5250 at /HUDSON/workspace/7u-2-build-linux-amd64/jdk7u75/1940/hotspot/src/share/vm/prims/jvm.cpp:1281
Event: 7,282 Thread 0x00007f481c06b800 Threw 0x00000000f7ee2078 at /HUDSON/workspace/7u-2-build-linux-amd64/jdk7u75/1940/hotspot/src/share/vm/prims/jvm.cpp:1281
Event: 7,284 Thread 0x00007f481c06b800 Threw 0x00000000f85b43f0 at /HUDSON/workspace/7u-2-build-linux-amd64/jdk7u75/1940/hotspot/src/share/vm/prims/jvm.cpp:1281

Events (10 events):
Event: 7,242 loading class 0x00007f481c03db60 done
Event: 7,246 Thread 0x000000000197a800 Thread added: 0x000000000197a800
Event: 7,259 Executing VM operation: RevokeBias
Event: 7,259 Executing VM operation: RevokeBias done
Event: 7,260 loading class 0x00007f48240a0eb0
Event: 7,260 loading class 0x00007f48240a0eb0 done
Event: 7,282 loading class 0x00007f48240a3160
Event: 7,282 loading class 0x00007f48240a3160 done
Event: 7,284 loading class 0x00007f482470e900
Event: 7,284 loading class 0x00007f482470e900 done


Dynamic libraries:
00400000-00401000 r-xp 00000000 08:01 12289                              /opt/java/jdk1.7.0_75/bin/java
00600000-00601000 rw-p 00000000 08:01 12289                              /opt/java/jdk1.7.0_75/bin/java
015f4000-028b3000 rw-p 00000000 00:00 0                                  [heap]
dae00000-de080000 rw-p 00000000 00:00 0 
de080000-e0000000 rw-p 00000000 00:00 0 
e0000000-ef680000 rw-p 00000000 00:00 0 
ef680000-f5500000 rw-p 00000000 00:00 0 
f5500000-fff00000 rw-p 00000000 00:00 0 
fff00000-100000000 rw-p 00000000 00:00 0 
7f4810026000-7f4810899000 rw-p 00000000 00:00 0 
7f4810a5e000-7f4812164000 rw-p 00000000 00:00 0 
7f4812164000-7f4812167000 ---p 00000000 00:00 0 
7f4812167000-7f4812265000 rw-p 00000000 00:00 0                          [stack:12228]
7f4812265000-7f4812268000 ---p 00000000 00:00 0 
7f4812268000-7f4812366000 rw-p 00000000 00:00 0                          [stack:12227]
7f4812366000-7f4812369000 ---p 00000000 00:00 0 
7f4812369000-7f4812467000 rw-p 00000000 00:00 0                          [stack:12226]
7f4812467000-7f481246a000 ---p 00000000 00:00 0 
7f481246a000-7f4812568000 rw-p 00000000 00:00 0 
7f4812568000-7f481256b000 ---p 00000000 00:00 0 
7f481256b000-7f4812669000 rw-p 00000000 00:00 0                          [stack:12245]
7f4812669000-7f481266c000 ---p 00000000 00:00 0 
7f481266c000-7f481276a000 rw-p 00000000 00:00 0                          [stack:12229]
7f481276a000-7f481276d000 ---p 00000000 00:00 0 
7f481276d000-7f481286b000 rw-p 00000000 00:00 0                          [stack:12243]
7f481286b000-7f4812874000 r-xp 00000000 00:18 9416                       /mnt/hgfs/mcl-im-seg/target/native/libmclnative.so
7f4812874000-7f4812a73000 ---p 00009000 00:18 9416                       /mnt/hgfs/mcl-im-seg/target/native/libmclnative.so
7f4812a73000-7f4812a74000 r--p 00008000 00:18 9416                       /mnt/hgfs/mcl-im-seg/target/native/libmclnative.so
7f4812a74000-7f4812a75000 rw-p 00009000 00:18 9416                       /mnt/hgfs/mcl-im-seg/target/native/libmclnative.so
7f4812a75000-7f4812a78000 ---p 00000000 00:00 0 
7f4812a78000-7f4812b76000 rw-p 00000000 00:00 0                          [stack:12244]
7f4812b76000-7f4812b79000 ---p 00000000 00:00 0 
7f4812b79000-7f4812c77000 rw-p 00000000 00:00 0                          [stack:12242]
7f4812c77000-7f4812c8d000 r-xp 00000000 08:01 263145                     /lib/x86_64-linux-gnu/libgcc_s.so.1
7f4812c8d000-7f4812e8c000 ---p 00016000 08:01 263145                     /lib/x86_64-linux-gnu/libgcc_s.so.1
7f4812e8c000-7f4812e8d000 rw-p 00015000 08:01 263145                     /lib/x86_64-linux-gnu/libgcc_s.so.1
7f4812e8d000-7f4812ebf000 r-xp 00000000 08:01 10424                      /opt/java/jdk1.7.0_75/jre/lib/amd64/libsunec.so
7f4812ebf000-7f48130be000 ---p 00032000 08:01 10424                      /opt/java/jdk1.7.0_75/jre/lib/amd64/libsunec.so
7f48130be000-7f48130c4000 rw-p 00031000 08:01 10424                      /opt/java/jdk1.7.0_75/jre/lib/amd64/libsunec.so
7f48130c4000-7f48130d4000 rw-p 00000000 00:00 0 
7f48130d4000-7f48130d7000 ---p 00000000 00:00 0 
7f48130d7000-7f48131d5000 rw-p 00000000 00:00 0                          [stack:12241]
7f48131d5000-7f48131d8000 ---p 00000000 00:00 0 
7f48131d8000-7f48132d6000 rw-p 00000000 00:00 0                          [stack:12202]
7f48132d6000-7f48132d9000 ---p 00000000 00:00 0 
7f48132d9000-7f48133d7000 rw-p 00000000 00:00 0                          [stack:12240]
7f48133d7000-7f48133da000 ---p 00000000 00:00 0 
7f48133da000-7f48134d8000 rw-p 00000000 00:00 0                          [stack:12200]
7f48134d8000-7f48134db000 ---p 00000000 00:00 0 
7f48134db000-7f48135d9000 rw-p 00000000 00:00 0                          [stack:12198]
7f48135d9000-7f48135dc000 ---p 00000000 00:00 0 
7f48135dc000-7f48136da000 rw-p 00000000 00:00 0                          [stack:12197]
7f48136da000-7f48136f1000 r-xp 00000000 08:01 263214                     /lib/x86_64-linux-gnu/libresolv-2.19.so
7f48136f1000-7f48138f1000 ---p 00017000 08:01 263214                     /lib/x86_64-linux-gnu/libresolv-2.19.so
7f48138f1000-7f48138f2000 r--p 00017000 08:01 263214                     /lib/x86_64-linux-gnu/libresolv-2.19.so
7f48138f2000-7f48138f3000 rw-p 00018000 08:01 263214                     /lib/x86_64-linux-gnu/libresolv-2.19.so
7f48138f3000-7f48138f5000 rw-p 00000000 00:00 0 
7f48138f5000-7f48138fa000 r-xp 00000000 08:01 267142                     /lib/x86_64-linux-gnu/libnss_dns-2.19.so
7f48138fa000-7f4813af9000 ---p 00005000 08:01 267142                     /lib/x86_64-linux-gnu/libnss_dns-2.19.so
7f4813af9000-7f4813afa000 r--p 00004000 08:01 267142                     /lib/x86_64-linux-gnu/libnss_dns-2.19.so
7f4813afa000-7f4813afb000 rw-p 00005000 08:01 267142                     /lib/x86_64-linux-gnu/libnss_dns-2.19.so
7f4813afb000-7f4813afd000 r-xp 00000000 08:01 266935                     /lib/x86_64-linux-gnu/libnss_mdns4_minimal.so.2
7f4813afd000-7f4813cfc000 ---p 00002000 08:01 266935                     /lib/x86_64-linux-gnu/libnss_mdns4_minimal.so.2
7f4813cfc000-7f4813cfd000 r--p 00001000 08:01 266935                     /lib/x86_64-linux-gnu/libnss_mdns4_minimal.so.2
7f4813cfd000-7f4813cfe000 rw-p 00002000 08:01 266935                     /lib/x86_64-linux-gnu/libnss_mdns4_minimal.so.2
7f4813cfe000-7f4813d01000 ---p 00000000 00:00 0 
7f4813d01000-7f4813dff000 rw-p 00000000 00:00 0                          [stack:12196]
7f4813dff000-7f4813e00000 r-xp 00000000 08:01 10466                      /opt/java/jdk1.7.0_75/jre/lib/amd64/libjaas_unix.so
7f4813e00000-7f4813fff000 ---p 00001000 08:01 10466                      /opt/java/jdk1.7.0_75/jre/lib/amd64/libjaas_unix.so
7f4813fff000-7f4814000000 rw-p 00000000 08:01 10466                      /opt/java/jdk1.7.0_75/jre/lib/amd64/libjaas_unix.so
7f4814000000-7f4814ef6000 rw-p 00000000 00:00 0 
7f4814ef6000-7f4818000000 ---p 00000000 00:00 0 
7f481809d000-7f481809f000 rw-p 00000000 00:00 0 
7f481809f000-7f48180aa000 r--s 0037c000 08:01 11120                      /opt/java/jdk1.7.0_75/jre/lib/charsets.jar
7f48180aa000-7f48180ae000 r--s 0002d000 08:01 11053                      /opt/java/jdk1.7.0_75/jre/lib/ext/sunjce_provider.jar
7f48180ae000-7f48180b2000 r--s 00037000 08:01 11052                      /opt/java/jdk1.7.0_75/jre/lib/ext/sunpkcs11.jar
7f48180b2000-7f48180b3000 r--s 00003000 08:01 11051                      /opt/java/jdk1.7.0_75/jre/lib/ext/sunec.jar
7f48180b3000-7f48180b6000 r--s 00019000 08:01 11020                      /opt/java/jdk1.7.0_75/jre/lib/jce.jar
7f48180b6000-7f48180b9000 ---p 00000000 00:00 0 
7f48180b9000-7f48181b7000 rw-p 00000000 00:00 0                          [stack:12194]
7f48181b7000-7f48181ba000 ---p 00000000 00:00 0 
7f48181ba000-7f48182b8000 rw-p 00000000 00:00 0                          [stack:12193]
7f48182b8000-7f48182bb000 ---p 00000000 00:00 0 
7f48182bb000-7f48183b9000 rw-p 00000000 00:00 0                          [stack:12192]
7f48183b9000-7f48183c1000 r-xp 00000000 08:01 10421                      /opt/java/jdk1.7.0_75/jre/lib/amd64/libmanagement.so
7f48183c1000-7f48185c0000 ---p 00008000 08:01 10421                      /opt/java/jdk1.7.0_75/jre/lib/amd64/libmanagement.so
7f48185c0000-7f48185c1000 rw-p 00007000 08:01 10421                      /opt/java/jdk1.7.0_75/jre/lib/amd64/libmanagement.so
7f48185c1000-7f48185c4000 ---p 00000000 00:00 0 
7f48185c4000-7f48186c2000 rw-p 00000000 00:00 0                          [stack:12191]
7f48186c2000-7f48186c5000 ---p 00000000 00:00 0 
7f48186c5000-7f48187c3000 rw-p 00000000 00:00 0                          [stack:12190]
7f48187c3000-7f48187c6000 ---p 00000000 00:00 0 
7f48187c6000-7f48187fc000 rw-p 00000000 00:00 0                          [stack:12188]
7f48187fc000-7f481881a000 r-xp 00000000 08:01 263794                     /usr/share/hadoop2/lib/native/libhadoop.so
7f481881a000-7f4818a19000 ---p 0001e000 08:01 263794                     /usr/share/hadoop2/lib/native/libhadoop.so
7f4818a19000-7f4818a1a000 r--p 0001d000 08:01 263794                     /usr/share/hadoop2/lib/native/libhadoop.so
7f4818a1a000-7f4818a1b000 rw-p 0001e000 08:01 263794                     /usr/share/hadoop2/lib/native/libhadoop.so
7f4818a1b000-7f4818a45000 r--s 00227000 00:18 4164                       /mnt/hgfs/mcl-im-seg/target/mcl-im-seg-jar-with-dependencies.jar
7f4818a45000-7f4818a49000 r--s 0008b000 08:01 11043                      /opt/java/jdk1.7.0_75/jre/lib/jsse.jar
7f4818a49000-7f4818a53000 r--s 00251000 08:01 10490                      /opt/java/jdk1.7.0_75/jre/lib/resources.jar
7f4818a53000-7f4818a84000 rw-p 00000000 00:00 0 
7f4818a84000-7f4818a9a000 r-xp 00000000 08:01 10447                      /opt/java/jdk1.7.0_75/jre/lib/amd64/libnet.so
7f4818a9a000-7f4818c9a000 ---p 00016000 08:01 10447                      /opt/java/jdk1.7.0_75/jre/lib/amd64/libnet.so
7f4818c9a000-7f4818c9b000 rw-p 00016000 08:01 10447                      /opt/java/jdk1.7.0_75/jre/lib/amd64/libnet.so
7f4818c9b000-7f4818cab000 r-xp 00000000 08:01 10413                      /opt/java/jdk1.7.0_75/jre/lib/amd64/libnio.so
7f4818cab000-7f4818eab000 ---p 00010000 08:01 10413                      /opt/java/jdk1.7.0_75/jre/lib/amd64/libnio.so
7f4818eab000-7f4818eac000 rw-p 00010000 08:01 10413                      /opt/java/jdk1.7.0_75/jre/lib/amd64/libnio.so
7f4818eac000-7f4818eae000 r--s 00005000 08:01 272900                     /usr/share/hadoop2/share/hadoop/mapreduce/hadoop-mapreduce-client-shuffle-2.4.1.jar
7f4818eae000-7f4818eb3000 r--s 0003d000 08:01 272855                     /usr/share/hadoop2/share/hadoop/mapreduce/hadoop-mapreduce-examples-2.4.1.jar
7f4818eb3000-7f4818ecb000 r--s 00155000 08:01 272854                     /usr/share/hadoop2/share/hadoop/mapreduce/hadoop-mapreduce-client-core-2.4.1.jar
7f4818ecb000-7f4818ee1000 r--s 00155000 08:01 272858                     /usr/share/hadoop2/share/hadoop/mapreduce/hadoop-mapreduce-client-jobclient-2.4.1-tests.jar
7f4818ee1000-7f4818ee6000 r--s 00034000 08:01 272853                     /usr/share/hadoop2/share/hadoop/mapreduce/hadoop-mapreduce-client-hs-2.4.1.jar
7f4818ee6000-7f4818ef1000 r--s 00097000 08:01 272903                     /usr/share/hadoop2/share/hadoop/mapreduce/hadoop-mapreduce-client-common-2.4.1.jar
7f4818ef1000-7f4818ef2000 r--s 00008000 08:01 272901                     /usr/share/hadoop2/share/hadoop/mapreduce/hadoop-mapreduce-client-jobclient-2.4.1.jar
7f4818ef2000-7f4818ef3000 r--s 00000000 08:01 272882                     /usr/share/hadoop2/share/hadoop/mapreduce/hadoop-mapreduce-client-hs-plugins-2.4.1.jar
7f4818ef3000-7f4818efd000 r--s 0006e000 08:01 272902                     /usr/share/hadoop2/share/hadoop/mapreduce/hadoop-mapreduce-client-app-2.4.1.jar
7f4818efd000-7f4818f0a000 r--s 00097000 08:01 272875                     /usr/share/hadoop2/share/hadoop/mapreduce/lib/jackson-mapper-asl-1.8.8.jar
7f4818f0a000-7f4818f0b000 r--s 00003000 08:01 272877                     /usr/share/hadoop2/share/hadoop/mapreduce/lib/jersey-guice-1.9.jar
7f4818f0b000-7f4818f0d000 r--s 00000000 08:01 272878                     /usr/share/hadoop2/share/hadoop/mapreduce/lib/aopalliance-1.0.jar
7f4818f0d000-7f4818f15000 r--s 0007b000 08:01 272863                     /usr/share/hadoop2/share/hadoop/mapreduce/lib/protobuf-java-2.5.0.jar
7f4818f15000-7f4818f24000 r--s 0009f000 08:01 272860                     /usr/share/hadoop2/share/hadoop/mapreduce/lib/guice-3.0.jar
7f4818f24000-7f4818f36000 r--s 0009d000 08:01 272880                     /usr/share/hadoop2/share/hadoop/mapreduce/lib/jersey-server-1.9.jar
7f4818f36000-7f4818f38000 r--s 000f2000 08:01 272873                     /usr/share/hadoop2/share/hadoop/mapreduce/lib/snappy-java-1.0.4.1.jar
7f4818f38000-7f4818f3a000 r--s 00011000 08:01 272868                     /usr/share/hadoop2/share/hadoop/mapreduce/lib/hamcrest-core-1.1.jar
7f4818f3a000-7f4818f44000 r--s 00066000 08:01 272872                     /usr/share/hadoop2/share/hadoop/mapreduce/lib/jersey-core-1.9.jar
7f4818f44000-7f4818f48000 r--s 00014000 08:01 272861                     /usr/share/hadoop2/share/hadoop/mapreduce/lib/xz-1.0.jar
7f4818f48000-7f4818f4c000 r--s 00034000 08:01 272864                     /usr/share/hadoop2/share/hadoop/mapreduce/lib/jackson-core-asl-1.8.8.jar
7f4818f4c000-7f4818f51000 r--s 00036000 08:01 272862                     /usr/share/hadoop2/share/hadoop/mapreduce/lib/commons-compress-1.4.1.jar
7f4818f51000-7f4818f55000 r--s 0002a000 08:01 272876                     /usr/share/hadoop2/share/hadoop/mapreduce/lib/commons-io-2.4.jar
7f4818f55000-7f4818f5c000 r--s 00037000 08:01 272881                     /usr/share/hadoop2/share/hadoop/mapreduce/lib/junit-4.10.jar
7f4818f5c000-7f4818f5e000 r--s 0000e000 08:01 272874                     /usr/share/hadoop2/share/hadoop/mapreduce/lib/guice-servlet-3.0.jar
7f4818f5e000-7f4818f5f000 r--s 00000000 08:01 272867                     /usr/share/hadoop2/share/hadoop/mapreduce/lib/javax.inject-1.jar
7f4818f5f000-7f4818f61000 r--s 00006000 08:01 272871                     /usr/share/hadoop2/share/hadoop/mapreduce/lib/paranamer-2.3.jar
7f4818f61000-7f4818f6a000 r--s 0006f000 08:01 272879                     /usr/share/hadoop2/share/hadoop/mapreduce/lib/log4j-1.2.17.jar
7f4818f6a000-7f4818f71000 r--s 00044000 08:01 272870                     /usr/share/hadoop2/share/hadoop/mapreduce/lib/avro-1.7.4.jar
7f4818f71000-7f4818f72000 r--s 0000a000 08:01 272865                     /usr/share/hadoop2/share/hadoop/mapreduce/lib/asm-3.2.jar
7f4818f72000-7f4818f89000 r--s 0010e000 08:01 272869                     /usr/share/hadoop2/share/hadoop/mapreduce/lib/netty-3.6.2.Final.jar
7f4818f89000-7f4818f8b000 r--s 00003000 08:01 272866                     /usr/share/hadoop2/share/hadoop/mapreduce/lib/hadoop-annotations-2.4.1.jar
7f4818f8b000-7f4818f90000 r--s 00030000 08:01 272977                     /usr/share/hadoop2/share/hadoop/yarn/hadoop-yarn-server-common-2.4.1.jar
7f4818f90000-7f4818fa0000 r--s 000b3000 08:01 272910                     /usr/share/hadoop2/share/hadoop/yarn/hadoop-yarn-server-resourcemanager-2.4.1.jar
7f4818fa0000-7f4818fa1000 r--s 00000000 08:01 272908                     /usr/share/hadoop2/share/hadoop/yarn/hadoop-yarn-server-tests-2.4.1.jar
7f4818fa1000-7f4818fac000 r--s 0006a000 08:01 272913                     /usr/share/hadoop2/share/hadoop/yarn/hadoop-yarn-server-nodemanager-2.4.1.jar
7f4818fac000-7f4818fad000 r--s 00006000 08:01 272912                     /usr/share/hadoop2/share/hadoop/yarn/hadoop-yarn-server-web-proxy-2.4.1.jar
7f4818fad000-7f4818faf000 r--s 00009000 08:01 272911                     /usr/share/hadoop2/share/hadoop/yarn/hadoop-yarn-applications-distributedshell-2.4.1.jar
7f4818faf000-7f4818fb2000 r--s 0001c000 08:01 272905                     /usr/share/hadoop2/share/hadoop/yarn/hadoop-yarn-server-applicationhistoryservice-2.4.1.jar
7f4818fb2000-7f4818fc6000 r--s 00144000 08:01 272976                     /usr/share/hadoop2/share/hadoop/yarn/hadoop-yarn-common-2.4.1.jar
7f4818fc6000-7f4818fc7000 r--s 00003000 08:01 272909                     /usr/share/hadoop2/share/hadoop/yarn/hadoop-yarn-applications-unmanaged-am-launcher-2.4.1.jar
7f4818fc7000-7f4818fca000 r--s 00018000 08:01 272954                     /usr/share/hadoop2/share/hadoop/yarn/hadoop-yarn-client-2.4.1.jar
7f4818fca000-7f4818fe2000 r--s 00179000 08:01 272953                     /usr/share/hadoop2/share/hadoop/yarn/hadoop-yarn-api-2.4.1.jar
7f4818fe2000-7f4818fe9000 r--s 0007d000 08:01 272919                     /usr/share/hadoop2/share/hadoop/yarn/lib/jetty-6.1.26.jar
7f4818fe9000-7f4818ff6000 r--s 00097000 08:01 272938                     /usr/share/hadoop2/share/hadoop/yarn/lib/jackson-mapper-asl-1.8.8.jar
7f4818ff6000-7f4819009000 r--s 000c7000 08:01 272927                     /usr/share/hadoop2/share/hadoop/yarn/lib/jaxb-impl-2.2.3-1.jar
7f4819009000-7f481900f000 r--s 00045000 08:01 272952                     /usr/share/hadoop2/share/hadoop/yarn/lib/commons-httpclient-3.1.jar
7f481900f000-7f4819010000 r--s 00003000 08:01 272942                     /usr/share/hadoop2/share/hadoop/yarn/lib/jersey-guice-1.9.jar
7f4819010000-7f4819012000 r--s 00018000 08:01 272925                     /usr/share/hadoop2/share/hadoop/yarn/lib/servlet-api-2.5.jar
7f4819012000-7f4819014000 r--s 00000000 08:01 272945                     /usr/share/hadoop2/share/hadoop/yarn/lib/aopalliance-1.0.jar
7f4819014000-7f4819017000 r--s 000fd000 08:01 272923                     /usr/share/hadoop2/share/hadoop/yarn/lib/leveldbjni-all-1.8.jar
7f4819017000-7f481901f000 r--s 0007b000 08:01 272924                     /usr/share/hadoop2/share/hadoop/yarn/lib/protobuf-java-2.5.0.jar
7f481901f000-7f481902e000 r--s 0009f000 08:01 272917                     /usr/share/hadoop2/share/hadoop/yarn/lib/guice-3.0.jar
7f481902e000-7f4819031000 r--s 00017000 08:01 272944                     /usr/share/hadoop2/share/hadoop/yarn/lib/jaxb-api-2.2.2.jar
7f4819031000-7f4819043000 r--s 0009d000 08:01 272947                     /usr/share/hadoop2/share/hadoop/yarn/lib/jersey-server-1.9.jar
7f4819043000-7f4819045000 r--s 0000e000 08:01 272936                     /usr/share/hadoop2/share/hadoop/yarn/lib/commons-logging-1.1.3.jar
7f4819045000-7f481904f000 r--s 00066000 08:01 272933                     /usr/share/hadoop2/share/hadoop/yarn/lib/jersey-core-1.9.jar
7f481904f000-7f4819053000 r--s 00014000 08:01 272918                     /usr/share/hadoop2/share/hadoop/yarn/lib/xz-1.0.jar
7f4819053000-7f4819055000 r--s 0000d000 08:01 272941                     /usr/share/hadoop2/share/hadoop/yarn/lib/commons-codec-1.4.jar
7f4819055000-7f481905a000 r--s 00041000 08:01 272920                     /usr/share/hadoop2/share/hadoop/yarn/lib/commons-lang-2.6.jar
7f481905a000-7f481907b000 r--s 00172000 08:01 272940                     /usr/share/hadoop2/share/hadoop/yarn/lib/guava-11.0.2.jar
7f481907b000-7f481907d000 r--s 0000f000 08:01 272932                     /usr/share/hadoop2/share/hadoop/yarn/lib/jettison-1.1.jar
7f481907d000-7f4819081000 r--s 00034000 08:01 272926                     /usr/share/hadoop2/share/hadoop/yarn/lib/jackson-core-asl-1.8.8.jar
7f4819081000-7f4819086000 r--s 00036000 08:01 272922                     /usr/share/hadoop2/share/hadoop/yarn/lib/commons-compress-1.4.1.jar
7f4819086000-7f481908a000 r--s 0002a000 08:01 272939                     /usr/share/hadoop2/share/hadoop/yarn/lib/commons-io-2.4.jar
7f481908a000-7f481908d000 r--s 0001d000 08:01 272951                     /usr/share/hadoop2/share/hadoop/yarn/lib/jersey-client-1.9.jar
7f481908d000-7f481908f000 r--s 00014000 08:01 272949                     /usr/share/hadoop2/share/hadoop/yarn/lib/jline-0.9.94.jar
7f481908f000-7f4819090000 r--s 00004000 08:01 272935                     /usr/share/hadoop2/share/hadoop/yarn/lib/jackson-jaxrs-1.8.8.jar
7f4819090000-7f481909e000 r--s 0007f000 08:01 272943                     /usr/share/hadoop2/share/hadoop/yarn/lib/commons-collections-3.2.1.jar
7f481909e000-7f48190a1000 r--s 00006000 08:01 272916                     /usr/share/hadoop2/share/hadoop/yarn/lib/jsr305-1.3.9.jar
7f48190a1000-7f48190a3000 r--s 0000e000 08:01 272934                     /usr/share/hadoop2/share/hadoop/yarn/lib/guice-servlet-3.0.jar
7f48190a3000-7f48190a4000 r--s 00000000 08:01 272929                     /usr/share/hadoop2/share/hadoop/yarn/lib/javax.inject-1.jar
7f48190a4000-7f48190a6000 r--s 0000e000 08:01 272950                     /usr/share/hadoop2/share/hadoop/yarn/lib/activation-1.1.jar
7f48190a6000-7f48190af000 r--s 0006f000 08:01 272946                     /usr/share/hadoop2/share/hadoop/yarn/lib/log4j-1.2.17.jar
7f48190af000-7f48190b0000 r--s 00007000 08:01 272937                     /usr/share/hadoop2/share/hadoop/yarn/lib/jackson-xc-1.8.8.jar
7f48190b0000-7f48190b2000 r--s 00004000 08:01 272930                     /usr/share/hadoop2/share/hadoop/yarn/lib/stax-api-1.0-2.jar
7f48190b2000-7f48190b4000 r--s 00009000 08:01 272931                     /usr/share/hadoop2/share/hadoop/yarn/lib/commons-cli-1.2.jar
7f48190b4000-7f48190b5000 r--s 0000a000 08:01 272928                     /usr/share/hadoop2/share/hadoop/yarn/lib/asm-3.2.jar
7f48190b5000-7f48190c1000 r--s 000b3000 08:01 272948                     /usr/share/hadoop2/share/hadoop/yarn/lib/zookeeper-3.4.5.jar
7f48190c1000-7f48190c5000 r--s 00021000 08:01 272921                     /usr/share/hadoop2/share/hadoop/yarn/lib/jersey-json-1.9.jar
7f48190c5000-7f48190c9000 r--s 00028000 08:01 272915                     /usr/share/hadoop2/share/hadoop/yarn/lib/jetty-util-6.1.26.jar
7f48190c9000-7f48190e4000 r--s 00257000 08:01 272842                     /usr/share/hadoop2/share/hadoop/hdfs/hadoop-hdfs-2.4.1-tests.jar
7f48190e4000-7f48190e6000 r--s 00014000 08:01 272850                     /usr/share/hadoop2/share/hadoop/hdfs/hadoop-hdfs-nfs-2.4.1.jar
7f48190e6000-7f481913f000 r--s 0062b000 08:01 272851                     /usr/share/hadoop2/share/hadoop/hdfs/hadoop-hdfs-2.4.1.jar
7f481913f000-7f4819146000 r--s 0007d000 08:01 272821                     /usr/share/hadoop2/share/hadoop/hdfs/lib/jetty-6.1.26.jar
7f4819146000-7f4819153000 r--s 00097000 08:01 272835                     /usr/share/hadoop2/share/hadoop/hdfs/lib/jackson-mapper-asl-1.8.8.jar
7f4819153000-7f4819155000 r--s 00018000 08:01 272825                     /usr/share/hadoop2/share/hadoop/hdfs/lib/servlet-api-2.5.jar
7f4819155000-7f481915d000 r--s 0007b000 08:01 272824                     /usr/share/hadoop2/share/hadoop/hdfs/lib/protobuf-java-2.5.0.jar
7f481915d000-7f481916f000 r--s 0009d000 08:01 272840                     /usr/share/hadoop2/share/hadoop/hdfs/lib/jersey-server-1.9.jar
7f481916f000-7f4819171000 r--s 0000e000 08:01 272833                     /usr/share/hadoop2/share/hadoop/hdfs/lib/commons-logging-1.1.3.jar
7f4819171000-7f481917b000 r--s 00066000 08:01 272830                     /usr/share/hadoop2/share/hadoop/hdfs/lib/jersey-core-1.9.jar
7f481917b000-7f481917d000 r--s 0000d000 08:01 272838                     /usr/share/hadoop2/share/hadoop/hdfs/lib/commons-codec-1.4.jar
7f481917d000-7f481917e000 r--s 00005000 08:01 272823                     /usr/share/hadoop2/share/hadoop/hdfs/lib/commons-daemon-1.0.13.jar
7f481917e000-7f4819181000 r--s 00019000 08:01 272831                     /usr/share/hadoop2/share/hadoop/hdfs/lib/commons-el-1.0.jar
7f4819181000-7f4819186000 r--s 00041000 08:01 272822                     /usr/share/hadoop2/share/hadoop/hdfs/lib/commons-lang-2.6.jar
7f4819186000-7f48191a7000 r--s 00172000 08:01 272837                     /usr/share/hadoop2/share/hadoop/hdfs/lib/guava-11.0.2.jar
7f48191a7000-7f48191ab000 r--s 00034000 08:01 272826                     /usr/share/hadoop2/share/hadoop/hdfs/lib/jackson-core-asl-1.8.8.jar
7f48191ab000-7f48191af000 r--s 0002a000 08:01 272836                     /usr/share/hadoop2/share/hadoop/hdfs/lib/commons-io-2.4.jar
7f48191af000-7f48191b1000 r--s 00011000 08:01 272841                     /usr/share/hadoop2/share/hadoop/hdfs/lib/jasper-runtime-5.5.23.jar
7f48191b1000-7f48191b4000 r--s 00006000 08:01 272820                     /usr/share/hadoop2/share/hadoop/hdfs/lib/jsr305-1.3.9.jar
7f48191b4000-7f48191b5000 r--s 00003000 08:01 272834                     /usr/share/hadoop2/share/hadoop/hdfs/lib/xmlenc-0.52.jar
7f48191b5000-7f48191be000 r--s 0006f000 08:01 272839                     /usr/share/hadoop2/share/hadoop/hdfs/lib/log4j-1.2.17.jar
7f48191be000-7f48191c0000 r--s 00009000 08:01 272828                     /usr/share/hadoop2/share/hadoop/hdfs/lib/commons-cli-1.2.jar
7f48191c0000-7f48191c1000 r--s 0000a000 08:01 272827                     /usr/share/hadoop2/share/hadoop/hdfs/lib/asm-3.2.jar
7f48191c1000-7f48191d8000 r--s 0010e000 08:01 272829                     /usr/share/hadoop2/share/hadoop/hdfs/lib/netty-3.6.2.Final.jar
7f48191d8000-7f48191db000 r--s 00016000 08:01 272832                     /usr/share/hadoop2/share/hadoop/hdfs/lib/jsp-api-2.1.jar
7f48191db000-7f48191df000 r--s 00028000 08:01 272819                     /usr/share/hadoop2/share/hadoop/hdfs/lib/jetty-util-6.1.26.jar
7f48191df000-7f48191f6000 r--s 0015a000 08:01 272429                     /usr/share/hadoop2/share/hadoop/common/hadoop-common-2.4.1-tests.jar
7f48191f6000-7f4819223000 r--s 0028b000 08:01 272432                     /usr/share/hadoop2/share/hadoop/common/hadoop-common-2.4.1.jar
7f4819223000-7f4819227000 r--s 00020000 08:01 272490                     /usr/share/hadoop2/share/hadoop/common/hadoop-nfs-2.4.1.jar
7f4819227000-7f481922e000 r--s 0007d000 08:01 272440                     /usr/share/hadoop2/share/hadoop/common/lib/jetty-6.1.26.jar
7f481922e000-7f481923b000 r--s 00097000 08:01 272473                     /usr/share/hadoop2/share/hadoop/common/lib/jackson-mapper-asl-1.8.8.jar
7f481923b000-7f481924e000 r--s 000c7000 08:01 272448                     /usr/share/hadoop2/share/hadoop/common/lib/jaxb-impl-2.2.3-1.jar
7f481924e000-7f4819254000 r--s 00045000 08:01 272489                     /usr/share/hadoop2/share/hadoop/common/lib/commons-httpclient-3.1.jar
7f4819254000-7f4819256000 r--s 0000b000 08:01 272452                     /usr/share/hadoop2/share/hadoop/common/lib/hadoop-auth-2.4.1.jar
7f4819256000-7f481925c000 r--s 00034000 08:01 272484                     /usr/share/hadoop2/share/hadoop/common/lib/junit-4.8.2.jar
7f481925c000-7f481925e000 r--s 00018000 08:01 272446                     /usr/share/hadoop2/share/hadoop/common/lib/servlet-api-2.5.jar
7f481925e000-7f4819266000 r--s 0007b000 08:01 272445                     /usr/share/hadoop2/share/hadoop/common/lib/protobuf-java-2.5.0.jar
7f4819266000-7f481926b000 r--s 0002a000 08:01 272434                     /usr/share/hadoop2/share/hadoop/common/lib/commons-beanutils-1.7.0.jar
7f481926b000-7f481926e000 r--s 00017000 08:01 272479                     /usr/share/hadoop2/share/hadoop/common/lib/jaxb-api-2.2.2.jar
7f481926e000-7f4819280000 r--s 0009d000 08:01 272482                     /usr/share/hadoop2/share/hadoop/common/lib/jersey-server-1.9.jar
7f4819280000-7f4819282000 r--s 0000e000 08:01 272468                     /usr/share/hadoop2/share/hadoop/common/lib/commons-logging-1.1.3.jar
7f4819282000-7f4819284000 r--s 000f2000 08:01 272466                     /usr/share/hadoop2/share/hadoop/common/lib/snappy-java-1.0.4.1.jar
7f4819284000-7f4819286000 r--s 00005000 08:01 272464                     /usr/share/hadoop2/share/hadoop/common/lib/slf4j-api-1.7.5.jar
7f4819286000-7f4819290000 r--s 00066000 08:01 272462                     /usr/share/hadoop2/share/hadoop/common/lib/jersey-core-1.9.jar
7f4819290000-7f4819294000 r--s 00014000 08:01 272439                     /usr/share/hadoop2/share/hadoop/common/lib/xz-1.0.jar
7f4819294000-7f4819296000 r--s 0000d000 08:01 272476                     /usr/share/hadoop2/share/hadoop/common/lib/commons-codec-1.4.jar
7f4819296000-7f481929f000 r--s 0007b000 08:01 272487                     /usr/share/hadoop2/share/hadoop/common/lib/jets3t-0.9.0.jar
7f481929f000-7f48192a2000 r--s 00019000 08:01 272463                     /usr/share/hadoop2/share/hadoop/common/lib/commons-el-1.0.jar
7f48192a2000-7f48192a6000 r--s 0002f000 08:01 272471                     /usr/share/hadoop2/share/hadoop/common/lib/commons-beanutils-core-1.8.0.jar
7f48192a6000-7f48192ab000 r--s 00041000 08:01 272441                     /usr/share/hadoop2/share/hadoop/common/lib/commons-lang-2.6.jar
7f48192ab000-7f48192b4000 r--s 00061000 08:01 272435                     /usr/share/hadoop2/share/hadoop/common/lib/httpclient-4.2.5.jar
7f48192b4000-7f48192b6000 r--s 0002d000 08:01 280875                     /usr/share/hadoop2/share/hadoop/common/lib/hadoop-lzo-0.4.20-SNAPSHOT.jar
7f48192b6000-7f48192d3000 r--s 0016a000 08:01 272469                     /usr/share/hadoop2/share/hadoop/common/lib/commons-math3-3.1.1.jar
7f48192d3000-7f48192f4000 r--s 00172000 08:01 272475                     /usr/share/hadoop2/share/hadoop/common/lib/guava-11.0.2.jar
7f48192f4000-7f48192f6000 r--s 00001000 08:01 272438                     /usr/share/hadoop2/share/hadoop/common/lib/slf4j-log4j12-1.7.5.jar
7f48192f6000-7f48192f8000 r--s 0000f000 08:01 272456                     /usr/share/hadoop2/share/hadoop/common/lib/jettison-1.1.jar
7f48192f8000-7f48192fc000 r--s 00034000 08:01 272447                     /usr/share/hadoop2/share/hadoop/common/lib/jackson-core-asl-1.8.8.jar
7f48192fc000-7f4819301000 r--s 00036000 08:01 272444                     /usr/share/hadoop2/share/hadoop/common/lib/commons-compress-1.4.1.jar
7f4819301000-7f4819306000 r--s 0003e000 08:01 272480                     /usr/share/hadoop2/share/hadoop/common/lib/commons-net-3.1.jar
7f4819306000-7f4819323000 r--s 0013e000 08:01 272459                     /usr/share/hadoop2/share/hadoop/common/lib/mockito-all-1.8.5.jar
7f4819323000-7f4819326000 r--s 00006000 08:01 272437                     /usr/share/hadoop2/share/hadoop/common/lib/jsr305-1.3.9.jar
7f4819326000-7f4819327000 r--s 00004000 08:01 272451                     /usr/share/hadoop2/share/hadoop/common/lib/java-xmlbuilder-0.4.jar
7f4819327000-7f481932b000 r--s 0002a000 08:01 272474                     /usr/share/hadoop2/share/hadoop/common/lib/commons-io-2.4.jar
7f481932b000-7f4819331000 r--s 00032000 08:01 272460                     /usr/share/hadoop2/share/hadoop/common/lib/httpcore-4.2.5.jar
7f4819331000-7f4819333000 r--s 00011000 08:01 272483                     /usr/share/hadoop2/share/hadoop/common/lib/jasper-runtime-5.5.23.jar
7f4819333000-7f4819339000 r--s 00043000 08:01 272442                     /usr/share/hadoop2/share/hadoop/common/lib/commons-configuration-1.6.jar
7f4819339000-7f481933e000 r--s 0005f000 08:01 272453                     /usr/share/hadoop2/share/hadoop/common/lib/jasper-compiler-5.5.23.jar
7f481933e000-7f481934c000 r--s 0007f000 08:01 272478                     /usr/share/hadoop2/share/hadoop/common/lib/commons-collections-3.2.1.jar
7f481934c000-7f481934e000 r--s 0000e000 08:01 272488                     /usr/share/hadoop2/share/hadoop/common/lib/activation-1.1.jar
7f481934e000-7f4819365000 r--s 0010e000 08:01 272457                     /usr/share/hadoop2/share/hadoop/common/lib/netty-3.6.2.Final.jar
7f4819365000-7f4819366000 ---p 00000000 00:00 0 
7f4819366000-7f4819466000 rw-p 00000000 00:00 0                          [stack:12186]
7f4819466000-7f4819469000 ---p 00000000 00:00 0 
7f4819469000-7f4819567000 rw-p 00000000 00:00 0                          [stack:12185]
7f4819567000-7f481956a000 ---p 00000000 00:00 0 
7f481956a000-7f4819668000 rw-p 00000000 00:00 0                          [stack:12184]
7f4819668000-7f481966b000 ---p 00000000 00:00 0 
7f481966b000-7f4819769000 rw-p 00000000 00:00 0                          [stack:12183]
7f4819769000-7f481976c000 ---p 00000000 00:00 0 
7f481976c000-7f481986a000 rw-p 00000000 00:00 0                          [stack:12182]
7f481986a000-7f4819ca2000 r--p 00000000 08:01 401680                     /usr/lib/locale/locale-archive
7f4819ca2000-7f4819ca5000 ---p 00000000 00:00 0 
7f4819ca5000-7f4819da3000 rw-p 00000000 00:00 0                          [stack:12181]
7f4819da3000-7f4819da6000 ---p 00000000 00:00 0 
7f4819da6000-7f4819ea4000 rw-p 00000000 00:00 0                          [stack:12180]
7f4819ea4000-7f4819ea5000 ---p 00000000 00:00 0 
7f4819ea5000-7f481abb1000 rw-p 00000000 00:00 0                          [stack:12179]
7f481abb1000-7f481ad70000 r--s 039eb000 08:01 11099                      /opt/java/jdk1.7.0_75/jre/lib/rt.jar
7f481ad70000-7f481c000000 rw-p 00000000 00:00 0 
7f481c000000-7f481c091000 rw-p 00000000 00:00 0 
7f481c091000-7f4820000000 ---p 00000000 00:00 0 
7f4820000000-7f4820002000 r--s 00006000 08:01 272461                     /usr/share/hadoop2/share/hadoop/common/lib/paranamer-2.3.jar
7f4820002000-7f482000b000 r--s 0006f000 08:01 272481                     /usr/share/hadoop2/share/hadoop/common/lib/log4j-1.2.17.jar
7f482000b000-7f4820012000 r--s 00044000 08:01 272458                     /usr/share/hadoop2/share/hadoop/common/lib/avro-1.7.4.jar
7f4820012000-7f48202db000 rw-p 00000000 00:00 0 
7f48202db000-7f48202dc000 ---p 00000000 00:00 0 
7f48202dc000-7f48203dc000 rw-p 00000000 00:00 0                          [stack:12178]
7f48203dc000-7f48203dd000 ---p 00000000 00:00 0 
7f48203dd000-7f48204dd000 rw-p 00000000 00:00 0                          [stack:12177]
7f48204dd000-7f48204de000 ---p 00000000 00:00 0 
7f48204de000-7f482065a000 rw-p 00000000 00:00 0                          [stack:12176]
7f482065a000-7f4820689000 rw-p 00000000 00:00 0 
7f4820689000-7f48206a3000 rw-p 00000000 00:00 0 
7f48206a3000-7f48206b2000 rw-p 00000000 00:00 0 
7f48206b2000-7f482072e000 rw-p 00000000 00:00 0 
7f482072e000-7f482075c000 rw-p 00000000 00:00 0 
7f482075c000-7f48207b2000 rw-p 00000000 00:00 0 
7f48207b2000-7f48207b3000 rw-p 00000000 00:00 0 
7f48207b3000-7f4820a23000 rwxp 00000000 00:00 0 
7f4820a23000-7f48237b3000 rw-p 00000000 00:00 0 
7f48237b3000-7f48237cd000 r-xp 00000000 08:01 10442                      /opt/java/jdk1.7.0_75/jre/lib/amd64/libzip.so
7f48237cd000-7f48239cd000 ---p 0001a000 08:01 10442                      /opt/java/jdk1.7.0_75/jre/lib/amd64/libzip.so
7f48239cd000-7f48239ce000 rw-p 0001a000 08:01 10442                      /opt/java/jdk1.7.0_75/jre/lib/amd64/libzip.so
7f48239ce000-7f48239d9000 r-xp 00000000 08:01 267147                     /lib/x86_64-linux-gnu/libnss_files-2.19.so
7f48239d9000-7f4823bd8000 ---p 0000b000 08:01 267147                     /lib/x86_64-linux-gnu/libnss_files-2.19.so
7f4823bd8000-7f4823bd9000 r--p 0000a000 08:01 267147                     /lib/x86_64-linux-gnu/libnss_files-2.19.so
7f4823bd9000-7f4823bda000 rw-p 0000b000 08:01 267147                     /lib/x86_64-linux-gnu/libnss_files-2.19.so
7f4823bda000-7f4823be5000 r-xp 00000000 08:01 267856                     /lib/x86_64-linux-gnu/libnss_nis-2.19.so
7f4823be5000-7f4823de4000 ---p 0000b000 08:01 267856                     /lib/x86_64-linux-gnu/libnss_nis-2.19.so
7f4823de4000-7f4823de5000 r--p 0000a000 08:01 267856                     /lib/x86_64-linux-gnu/libnss_nis-2.19.so
7f4823de5000-7f4823de6000 rw-p 0000b000 08:01 267856                     /lib/x86_64-linux-gnu/libnss_nis-2.19.so
7f4823de6000-7f4823dfd000 r-xp 00000000 08:01 267140                     /lib/x86_64-linux-gnu/libnsl-2.19.so
7f4823dfd000-7f4823ffc000 ---p 00017000 08:01 267140                     /lib/x86_64-linux-gnu/libnsl-2.19.so
7f4823ffc000-7f4823ffd000 r--p 00016000 08:01 267140                     /lib/x86_64-linux-gnu/libnsl-2.19.so
7f4823ffd000-7f4823ffe000 rw-p 00017000 08:01 267140                     /lib/x86_64-linux-gnu/libnsl-2.19.so
7f4823ffe000-7f4824000000 rw-p 00000000 00:00 0 
7f4824000000-7f4824d55000 rw-p 00000000 00:00 0 
7f4824d55000-7f4828000000 ---p 00000000 00:00 0 
7f4828000000-7f4828001000 r--s 00004000 08:01 272467                     /usr/share/hadoop2/share/hadoop/common/lib/jackson-jaxrs-1.8.8.jar
7f4828001000-7f4828002000 r--s 00003000 08:01 272470                     /usr/share/hadoop2/share/hadoop/common/lib/xmlenc-0.52.jar
7f4828002000-7f4828004000 r--s 00004000 08:01 272454                     /usr/share/hadoop2/share/hadoop/common/lib/stax-api-1.0-2.jar
7f4828004000-7f4828006000 r--s 00009000 08:01 272455                     /usr/share/hadoop2/share/hadoop/common/lib/commons-cli-1.2.jar
7f4828006000-7f4828048000 rw-p 00000000 00:00 0 
7f4828048000-7f4828057000 rw-p 00000000 00:00 0 
7f4828057000-7f4828060000 r-xp 00000000 08:01 267850                     /lib/x86_64-linux-gnu/libnss_compat-2.19.so
7f4828060000-7f482825f000 ---p 00009000 08:01 267850                     /lib/x86_64-linux-gnu/libnss_compat-2.19.so
7f482825f000-7f4828260000 r--p 00008000 08:01 267850                     /lib/x86_64-linux-gnu/libnss_compat-2.19.so
7f4828260000-7f4828261000 rw-p 00009000 08:01 267850                     /lib/x86_64-linux-gnu/libnss_compat-2.19.so
7f4828261000-7f482828a000 r-xp 00000000 08:01 10408                      /opt/java/jdk1.7.0_75/jre/lib/amd64/libjava.so
7f482828a000-7f482848a000 ---p 00029000 08:01 10408                      /opt/java/jdk1.7.0_75/jre/lib/amd64/libjava.so
7f482848a000-7f482848c000 rw-p 00029000 08:01 10408                      /opt/java/jdk1.7.0_75/jre/lib/amd64/libjava.so
7f482848c000-7f4828499000 r-xp 00000000 08:01 10435                      /opt/java/jdk1.7.0_75/jre/lib/amd64/libverify.so
7f4828499000-7f4828698000 ---p 0000d000 08:01 10435                      /opt/java/jdk1.7.0_75/jre/lib/amd64/libverify.so
7f4828698000-7f482869a000 rw-p 0000c000 08:01 10435                      /opt/java/jdk1.7.0_75/jre/lib/amd64/libverify.so
7f482869a000-7f48286a1000 r-xp 00000000 08:01 267862                     /lib/x86_64-linux-gnu/librt-2.19.so
7f48286a1000-7f48288a0000 ---p 00007000 08:01 267862                     /lib/x86_64-linux-gnu/librt-2.19.so
7f48288a0000-7f48288a1000 r--p 00006000 08:01 267862                     /lib/x86_64-linux-gnu/librt-2.19.so
7f48288a1000-7f48288a2000 rw-p 00007000 08:01 267862                     /lib/x86_64-linux-gnu/librt-2.19.so
7f48288a2000-7f48289a7000 r-xp 00000000 08:01 267139                     /lib/x86_64-linux-gnu/libm-2.19.so
7f48289a7000-7f4828ba6000 ---p 00105000 08:01 267139                     /lib/x86_64-linux-gnu/libm-2.19.so
7f4828ba6000-7f4828ba7000 r--p 00104000 08:01 267139                     /lib/x86_64-linux-gnu/libm-2.19.so
7f4828ba7000-7f4828ba8000 rw-p 00105000 08:01 267139                     /lib/x86_64-linux-gnu/libm-2.19.so
7f4828ba8000-7f482971b000 r-xp 00000000 08:01 10462                      /opt/java/jdk1.7.0_75/jre/lib/amd64/server/libjvm.so
7f482971b000-7f482991b000 ---p 00b73000 08:01 10462                      /opt/java/jdk1.7.0_75/jre/lib/amd64/server/libjvm.so
7f482991b000-7f48299df000 rw-p 00b73000 08:01 10462                      /opt/java/jdk1.7.0_75/jre/lib/amd64/server/libjvm.so
7f48299df000-7f4829a20000 rw-p 00000000 00:00 0 
7f4829a20000-7f4829bdb000 r-xp 00000000 08:01 267858                     /lib/x86_64-linux-gnu/libc-2.19.so
7f4829bdb000-7f4829ddb000 ---p 001bb000 08:01 267858                     /lib/x86_64-linux-gnu/libc-2.19.so
7f4829ddb000-7f4829ddf000 r--p 001bb000 08:01 267858                     /lib/x86_64-linux-gnu/libc-2.19.so
7f4829ddf000-7f4829de1000 rw-p 001bf000 08:01 267858                     /lib/x86_64-linux-gnu/libc-2.19.so
7f4829de1000-7f4829de6000 rw-p 00000000 00:00 0 
7f4829de6000-7f4829de9000 r-xp 00000000 08:01 267149                     /lib/x86_64-linux-gnu/libdl-2.19.so
7f4829de9000-7f4829fe8000 ---p 00003000 08:01 267149                     /lib/x86_64-linux-gnu/libdl-2.19.so
7f4829fe8000-7f4829fe9000 r--p 00002000 08:01 267149                     /lib/x86_64-linux-gnu/libdl-2.19.so
7f4829fe9000-7f4829fea000 rw-p 00003000 08:01 267149                     /lib/x86_64-linux-gnu/libdl-2.19.so
7f4829fea000-7f482a000000 r-xp 00000000 08:01 11147                      /opt/java/jdk1.7.0_75/lib/amd64/jli/libjli.so
7f482a000000-7f482a200000 ---p 00016000 08:01 11147                      /opt/java/jdk1.7.0_75/lib/amd64/jli/libjli.so
7f482a200000-7f482a201000 rw-p 00016000 08:01 11147                      /opt/java/jdk1.7.0_75/lib/amd64/jli/libjli.so
7f482a201000-7f482a21a000 r-xp 00000000 08:01 267144                     /lib/x86_64-linux-gnu/libpthread-2.19.so
7f482a21a000-7f482a419000 ---p 00019000 08:01 267144                     /lib/x86_64-linux-gnu/libpthread-2.19.so
7f482a419000-7f482a41a000 r--p 00018000 08:01 267144                     /lib/x86_64-linux-gnu/libpthread-2.19.so
7f482a41a000-7f482a41b000 rw-p 00019000 08:01 267144                     /lib/x86_64-linux-gnu/libpthread-2.19.so
7f482a41b000-7f482a41f000 rw-p 00000000 00:00 0 
7f482a41f000-7f482a442000 r-xp 00000000 08:01 267852                     /lib/x86_64-linux-gnu/ld-2.19.so
7f482a442000-7f482a443000 r--s 00007000 08:01 272472                     /usr/share/hadoop2/share/hadoop/common/lib/jackson-xc-1.8.8.jar
7f482a443000-7f482a444000 r--s 0000a000 08:01 272449                     /usr/share/hadoop2/share/hadoop/common/lib/asm-3.2.jar
7f482a444000-7f482a450000 r--s 000b3000 08:01 272485                     /usr/share/hadoop2/share/hadoop/common/lib/zookeeper-3.4.5.jar
7f482a450000-7f482a453000 r--s 0002b000 08:01 272486                     /usr/share/hadoop2/share/hadoop/common/lib/jsch-0.1.42.jar
7f482a453000-7f482a457000 r--s 00020000 08:01 272477                     /usr/share/hadoop2/share/hadoop/common/lib/commons-digester-1.8.jar
7f482a457000-7f482a45a000 r--s 00016000 08:01 272465                     /usr/share/hadoop2/share/hadoop/common/lib/jsp-api-2.1.jar
7f482a45a000-7f482a464000 rw-p 00000000 00:00 0 
7f482a464000-7f482a51a000 rw-p 00000000 00:00 0 
7f482a51a000-7f482a51d000 ---p 00000000 00:00 0 
7f482a51d000-7f482a61f000 rw-p 00000000 00:00 0                          [stack:12175]
7f482a61f000-7f482a621000 r--s 00003000 08:01 272450                     /usr/share/hadoop2/share/hadoop/common/lib/hadoop-annotations-2.4.1.jar
7f482a621000-7f482a625000 r--s 00021000 08:01 272443                     /usr/share/hadoop2/share/hadoop/common/lib/jersey-json-1.9.jar
7f482a625000-7f482a629000 r--s 00028000 08:01 272436                     /usr/share/hadoop2/share/hadoop/common/lib/jetty-util-6.1.26.jar
7f482a629000-7f482a635000 rw-p 00000000 00:00 0 
7f482a635000-7f482a63d000 rw-s 00000000 08:01 1081307                    /tmp/hsperfdata_hduser/12160
7f482a63d000-7f482a63e000 rw-p 00000000 00:00 0 
7f482a63e000-7f482a63f000 r--p 00000000 00:00 0 
7f482a63f000-7f482a641000 rw-p 00000000 00:00 0 
7f482a641000-7f482a642000 r--p 00022000 08:01 267852                     /lib/x86_64-linux-gnu/ld-2.19.so
7f482a642000-7f482a643000 rw-p 00023000 08:01 267852                     /lib/x86_64-linux-gnu/ld-2.19.so
7f482a643000-7f482a644000 rw-p 00000000 00:00 0 
7fffc3fc4000-7fffc3fe6000 rw-p 00000000 00:00 0                          [stack]
7fffc3ffe000-7fffc4000000 r-xp 00000000 00:00 0                          [vdso]
ffffffffff600000-ffffffffff601000 r-xp 00000000 00:00 0                  [vsyscall]

VM Arguments:
jvm_args: -Xmx128m -Djava.net.preferIPv4Stack=true -Dhadoop.log.dir=/var/log/hadoop -Dhadoop.log.file=hadoop.log -Dhadoop.home.dir=/usr/share/hadoop2 -Dhadoop.id.str=hduser -Dhadoop.root.logger=INFO,console -Djava.library.path=/mnt/hgfs/mcl-im-seg/target/bin/../native:/usr/share/hadoop2/lib/native -Dhadoop.policy.file=hadoop-policy.xml -Djava.net.preferIPv4Stack=true -Xmx512m -Dhadoop.security.logger=INFO,NullAppender 
java_command: org.apache.hadoop.util.RunJar /mnt/hgfs/mcl-im-seg/target/bin/../mcl-im-seg-jar-with-dependencies.jar bmcl -cm -co --local -zk -i s5/r3_256_n -o tmp -n -v -d
Launcher Type: SUN_STANDARD

Environment Variables:
JAVA_HOME=/opt/java/jdk1.7.0_75
CLASSPATH=/etc/hadoop2:/usr/share/hadoop2/share/hadoop/common/lib/*:/usr/share/hadoop2/share/hadoop/common/*:/usr/share/hadoop2/share/hadoop/hdfs:/usr/share/hadoop2/share/hadoop/hdfs/lib/*:/usr/share/hadoop2/share/hadoop/hdfs/*:/usr/share/hadoop2/share/hadoop/yarn/lib/*:/usr/share/hadoop2/share/hadoop/yarn/*:/usr/share/hadoop2/share/hadoop/mapreduce/lib/*:/usr/share/hadoop2/share/hadoop/mapreduce/*:/contrib/capacity-scheduler/*.jar
PATH=/usr/local/sbin:/usr/local/bin:/usr/sbin:/usr/bin:/sbin:/bin:/usr/games:/usr/local/games:/usr/share/hadoop2/bin:/usr/share/hadoop2/sbin:/usr/share/spark/bin:/mnt/hgfs/mcl-im-seg/target/bin
USERNAME=root
LD_LIBRARY_PATH=:/mnt/hgfs/mcl-im-seg/target/bin/../native:/usr/share/hadoop2/lib/native
SHELL=/bin/bash

Signal Handlers:
SIGSEGV: [libjvm.so+0x9a21f0], sa_mask[0]=0x7ffbfeff, sa_flags=0x10000004
SIGBUS: [libjvm.so+0x9a21f0], sa_mask[0]=0x7ffbfeff, sa_flags=0x10000004
SIGFPE: [libjvm.so+0x81ba40], sa_mask[0]=0x7ffbfeff, sa_flags=0x10000004
SIGPIPE: [libjvm.so+0x81ba40], sa_mask[0]=0x7ffbfeff, sa_flags=0x10000004
SIGXFSZ: [libjvm.so+0x81ba40], sa_mask[0]=0x7ffbfeff, sa_flags=0x10000004
SIGILL: [libjvm.so+0x81ba40], sa_mask[0]=0x7ffbfeff, sa_flags=0x10000004
SIGUSR1: SIG_DFL, sa_mask[0]=0x00000000, sa_flags=0x00000000
SIGUSR2: [libjvm.so+0x81d240], sa_mask[0]=0x00000000, sa_flags=0x10000004
SIGHUP: [libjvm.so+0x81e360], sa_mask[0]=0x7ffbfeff, sa_flags=0x10000004
SIGINT: [libjvm.so+0x81e360], sa_mask[0]=0x7ffbfeff, sa_flags=0x10000004
SIGTERM: [libjvm.so+0x81e360], sa_mask[0]=0x7ffbfeff, sa_flags=0x10000004
SIGQUIT: [libjvm.so+0x81e360], sa_mask[0]=0x7ffbfeff, sa_flags=0x10000004


---------------  S Y S T E M  ---------------

OS:jessie/sid

uname:Linux 3.13.0-24-generic #47-Ubuntu SMP Fri May 2 23:30:00 UTC 2014 x86_64
libc:glibc 2.19 NPTL 2.19 
rlimit: STACK 8192k, CORE 0k, NPROC 23779, NOFILE 4096, AS infinity
load average:0,97 0,32 0,20

/proc/meminfo:
MemTotal:        3074916 kB
MemFree:          470700 kB
Buffers:          161124 kB
Cached:          1250272 kB
SwapCached:         7644 kB
Active:          1405828 kB
Inactive:         902016 kB
Active(anon):     875564 kB
Inactive(anon):    21120 kB
Active(file):     530264 kB
Inactive(file):   880896 kB
Unevictable:           0 kB
Mlocked:               0 kB
SwapTotal:       2094076 kB
SwapFree:        2055644 kB
Dirty:             24476 kB
Writeback:             0 kB
AnonPages:        890204 kB
Mapped:            31372 kB
Shmem:               168 kB
Slab:             182104 kB
SReclaimable:     148612 kB
SUnreclaim:        33492 kB
KernelStack:        4472 kB
PageTables:        10600 kB
NFS_Unstable:          0 kB
Bounce:                0 kB
WritebackTmp:          0 kB
CommitLimit:     3631532 kB
Committed_AS:    1351212 kB
VmallocTotal:   34359738367 kB
VmallocUsed:      182100 kB
VmallocChunk:   34359495372 kB
HardwareCorrupted:     0 kB
AnonHugePages:    714752 kB
HugePages_Total:       0
HugePages_Free:        0
HugePages_Rsvd:        0
HugePages_Surp:        0
Hugepagesize:       2048 kB
DirectMap4k:       59264 kB
DirectMap2M:     3086336 kB


CPU:total 3 (3 cores per cpu, 1 threads per core) family 6 model 42 stepping 7, cmov, cx8, fxsr, mmx, sse, sse2, sse3, ssse3, sse4.1, sse4.2, popcnt, avx, aes, tsc, tscinvbit

/proc/cpuinfo:
processor	: 0
vendor_id	: GenuineIntel
cpu family	: 6
model		: 42
model name	: Intel(R) Core(TM) i5-2430M CPU @ 2.40GHz
stepping	: 7
microcode	: 0x28
cpu MHz		: 2394.564
cache size	: 3072 KB
physical id	: 0
siblings	: 3
core id		: 0
cpu cores	: 3
apicid		: 0
initial apicid	: 0
fpu		: yes
fpu_exception	: yes
cpuid level	: 13
wp		: yes
flags		: fpu vme de pse tsc msr pae mce cx8 apic sep mtrr pge mca cmov pat pse36 clflush dts mmx fxsr sse sse2 ss ht syscall nx rdtscp lm constant_tsc arch_perfmon pebs bts nopl xtopology tsc_reliable nonstop_tsc aperfmperf eagerfpu pni pclmulqdq vmx ssse3 cx16 pcid sse4_1 sse4_2 x2apic popcnt aes xsave avx hypervisor lahf_lm ida arat epb xsaveopt pln pts dtherm tpr_shadow vnmi ept vpid
bogomips	: 4789.12
clflush size	: 64
cache_alignment	: 64
address sizes	: 40 bits physical, 48 bits virtual
power management:

processor	: 1
vendor_id	: GenuineIntel
cpu family	: 6
model		: 42
model name	: Intel(R) Core(TM) i5-2430M CPU @ 2.40GHz
stepping	: 7
microcode	: 0x28
cpu MHz		: 2394.564
cache size	: 3072 KB
physical id	: 0
siblings	: 3
core id		: 1
cpu cores	: 3
apicid		: 1
initial apicid	: 1
fpu		: yes
fpu_exception	: yes
cpuid level	: 13
wp		: yes
flags		: fpu vme de pse tsc msr pae mce cx8 apic sep mtrr pge mca cmov pat pse36 clflush dts mmx fxsr sse sse2 ss ht syscall nx rdtscp lm constant_tsc arch_perfmon pebs bts nopl xtopology tsc_reliable nonstop_tsc aperfmperf eagerfpu pni pclmulqdq vmx ssse3 cx16 pcid sse4_1 sse4_2 x2apic popcnt aes xsave avx hypervisor lahf_lm ida arat epb xsaveopt pln pts dtherm tpr_shadow vnmi ept vpid
bogomips	: 4789.12
clflush size	: 64
cache_alignment	: 64
address sizes	: 40 bits physical, 48 bits virtual
power management:

processor	: 2
vendor_id	: GenuineIntel
cpu family	: 6
model		: 42
model name	: Intel(R) Core(TM) i5-2430M CPU @ 2.40GHz
stepping	: 7
microcode	: 0x28
cpu MHz		: 2394.564
cache size	: 3072 KB
physical id	: 0
siblings	: 3
core id		: 2
cpu cores	: 3
apicid		: 2
initial apicid	: 2
fpu		: yes
fpu_exception	: yes
cpuid level	: 13
wp		: yes
flags		: fpu vme de pse tsc msr pae mce cx8 apic sep mtrr pge mca cmov pat pse36 clflush dts mmx fxsr sse sse2 ss ht syscall nx rdtscp lm constant_tsc arch_perfmon pebs bts nopl xtopology tsc_reliable nonstop_tsc aperfmperf eagerfpu pni pclmulqdq vmx ssse3 cx16 pcid sse4_1 sse4_2 x2apic popcnt aes xsave avx hypervisor lahf_lm ida arat epb xsaveopt pln pts dtherm tpr_shadow vnmi ept vpid
bogomips	: 4789.12
clflush size	: 64
cache_alignment	: 64
address sizes	: 40 bits physical, 48 bits virtual
power management:



Memory: 4k page, physical 3074916k(470516k free), swap 2094076k(2055644k free)

vm_info: Java HotSpot(TM) 64-Bit Server VM (24.75-b04) for linux-amd64 JRE (1.7.0_75-b13), built on Dec 18 2014 16:45:18 by "java_re" with gcc 4.3.0 20080428 (Red Hat 4.3.0-8)

time: Sat Feb 28 12:41:55 2015
elapsed time: 7 seconds

