#
# A fatal error has been detected by the Java Runtime Environment:
#
#  SIGSEGV (0xb) at pc=0x00007f07e39e4693, pid=57807, tid=139671940241152
#
# JRE version: Java(TM) SE Runtime Environment (7.0_75-b13) (build 1.7.0_75-b13)
# Java VM: Java HotSpot(TM) 64-Bit Server VM (24.75-b04 mixed mode linux-amd64 compressed oops)
# Problematic frame:
# C  [libmclnative.so+0x7693]  sbiNNew+0x6f
#
# Failed to write core dump. Core dumps have been disabled. To enable core dumping, try "ulimit -c unlimited" before starting Java again
#
# If you would like to submit a bug report, please visit:
#   http://bugreport.sun.com/bugreport/crash.jsp
# The crash happened outside the Java Virtual Machine in native code.
# See problematic frame for where to report the bug.
#

---------------  T H R E A D  ---------------

Current thread (0x00007f07f5374800):  JavaThread "LocalJobRunner Map Task Executor #0" [_thread_in_native, id=57858, stack(0x00007f07e8521000,0x00007f07e8622000)]

siginfo:si_signo=SIGSEGV: si_errno=0, si_code=1 (SEGV_MAPERR), si_addr=0x0000000000000001

Registers:
RAX=0x0000000000000001, RBX=0x00000000dc647328, RCX=0x0000000000000405, RDX=0x0000000000000005
RSP=0x00007f07e86201d0, RBP=0x00007f07e8620200, RSI=0x000000007ff00012, RDI=0x0000000000000003
R8 =0x0000000000000001, R9 =0x00007f07e4000078, R10=0x00007f07e4000078, R11=0x00007f07e4000000
R12=0x0000000000000000, R13=0x00000000dc647328, R14=0x00007f07e8620310, R15=0x00007f07f5374800
RIP=0x00007f07e39e4693, EFLAGS=0x0000000000010287, CSGSFS=0x0000000000000033, ERR=0x0000000000000004
  TRAPNO=0x000000000000000e

Top of Stack: (sp=0x00007f07e86201d0)
0x00007f07e86201d0:   00007f07e4809e90 0000000000000100
0x00007f07e86201e0:   00007f07e40abe70 0000000000000005
0x00007f07e86201f0:   0000000000000000 00007f07e40abe70
0x00007f07e8620200:   00007f07e8620250 00007f07e39e48e1
0x00007f07e8620210:   0000000000000000 0000000000000100
0x00007f07e8620220:   00007f07e8620308 00007f07e8620310
0x00007f07e8620230:   00007f07f53749e8 00007f07e4806550
0x00007f07e8620240:   0000000000000000 00007f07e43288e0
0x00007f07e8620250:   00007f07e8620280 00007f07e39e0a16
0x00007f07e8620260:   00007f07e8620308 00007f07e8620310
0x00007f07e8620270:   00007f07e86202f8 00007f07f53749e8
0x00007f07e8620280:   00007f07e86202e8 00007f07f1012d98
0x00007f07e8620290:   0000000100000012 0000000c00000014
0x00007f07e86202a0:   00007f07f5374800 00007f07e86202a8
0x00007f07e86202b0:   00000000dc647328 00007f07e8620310
0x00007f07e86202c0:   00000000dc6478d0 0000000000000000
0x00007f07e86202d0:   00000000dc647328 0000000000000000
0x00007f07e86202e0:   00007f07e8620308 00007f07e8620360
0x00007f07e86202f0:   00007f07f1006350 00000000f6af0058
0x00007f07e8620300:   00007f07f100ecc0 00000000f6f0d838
0x00007f07e8620310:   00000000f6af0fd8 00000000f6b1d0c0
0x00007f07e8620320:   00007f07e8620320 00000000dc1b0dbc
0x00007f07e8620330:   00007f07e8620380 00000000dc648198
0x00007f07e8620340:   0000000000000000 00000000dc1b0df8
0x00007f07e8620350:   00007f07e8620308 00007f07e8620370
0x00007f07e8620360:   00007f07e86203d0 00007f07f1006058
0x00007f07e8620370:   00000000f64e5c18 00000000f6add8e8
0x00007f07e8620380:   00000000f6b1d0c0 00000000f6b1d0c0
0x00007f07e8620390:   00007f07e8620390 00000000dc1add8e
0x00007f07e86203a0:   00007f07e86203e8 00000000dc1b14c0
0x00007f07e86203b0:   0000000000000000 00000000dc1addb8
0x00007f07e86203c0:   00007f07e8620370 00007f07e86203e0 

Instructions: (pc=0x00007f07e39e4693)
0x00007f07e39e4673:   e0 48 8d 50 08 48 8b 45 f0 48 89 02 48 8b 45 d0
0x00007f07e39e4683:   48 8b 48 18 48 8b 45 e8 48 8d 50 04 48 89 55 e8
0x00007f07e39e4693:   8b 00 48 98 48 c1 e0 04 48 8d 14 01 48 8b 45 e0
0x00007f07e39e46a3:   48 89 50 10 48 8b 45 e0 48 c7 40 18 00 00 00 00 

Register to memory mapping:

RAX=0x0000000000000001 is an unknown value
RBX=0x00000000dc647328 is an oop
{method} 
 - klass: {other class}
RCX=0x0000000000000405 is an unknown value
RDX=0x0000000000000005 is an unknown value
RSP=0x00007f07e86201d0 is pointing into the stack for thread: 0x00007f07f5374800
RBP=0x00007f07e8620200 is pointing into the stack for thread: 0x00007f07f5374800
RSI=0x000000007ff00012 is an unknown value
RDI=0x0000000000000003 is an unknown value
R8 =0x0000000000000001 is an unknown value
R9 =0x00007f07e4000078 is an unknown value
R10=0x00007f07e4000078 is an unknown value
R11=0x00007f07e4000000 is an unknown value
R12=0x0000000000000000 is an unknown value
R13=0x00000000dc647328 is an oop
{method} 
 - klass: {other class}
R14=0x00007f07e8620310 is pointing into the stack for thread: 0x00007f07f5374800
R15=0x00007f07f5374800 is a thread


Stack: [0x00007f07e8521000,0x00007f07e8622000],  sp=0x00007f07e86201d0,  free space=1020k
Native frames: (J=compiled Java code, j=interpreted, Vv=VM code, C=native code)
C  [libmclnative.so+0x7693]  sbiNNew+0x6f
C  [libmclnative.so+0x78e1]  iteratorInit+0x8b
C  [libmclnative.so+0x3a16]  Java_io_writables_nat_NativeArrayCSCSliceHelper_startIterateBlocks+0x3d
j  io.writables.nat.NativeArrayCSCSliceHelper.startIterateBlocks([B[B)Z+0
j  io.writables.nat.NativeArrayCSCSlice$SubBlockIterator.<init>(Lio/writables/nat/NativeArrayCSCSlice;Lio/writables/SliceId;)V+84
j  io.writables.nat.NativeArrayCSCSlice.getSubBlockIterator(Lio/writables/SliceId;)Literators/ReadOnlyIterator;+6
j  io.writables.MCLMatrixSlice$1.iterator()Ljava/util/Iterator;+8
j  mapred.job.TransposeJob$TransposeMapper.map(Lio/writables/SliceId;Lio/writables/MCLMatrixSlice;Lorg/apache/hadoop/mapreduce/Mapper$Context;)V+24
j  mapred.job.TransposeJob$TransposeMapper.map(Ljava/lang/Object;Ljava/lang/Object;Lorg/apache/hadoop/mapreduce/Mapper$Context;)V+10
j  org.apache.hadoop.mapreduce.Mapper.run(Lorg/apache/hadoop/mapreduce/Mapper$Context;)V+22
j  org.apache.hadoop.mapred.MapTask.runNewMapper(Lorg/apache/hadoop/mapred/JobConf;Lorg/apache/hadoop/mapreduce/split/JobSplit$TaskSplitIndex;Lorg/apache/hadoop/mapred/TaskUmbilicalProtocol;Lorg/apache/hadoop/mapred/Task$TaskReporter;)V+228
j  org.apache.hadoop.mapred.MapTask.run(Lorg/apache/hadoop/mapred/JobConf;Lorg/apache/hadoop/mapred/TaskUmbilicalProtocol;)V+148
j  org.apache.hadoop.mapred.LocalJobRunner$Job$MapTaskRunnable.run()V+223
j  java.util.concurrent.Executors$RunnableAdapter.call()Ljava/lang/Object;+4
j  java.util.concurrent.FutureTask.run()V+42
j  java.util.concurrent.ThreadPoolExecutor.runWorker(Ljava/util/concurrent/ThreadPoolExecutor$Worker;)V+95
j  java.util.concurrent.ThreadPoolExecutor$Worker.run()V+5
j  java.lang.Thread.run()V+11
v  ~StubRoutines::call_stub
V  [libjvm.so+0x600045]  JavaCalls::call_helper(JavaValue*, methodHandle*, JavaCallArguments*, Thread*)+0x365
V  [libjvm.so+0x5feaa8]  JavaCalls::call(JavaValue*, methodHandle, JavaCallArguments*, Thread*)+0x28
V  [libjvm.so+0x5fed77]  JavaCalls::call_virtual(JavaValue*, KlassHandle, Symbol*, Symbol*, JavaCallArguments*, Thread*)+0x197
V  [libjvm.so+0x5fee97]  JavaCalls::call_virtual(JavaValue*, Handle, KlassHandle, Symbol*, Symbol*, Thread*)+0x47
V  [libjvm.so+0x67beb5]  thread_entry(JavaThread*, Thread*)+0xe5
V  [libjvm.so+0x95a71f]  JavaThread::thread_main_inner()+0xdf
V  [libjvm.so+0x95a825]  JavaThread::run()+0xf5
V  [libjvm.so+0x820b88]  java_start(Thread*)+0x108

Java frames: (J=compiled Java code, j=interpreted, Vv=VM code)
j  io.writables.nat.NativeArrayCSCSliceHelper.startIterateBlocks([B[B)Z+0
j  io.writables.nat.NativeArrayCSCSlice$SubBlockIterator.<init>(Lio/writables/nat/NativeArrayCSCSlice;Lio/writables/SliceId;)V+84
j  io.writables.nat.NativeArrayCSCSlice.getSubBlockIterator(Lio/writables/SliceId;)Literators/ReadOnlyIterator;+6
j  io.writables.MCLMatrixSlice$1.iterator()Ljava/util/Iterator;+8
j  mapred.job.TransposeJob$TransposeMapper.map(Lio/writables/SliceId;Lio/writables/MCLMatrixSlice;Lorg/apache/hadoop/mapreduce/Mapper$Context;)V+24
j  mapred.job.TransposeJob$TransposeMapper.map(Ljava/lang/Object;Ljava/lang/Object;Lorg/apache/hadoop/mapreduce/Mapper$Context;)V+10
j  org.apache.hadoop.mapreduce.Mapper.run(Lorg/apache/hadoop/mapreduce/Mapper$Context;)V+22
j  org.apache.hadoop.mapred.MapTask.runNewMapper(Lorg/apache/hadoop/mapred/JobConf;Lorg/apache/hadoop/mapreduce/split/JobSplit$TaskSplitIndex;Lorg/apache/hadoop/mapred/TaskUmbilicalProtocol;Lorg/apache/hadoop/mapred/Task$TaskReporter;)V+228
j  org.apache.hadoop.mapred.MapTask.run(Lorg/apache/hadoop/mapred/JobConf;Lorg/apache/hadoop/mapred/TaskUmbilicalProtocol;)V+148
j  org.apache.hadoop.mapred.LocalJobRunner$Job$MapTaskRunnable.run()V+223
j  java.util.concurrent.Executors$RunnableAdapter.call()Ljava/lang/Object;+4
j  java.util.concurrent.FutureTask.run()V+42
j  java.util.concurrent.ThreadPoolExecutor.runWorker(Ljava/util/concurrent/ThreadPoolExecutor$Worker;)V+95
j  java.util.concurrent.ThreadPoolExecutor$Worker.run()V+5
j  java.lang.Thread.run()V+11
v  ~StubRoutines::call_stub

---------------  P R O C E S S  ---------------

Java Threads: ( => current thread )
  0x00007f07e43bb000 JavaThread "SpillThread" daemon [_thread_blocked, id=57864, stack(0x00007f07e3be8000,0x00007f07e3ce9000)]
  0x00007f07e46f9000 JavaThread "communication thread" daemon [_thread_blocked, id=57859, stack(0x00007f07e3ce9000,0x00007f07e3dea000)]
=>0x00007f07f5374800 JavaThread "LocalJobRunner Map Task Executor #0" [_thread_in_native, id=57858, stack(0x00007f07e8521000,0x00007f07e8622000)]
  0x00007f07f53c6000 JavaThread "Thread-13" [_thread_blocked, id=57857, stack(0x00007f07e831f000,0x00007f07e8420000)]
  0x00007f07f5314800 JavaThread "LeaseRenewer:hduser@192.168.233.128:8020" daemon [_thread_blocked, id=57848, stack(0x00007f07e8420000,0x00007f07e8521000)]
  0x00007f07f52fe000 JavaThread "org.apache.hadoop.hdfs.PeerCache@5ff1b072" daemon [_thread_blocked, id=57846, stack(0x00007f07e8622000,0x00007f07e8723000)]
  0x00007f07f5288000 JavaThread "IPC Parameter Sending Thread #0" daemon [_thread_blocked, id=57844, stack(0x00007f07e8723000,0x00007f07e8824000)]
  0x00007f07f5286800 JavaThread "IPC Client (1944154579) connection to /192.168.233.128:8020 from hduser" daemon [_thread_blocked, id=57843, stack(0x00007f07e8824000,0x00007f07e8925000)]
  0x00007f07f5235000 JavaThread "Thread-4" daemon [_thread_in_native, id=57842, stack(0x00007f07e8f69000,0x00007f07e906a000)]
  0x0000000001091000 JavaThread "ProcessThread(sid:0 cport:-1):" daemon [_thread_blocked, id=57841, stack(0x00007f07e926e000,0x00007f07e936f000)]
  0x0000000001094800 JavaThread "SyncThread:0" daemon [_thread_blocked, id=57840, stack(0x00007f07e936f000,0x00007f07e9470000)]
  0x0000000001065000 JavaThread "SessionTracker" daemon [_thread_blocked, id=57839, stack(0x00007f07e9678000,0x00007f07e9779000)]
  0x0000000001060000 JavaThread "NIOServerCxn.Factory:0.0.0.0/0.0.0.0:2181" daemon [_thread_in_native, id=57838, stack(0x00007f07e9779000,0x00007f07e987a000)]
  0x00007f07f48aa000 JavaThread "Thread-3" daemon [_thread_blocked, id=57837, stack(0x00007f07e987a000,0x00007f07e997b000)]
  0x00007f07f47f1800 JavaThread "process reaper" daemon [_thread_blocked, id=57835, stack(0x00007f07e997b000,0x00007f07e99b4000)]
  0x00007f07f40a6000 JavaThread "Service Thread" daemon [_thread_blocked, id=57832, stack(0x00007f07ea534000,0x00007f07ea635000)]
  0x00007f07f409b000 JavaThread "C2 CompilerThread1" daemon [_thread_blocked, id=57831, stack(0x00007f07ea635000,0x00007f07ea736000)]
  0x00007f07f4098000 JavaThread "C2 CompilerThread0" daemon [_thread_blocked, id=57830, stack(0x00007f07ea736000,0x00007f07ea837000)]
  0x00007f07f4095800 JavaThread "Signal Dispatcher" daemon [_thread_blocked, id=57829, stack(0x00007f07ea837000,0x00007f07ea938000)]
  0x00007f07f4073800 JavaThread "Finalizer" daemon [_thread_blocked, id=57828, stack(0x00007f07f00f1000,0x00007f07f01f2000)]
  0x00007f07f4071800 JavaThread "Reference Handler" daemon [_thread_blocked, id=57827, stack(0x00007f07f01f2000,0x00007f07f02f3000)]
  0x00007f07f400f800 JavaThread "main" [_thread_blocked, id=57822, stack(0x00007f07fb6d2000,0x00007f07fb7d3000)]

Other Threads:
  0x00007f07f406d000 VMThread [stack: 0x00007f07f02f3000,0x00007f07f03f4000] [id=57826]
  0x00007f07f40ed000 WatcherThread [stack: 0x00007f07ea433000,0x00007f07ea534000] [id=57833]

VM state:not at safepoint (normal execution)

VM Mutex/Monitor currently owned by a thread: None

Heap
 PSYoungGen      total 105472K, used 31851K [0x00000000f5500000, 0x00000000fc300000, 0x0000000100000000)
  eden space 98304K, 27% used [0x00000000f5500000,0x00000000f6f2fde8,0x00000000fb500000)
  from space 7168K, 70% used [0x00000000fbc00000,0x00000000fc0eb168,0x00000000fc300000)
  to   space 7168K, 0% used [0x00000000fb500000,0x00000000fb500000,0x00000000fbc00000)
 ParOldGen       total 237056K, used 214284K [0x00000000e0000000, 0x00000000ee780000, 0x00000000f5500000)
  object space 237056K, 90% used [0x00000000e0000000,0x00000000ed143138,0x00000000ee780000)
 PSPermGen       total 25088K, used 24866K [0x00000000dae00000, 0x00000000dc680000, 0x00000000e0000000)
  object space 25088K, 99% used [0x00000000dae00000,0x00000000dc648b78,0x00000000dc680000)

Card table byte_map: [0x00007f07f8898000,0x00007f07f89c2000] byte_map_base: 0x00007f07f81c1000

Polling page: 0x00007f07fb7f6000

Code Cache  [0x00007f07f1000000, 0x00007f07f1270000, 0x00007f07f4000000)
 total_blobs=828 nmethods=411 adapters=370 free_code_cache=47636Kb largest_free_block=48723520

Compilation events (10 events):
Event: 5,103 Thread 0x00007f07f4098000 nmethod 412 0x00007f07f115d290 code [0x00007f07f115d420, 0x00007f07f115d938]
Event: 5,103 Thread 0x00007f07f4098000  413             java.io.File::isInvalid (47 bytes)
Event: 5,105 Thread 0x00007f07f409b000 nmethod 369% 0x00007f07f1177410 code [0x00007f07f1178060, 0x00007f07f117f598]
Event: 5,107 Thread 0x00007f07f4098000 nmethod 413 0x00007f07f1169890 code [0x00007f07f11699e0, 0x00007f07f1169b98]
Event: 5,107 Thread 0x00007f07f409b000  414 %           java.util.Properties$LineReader::readLine @ 21 (452 bytes)
Event: 5,120 Thread 0x00007f07f409b000 nmethod 414% 0x00007f07f1174250 code [0x00007f07f1174420, 0x00007f07f1174ca8]
Event: 5,140 Thread 0x00007f07f4098000  415             java.lang.String::equalsIgnoreCase (48 bytes)
Event: 5,144 Thread 0x00007f07f409b000  416             java.util.Properties$LineReader::readLine (452 bytes)
Event: 5,148 Thread 0x00007f07f4098000 nmethod 415 0x00007f07f1173650 code [0x00007f07f11737c0, 0x00007f07f1173cd8]
Event: 5,175 Thread 0x00007f07f409b000 nmethod 416 0x00007f07f1176190 code [0x00007f07f1176360, 0x00007f07f1176c28]

GC Heap History (10 events):
Event: 1,321 GC heap before
{Heap before GC invocations=4 (full 0):
 PSYoungGen      total 14336K, used 14334K [0x00000000f5500000, 0x00000000f7100000, 0x0000000100000000)
  eden space 12288K, 100% used [0x00000000f5500000,0x00000000f6100000,0x00000000f6100000)
  from space 2048K, 99% used [0x00000000f6100000,0x00000000f62ffa30,0x00000000f6300000)
  to   space 2048K, 0% used [0x00000000f6f00000,0x00000000f6f00000,0x00000000f7100000)
 ParOldGen       total 31744K, used 5213K [0x00000000e0000000, 0x00000000e1f00000, 0x00000000f5500000)
  object space 31744K, 16% used [0x00000000e0000000,0x00000000e05175c0,0x00000000e1f00000)
 PSPermGen       total 21504K, used 10100K [0x00000000dae00000, 0x00000000dc300000, 0x00000000e0000000)
  object space 21504K, 46% used [0x00000000dae00000,0x00000000db7dd0f8,0x00000000dc300000)
Event: 1,328 GC heap after
Heap after GC invocations=4 (full 0):
 PSYoungGen      total 26624K, used 2022K [0x00000000f5500000, 0x00000000f7100000, 0x0000000100000000)
  eden space 24576K, 0% used [0x00000000f5500000,0x00000000f5500000,0x00000000f6d00000)
  from space 2048K, 98% used [0x00000000f6f00000,0x00000000f70f9a70,0x00000000f7100000)
  to   space 2048K, 0% used [0x00000000f6d00000,0x00000000f6d00000,0x00000000f6f00000)
 ParOldGen       total 31744K, used 5708K [0x00000000e0000000, 0x00000000e1f00000, 0x00000000f5500000)
  object space 31744K, 17% used [0x00000000e0000000,0x00000000e0593100,0x00000000e1f00000)
 PSPermGen       total 21504K, used 10100K [0x00000000dae00000, 0x00000000dc300000, 0x00000000e0000000)
  object space 21504K, 46% used [0x00000000dae00000,0x00000000db7dd0f8,0x00000000dc300000)
}
Event: 2,184 GC heap before
{Heap before GC invocations=5 (full 0):
 PSYoungGen      total 26624K, used 26598K [0x00000000f5500000, 0x00000000f7100000, 0x0000000100000000)
  eden space 24576K, 100% used [0x00000000f5500000,0x00000000f6d00000,0x00000000f6d00000)
  from space 2048K, 98% used [0x00000000f6f00000,0x00000000f70f9a70,0x00000000f7100000)
  to   space 2048K, 0% used [0x00000000f6d00000,0x00000000f6d00000,0x00000000f6f00000)
 ParOldGen       total 31744K, used 5708K [0x00000000e0000000, 0x00000000e1f00000, 0x00000000f5500000)
  object space 31744K, 17% used [0x00000000e0000000,0x00000000e0593100,0x00000000e1f00000)
 PSPermGen       total 21504K, used 13446K [0x00000000dae00000, 0x00000000dc300000, 0x00000000e0000000)
  object space 21504K, 62% used [0x00000000dae00000,0x00000000dbb218b0,0x00000000dc300000)
Event: 2,200 GC heap after
Heap after GC invocations=5 (full 0):
 PSYoungGen      total 26624K, used 2016K [0x00000000f5500000, 0x00000000f9000000, 0x0000000100000000)
  eden space 24576K, 0% used [0x00000000f5500000,0x00000000f5500000,0x00000000f6d00000)
  from space 2048K, 98% used [0x00000000f6d00000,0x00000000f6ef8020,0x00000000f6f00000)
  to   space 5632K, 0% used [0x00000000f8a80000,0x00000000f8a80000,0x00000000f9000000)
 ParOldGen       total 31744K, used 7932K [0x00000000e0000000, 0x00000000e1f00000, 0x00000000f5500000)
  object space 31744K, 24% used [0x00000000e0000000,0x00000000e07bf120,0x00000000e1f00000)
 PSPermGen       total 21504K, used 13446K [0x00000000dae00000, 0x00000000dc300000, 0x00000000e0000000)
  object space 21504K, 62% used [0x00000000dae00000,0x00000000dbb218b0,0x00000000dc300000)
}
Event: 2,494 GC heap before
{Heap before GC invocations=6 (full 0):
 PSYoungGen      total 26624K, used 26592K [0x00000000f5500000, 0x00000000f9000000, 0x0000000100000000)
  eden space 24576K, 100% used [0x00000000f5500000,0x00000000f6d00000,0x00000000f6d00000)
  from space 2048K, 98% used [0x00000000f6d00000,0x00000000f6ef8020,0x00000000f6f00000)
  to   space 5632K, 0% used [0x00000000f8a80000,0x00000000f8a80000,0x00000000f9000000)
 ParOldGen       total 31744K, used 7932K [0x00000000e0000000, 0x00000000e1f00000, 0x00000000f5500000)
  object space 31744K, 24% used [0x00000000e0000000,0x00000000e07bf120,0x00000000e1f00000)
 PSPermGen       total 21504K, used 15984K [0x00000000dae00000, 0x00000000dc300000, 0x00000000e0000000)
  object space 21504K, 74% used [0x00000000dae00000,0x00000000dbd9c3b0,0x00000000dc300000)
Event: 2,507 GC heap after
Heap after GC invocations=6 (full 0):
 PSYoungGen      total 54784K, used 4572K [0x00000000f5500000, 0x00000000f9000000, 0x0000000100000000)
  eden space 49152K, 0% used [0x00000000f5500000,0x00000000f5500000,0x00000000f8500000)
  from space 5632K, 81% used [0x00000000f8a80000,0x00000000f8ef71a8,0x00000000f9000000)
  to   space 5632K, 0% used [0x00000000f8500000,0x00000000f8500000,0x00000000f8a80000)
 ParOldGen       total 31744K, used 7940K [0x00000000e0000000, 0x00000000e1f00000, 0x00000000f5500000)
  object space 31744K, 25% used [0x00000000e0000000,0x00000000e07c1120,0x00000000e1f00000)
 PSPermGen       total 21504K, used 15984K [0x00000000dae00000, 0x00000000dc300000, 0x00000000e0000000)
  object space 21504K, 74% used [0x00000000dae00000,0x00000000dbd9c3b0,0x00000000dc300000)
}
Event: 3,570 GC heap before
{Heap before GC invocations=7 (full 0):
 PSYoungGen      total 54784K, used 53682K [0x00000000f5500000, 0x00000000f9000000, 0x0000000100000000)
  eden space 49152K, 99% used [0x00000000f5500000,0x00000000f84f58c0,0x00000000f8500000)
  from space 5632K, 81% used [0x00000000f8a80000,0x00000000f8ef71a8,0x00000000f9000000)
  to   space 5632K, 0% used [0x00000000f8500000,0x00000000f8500000,0x00000000f8a80000)
 ParOldGen       total 31744K, used 7940K [0x00000000e0000000, 0x00000000e1f00000, 0x00000000f5500000)
  object space 31744K, 25% used [0x00000000e0000000,0x00000000e07c1120,0x00000000e1f00000)
 PSPermGen       total 21504K, used 20920K [0x00000000dae00000, 0x00000000dc300000, 0x00000000e0000000)
  object space 21504K, 97% used [0x00000000dae00000,0x00000000dc26e1f8,0x00000000dc300000)
Event: 3,593 GC heap after
Heap after GC invocations=7 (full 0):
 PSYoungGen      total 54784K, used 5619K [0x00000000f5500000, 0x00000000fc300000, 0x0000000100000000)
  eden space 49152K, 0% used [0x00000000f5500000,0x00000000f5500000,0x00000000f8500000)
  from space 5632K, 99% used [0x00000000f8500000,0x00000000f8a7cca0,0x00000000f8a80000)
  to   space 7168K, 0% used [0x00000000fbc00000,0x00000000fbc00000,0x00000000fc300000)
 ParOldGen       total 31744K, used 9128K [0x00000000e0000000, 0x00000000e1f00000, 0x00000000f5500000)
  object space 31744K, 28% used [0x00000000e0000000,0x00000000e08ea118,0x00000000e1f00000)
 PSPermGen       total 21504K, used 20920K [0x00000000dae00000, 0x00000000dc300000, 0x00000000e0000000)
  object space 21504K, 97% used [0x00000000dae00000,0x00000000dc26e1f8,0x00000000dc300000)
}
Event: 4,895 GC heap before
{Heap before GC invocations=8 (full 0):
 PSYoungGen      total 54784K, used 54771K [0x00000000f5500000, 0x00000000fc300000, 0x0000000100000000)
  eden space 49152K, 100% used [0x00000000f5500000,0x00000000f8500000,0x00000000f8500000)
  from space 5632K, 99% used [0x00000000f8500000,0x00000000f8a7cca0,0x00000000f8a80000)
  to   space 7168K, 0% used [0x00000000fbc00000,0x00000000fbc00000,0x00000000fc300000)
 ParOldGen       total 31744K, used 9128K [0x00000000e0000000, 0x00000000e1f00000, 0x00000000f5500000)
  object space 31744K, 28% used [0x00000000e0000000,0x00000000e08ea118,0x00000000e1f00000)
 PSPermGen       total 24064K, used 23913K [0x00000000dae00000, 0x00000000dc580000, 0x00000000e0000000)
  object space 24064K, 99% used [0x00000000dae00000,0x00000000dc55a4b0,0x00000000dc580000)
Event: 4,909 GC heap after
Heap after GC invocations=8 (full 0):
 PSYoungGen      total 105472K, used 5036K [0x00000000f5500000, 0x00000000fc300000, 0x0000000100000000)
  eden space 98304K, 0% used [0x00000000f5500000,0x00000000f5500000,0x00000000fb500000)
  from space 7168K, 70% used [0x00000000fbc00000,0x00000000fc0eb168,0x00000000fc300000)
  to   space 7168K, 0% used [0x00000000fb500000,0x00000000fb500000,0x00000000fbc00000)
 ParOldGen       total 31744K, used 9484K [0x00000000e0000000, 0x00000000e1f00000, 0x00000000f5500000)
  object space 31744K, 29% used [0x00000000e0000000,0x00000000e0943128,0x00000000e1f00000)
 PSPermGen       total 24064K, used 23913K [0x00000000dae00000, 0x00000000dc580000, 0x00000000e0000000)
  object space 24064K, 99% used [0x00000000dae00000,0x00000000dc55a4b0,0x00000000dc580000)
}

Deoptimization events (10 events):
Event: 4,320 Thread 0x00007f07f400f800 Uncommon trap: reason=class_check action=maybe_recompile pc=0x00007f07f107d548 method=java.util.Properties$LineReader.readLine()I @ 62
Event: 4,321 Thread 0x00007f07f400f800 Uncommon trap: reason=class_check action=maybe_recompile pc=0x00007f07f107d548 method=java.util.Properties$LineReader.readLine()I @ 62
Event: 4,551 Thread 0x00007f07f400f800 Uncommon trap: reason=class_check action=maybe_recompile pc=0x00007f07f10e9188 method=org.apache.hadoop.conf.Configuration.loadResource(Ljava/util/Properties;Lorg/apache/hadoop/conf/Configuration$Resource;Z)Lorg/apache/hadoop/conf/Configuration$Resource; 
Event: 4,699 Thread 0x00007f07f400f800 Uncommon trap: reason=class_check action=maybe_recompile pc=0x00007f07f114379c method=com.sun.org.apache.xerces.internal.dom.ParentNode.internalInsertBefore(Lorg/w3c/dom/Node;Lorg/w3c/dom/Node;Z)Lorg/w3c/dom/Node; @ 565
Event: 4,879 Thread 0x00007f07f400f800 Uncommon trap: reason=class_check action=maybe_recompile pc=0x00007f07f10e9188 method=org.apache.hadoop.conf.Configuration.loadResource(Ljava/util/Properties;Lorg/apache/hadoop/conf/Configuration$Resource;Z)Lorg/apache/hadoop/conf/Configuration$Resource; 
Event: 4,918 Thread 0x00007f07f400f800 Uncommon trap: reason=bimorphic action=maybe_recompile pc=0x00007f07f10d1e44 method=java.net.URL.<init>(Ljava/net/URL;Ljava/lang/String;Ljava/net/URLStreamHandler;)V @ 504
Event: 4,945 Thread 0x00007f07f53c6000 Uncommon trap: reason=null_check action=make_not_entrant pc=0x00007f07f10711d0 method=org.apache.hadoop.fs.FileSystem$Statistics.getThreadData()Lorg/apache/hadoop/fs/FileSystem$Statistics$StatisticsData; @ 7
Event: 5,230 Thread 0x00007f07e43bb000 Uncommon trap: reason=unreached action=reinterpret pc=0x00007f07f1070d2c method=java.util.concurrent.locks.AbstractQueuedSynchronizer.release(I)Z @ 14
Event: 5,231 Thread 0x00007f07f5374800 Uncommon trap: reason=unreached action=reinterpret pc=0x00007f07f1137174 method=java.util.concurrent.locks.AbstractQueuedSynchronizer.release(I)Z @ 14
Event: 5,252 Thread 0x00007f07f5374800 Uncommon trap: reason=unreached action=reinterpret pc=0x00007f07f114738c method=java.nio.ByteBuffer.hasArray()Z @ 4

Internal exceptions (10 events):
Event: 5,261 Thread 0x00007f07f5374800 Threw 0x00000000f69a2700 at /HUDSON/workspace/7u-2-build-linux-amd64/jdk7u75/1940/hotspot/src/share/vm/prims/jvm.cpp:1281
Event: 5,263 Thread 0x00007f07f5374800 Threw 0x00000000f69ed040 at /HUDSON/workspace/7u-2-build-linux-amd64/jdk7u75/1940/hotspot/src/share/vm/prims/jvm.cpp:1281
Event: 5,264 Thread 0x00007f07f5374800 Threw 0x00000000f69f5b10 at /HUDSON/workspace/7u-2-build-linux-amd64/jdk7u75/1940/hotspot/src/share/vm/prims/jvm.cpp:1281
Event: 5,264 Thread 0x00007f07f5374800 Threw 0x00000000f69fd140 at /HUDSON/workspace/7u-2-build-linux-amd64/jdk7u75/1940/hotspot/src/share/vm/prims/jvm.cpp:1281
Event: 5,265 Thread 0x00007f07f5374800 Threw 0x00000000f6a04b08 at /HUDSON/workspace/7u-2-build-linux-amd64/jdk7u75/1940/hotspot/src/share/vm/prims/jvm.cpp:1281
Event: 5,265 Thread 0x00007f07f5374800 Threw 0x00000000f6ad2058 at /HUDSON/workspace/7u-2-build-linux-amd64/jdk7u75/1940/hotspot/src/share/vm/prims/jvm.cpp:1281
Event: 5,269 Thread 0x00007f07f5374800 Threw 0x00000000f6adef38 at /HUDSON/workspace/7u-2-build-linux-amd64/jdk7u75/1940/hotspot/src/share/vm/prims/jvm.cpp:1281
Event: 5,269 Thread 0x00007f07f5374800 Threw 0x00000000f6aee138 at /HUDSON/workspace/7u-2-build-linux-amd64/jdk7u75/1940/hotspot/src/share/vm/prims/jvm.cpp:1281
Event: 5,272 Thread 0x00007f07f5374800 Threw 0x00000000f6b0edc8 at /HUDSON/workspace/7u-2-build-linux-amd64/jdk7u75/1940/hotspot/src/share/vm/prims/jvm.cpp:1281
Event: 5,273 Thread 0x00007f07f5374800 Threw 0x00000000f6b1b2a8 at /HUDSON/workspace/7u-2-build-linux-amd64/jdk7u75/1940/hotspot/src/share/vm/prims/jvm.cpp:1281

Events (10 events):
Event: 5,264 loading class 0x00007f07f49cdd10
Event: 5,264 loading class 0x00007f07f49cdd10 done
Event: 5,265 loading class 0x00007f07e42cc760
Event: 5,265 loading class 0x00007f07e42cc760 done
Event: 5,265 loading class 0x00007f07f4ac9500
Event: 5,265 loading class 0x00007f07f4ac9500 done
Event: 5,269 loading class 0x00007f07f52fd200
Event: 5,269 loading class 0x00007f07f52fd200 done
Event: 5,272 loading class 0x00007f07f4789340
Event: 5,272 loading class 0x00007f07f4789340 done


Dynamic libraries:
00400000-00401000 r-xp 00000000 08:01 12289                              /opt/java/jdk1.7.0_75/bin/java
00600000-00601000 rw-p 00000000 08:01 12289                              /opt/java/jdk1.7.0_75/bin/java
01040000-010cf000 rw-p 00000000 00:00 0                                  [heap]
dae00000-dc680000 rw-p 00000000 00:00 0 
dc680000-e0000000 rw-p 00000000 00:00 0 
e0000000-ee780000 rw-p 00000000 00:00 0 
ee780000-f5500000 rw-p 00000000 00:00 0 
f5500000-fc300000 rw-p 00000000 00:00 0 
fc300000-100000000 rw-p 00000000 00:00 0 
7f07e39dd000-7f07e39e7000 r-xp 00000000 00:18 12618                      /mnt/hgfs/mcl-im-seg/target/native/libmclnative.so
7f07e39e7000-7f07e3be6000 ---p 0000a000 00:18 12618                      /mnt/hgfs/mcl-im-seg/target/native/libmclnative.so
7f07e3be6000-7f07e3be7000 r--p 00009000 00:18 12618                      /mnt/hgfs/mcl-im-seg/target/native/libmclnative.so
7f07e3be7000-7f07e3be8000 rw-p 0000a000 00:18 12618                      /mnt/hgfs/mcl-im-seg/target/native/libmclnative.so
7f07e3be8000-7f07e3beb000 ---p 00000000 00:00 0 
7f07e3beb000-7f07e3ce9000 rw-p 00000000 00:00 0                          [stack:57864]
7f07e3ce9000-7f07e3cec000 ---p 00000000 00:00 0 
7f07e3cec000-7f07e3dea000 rw-p 00000000 00:00 0                          [stack:57859]
7f07e3dea000-7f07e3e00000 r-xp 00000000 08:01 263145                     /lib/x86_64-linux-gnu/libgcc_s.so.1
7f07e3e00000-7f07e3fff000 ---p 00016000 08:01 263145                     /lib/x86_64-linux-gnu/libgcc_s.so.1
7f07e3fff000-7f07e4000000 rw-p 00015000 08:01 263145                     /lib/x86_64-linux-gnu/libgcc_s.so.1
7f07e4000000-7f07e4eee000 rw-p 00000000 00:00 0 
7f07e4eee000-7f07e8000000 ---p 00000000 00:00 0 
7f07e80d8000-7f07e810a000 r-xp 00000000 08:01 10424                      /opt/java/jdk1.7.0_75/jre/lib/amd64/libsunec.so
7f07e810a000-7f07e8309000 ---p 00032000 08:01 10424                      /opt/java/jdk1.7.0_75/jre/lib/amd64/libsunec.so
7f07e8309000-7f07e830f000 rw-p 00031000 08:01 10424                      /opt/java/jdk1.7.0_75/jre/lib/amd64/libsunec.so
7f07e830f000-7f07e831f000 rw-p 00000000 00:00 0 
7f07e831f000-7f07e8322000 ---p 00000000 00:00 0 
7f07e8322000-7f07e8420000 rw-p 00000000 00:00 0                          [stack:57857]
7f07e8420000-7f07e8423000 ---p 00000000 00:00 0 
7f07e8423000-7f07e8521000 rw-p 00000000 00:00 0                          [stack:57848]
7f07e8521000-7f07e8524000 ---p 00000000 00:00 0 
7f07e8524000-7f07e8622000 rw-p 00000000 00:00 0                          [stack:57858]
7f07e8622000-7f07e8625000 ---p 00000000 00:00 0 
7f07e8625000-7f07e8723000 rw-p 00000000 00:00 0                          [stack:57846]
7f07e8723000-7f07e8726000 ---p 00000000 00:00 0 
7f07e8726000-7f07e8824000 rw-p 00000000 00:00 0                          [stack:57844]
7f07e8824000-7f07e8827000 ---p 00000000 00:00 0 
7f07e8827000-7f07e8925000 rw-p 00000000 00:00 0                          [stack:57843]
7f07e8925000-7f07e893c000 r-xp 00000000 08:01 263214                     /lib/x86_64-linux-gnu/libresolv-2.19.so
7f07e893c000-7f07e8b3c000 ---p 00017000 08:01 263214                     /lib/x86_64-linux-gnu/libresolv-2.19.so
7f07e8b3c000-7f07e8b3d000 r--p 00017000 08:01 263214                     /lib/x86_64-linux-gnu/libresolv-2.19.so
7f07e8b3d000-7f07e8b3e000 rw-p 00018000 08:01 263214                     /lib/x86_64-linux-gnu/libresolv-2.19.so
7f07e8b3e000-7f07e8b40000 rw-p 00000000 00:00 0 
7f07e8b40000-7f07e8b45000 r-xp 00000000 08:01 267142                     /lib/x86_64-linux-gnu/libnss_dns-2.19.so
7f07e8b45000-7f07e8d44000 ---p 00005000 08:01 267142                     /lib/x86_64-linux-gnu/libnss_dns-2.19.so
7f07e8d44000-7f07e8d45000 r--p 00004000 08:01 267142                     /lib/x86_64-linux-gnu/libnss_dns-2.19.so
7f07e8d45000-7f07e8d46000 rw-p 00005000 08:01 267142                     /lib/x86_64-linux-gnu/libnss_dns-2.19.so
7f07e8d46000-7f07e8d48000 r-xp 00000000 08:01 266935                     /lib/x86_64-linux-gnu/libnss_mdns4_minimal.so.2
7f07e8d48000-7f07e8f47000 ---p 00002000 08:01 266935                     /lib/x86_64-linux-gnu/libnss_mdns4_minimal.so.2
7f07e8f47000-7f07e8f48000 r--p 00001000 08:01 266935                     /lib/x86_64-linux-gnu/libnss_mdns4_minimal.so.2
7f07e8f48000-7f07e8f49000 rw-p 00002000 08:01 266935                     /lib/x86_64-linux-gnu/libnss_mdns4_minimal.so.2
7f07e8f54000-7f07e8f55000 rw-p 00000000 00:00 0 
7f07e8f55000-7f07e8f60000 r--s 0037c000 08:01 11120                      /opt/java/jdk1.7.0_75/jre/lib/charsets.jar
7f07e8f60000-7f07e8f64000 r--s 0002d000 08:01 11053                      /opt/java/jdk1.7.0_75/jre/lib/ext/sunjce_provider.jar
7f07e8f64000-7f07e8f68000 r--s 00037000 08:01 11052                      /opt/java/jdk1.7.0_75/jre/lib/ext/sunpkcs11.jar
7f07e8f68000-7f07e8f69000 r--s 00003000 08:01 11051                      /opt/java/jdk1.7.0_75/jre/lib/ext/sunec.jar
7f07e8f69000-7f07e8f6c000 ---p 00000000 00:00 0 
7f07e8f6c000-7f07e906a000 rw-p 00000000 00:00 0                          [stack:57842]
7f07e906a000-7f07e906d000 r--s 00019000 08:01 11020                      /opt/java/jdk1.7.0_75/jre/lib/jce.jar
7f07e906d000-7f07e906e000 r-xp 00000000 08:01 10466                      /opt/java/jdk1.7.0_75/jre/lib/amd64/libjaas_unix.so
7f07e906e000-7f07e926d000 ---p 00001000 08:01 10466                      /opt/java/jdk1.7.0_75/jre/lib/amd64/libjaas_unix.so
7f07e926d000-7f07e926e000 rw-p 00000000 08:01 10466                      /opt/java/jdk1.7.0_75/jre/lib/amd64/libjaas_unix.so
7f07e926e000-7f07e9271000 ---p 00000000 00:00 0 
7f07e9271000-7f07e936f000 rw-p 00000000 00:00 0                          [stack:57841]
7f07e936f000-7f07e9372000 ---p 00000000 00:00 0 
7f07e9372000-7f07e9470000 rw-p 00000000 00:00 0                          [stack:57840]
7f07e9470000-7f07e9478000 r-xp 00000000 08:01 10421                      /opt/java/jdk1.7.0_75/jre/lib/amd64/libmanagement.so
7f07e9478000-7f07e9677000 ---p 00008000 08:01 10421                      /opt/java/jdk1.7.0_75/jre/lib/amd64/libmanagement.so
7f07e9677000-7f07e9678000 rw-p 00007000 08:01 10421                      /opt/java/jdk1.7.0_75/jre/lib/amd64/libmanagement.so
7f07e9678000-7f07e967b000 ---p 00000000 00:00 0 
7f07e967b000-7f07e9779000 rw-p 00000000 00:00 0                          [stack:57839]
7f07e9779000-7f07e977c000 ---p 00000000 00:00 0 
7f07e977c000-7f07e987a000 rw-p 00000000 00:00 0                          [stack:57838]
7f07e987a000-7f07e987d000 ---p 00000000 00:00 0 
7f07e987d000-7f07e997b000 rw-p 00000000 00:00 0                          [stack:57837]
7f07e997b000-7f07e997e000 ---p 00000000 00:00 0 
7f07e997e000-7f07e99b4000 rw-p 00000000 00:00 0                          [stack:57835]
7f07e99b4000-7f07e99d2000 r-xp 00000000 08:01 263794                     /usr/share/hadoop2/lib/native/libhadoop.so
7f07e99d2000-7f07e9bd1000 ---p 0001e000 08:01 263794                     /usr/share/hadoop2/lib/native/libhadoop.so
7f07e9bd1000-7f07e9bd2000 r--p 0001d000 08:01 263794                     /usr/share/hadoop2/lib/native/libhadoop.so
7f07e9bd2000-7f07e9bd3000 rw-p 0001e000 08:01 263794                     /usr/share/hadoop2/lib/native/libhadoop.so
7f07e9bd3000-7f07e9bfd000 r--s 0022a000 00:18 12349                      /mnt/hgfs/mcl-im-seg/target/mcl-im-seg-jar-with-dependencies.jar
7f07e9bfd000-7f07e9c01000 r--s 0008b000 08:01 11043                      /opt/java/jdk1.7.0_75/jre/lib/jsse.jar
7f07e9c01000-7f07e9c0b000 r--s 00251000 08:01 10490                      /opt/java/jdk1.7.0_75/jre/lib/resources.jar
7f07e9c0b000-7f07e9c3c000 rw-p 00000000 00:00 0 
7f07e9c3c000-7f07e9c52000 r-xp 00000000 08:01 10447                      /opt/java/jdk1.7.0_75/jre/lib/amd64/libnet.so
7f07e9c52000-7f07e9e52000 ---p 00016000 08:01 10447                      /opt/java/jdk1.7.0_75/jre/lib/amd64/libnet.so
7f07e9e52000-7f07e9e53000 rw-p 00016000 08:01 10447                      /opt/java/jdk1.7.0_75/jre/lib/amd64/libnet.so
7f07e9e53000-7f07e9e63000 r-xp 00000000 08:01 10413                      /opt/java/jdk1.7.0_75/jre/lib/amd64/libnio.so
7f07e9e63000-7f07ea063000 ---p 00010000 08:01 10413                      /opt/java/jdk1.7.0_75/jre/lib/amd64/libnio.so
7f07ea063000-7f07ea064000 rw-p 00010000 08:01 10413                      /opt/java/jdk1.7.0_75/jre/lib/amd64/libnio.so
7f07ea064000-7f07ea066000 r--s 00005000 08:01 272900                     /usr/share/hadoop2/share/hadoop/mapreduce/hadoop-mapreduce-client-shuffle-2.4.1.jar
7f07ea066000-7f07ea06b000 r--s 0003d000 08:01 272855                     /usr/share/hadoop2/share/hadoop/mapreduce/hadoop-mapreduce-examples-2.4.1.jar
7f07ea06b000-7f07ea083000 r--s 00155000 08:01 272854                     /usr/share/hadoop2/share/hadoop/mapreduce/hadoop-mapreduce-client-core-2.4.1.jar
7f07ea083000-7f07ea099000 r--s 00155000 08:01 272858                     /usr/share/hadoop2/share/hadoop/mapreduce/hadoop-mapreduce-client-jobclient-2.4.1-tests.jar
7f07ea099000-7f07ea09e000 r--s 00034000 08:01 272853                     /usr/share/hadoop2/share/hadoop/mapreduce/hadoop-mapreduce-client-hs-2.4.1.jar
7f07ea09e000-7f07ea0a9000 r--s 00097000 08:01 272903                     /usr/share/hadoop2/share/hadoop/mapreduce/hadoop-mapreduce-client-common-2.4.1.jar
7f07ea0a9000-7f07ea0aa000 r--s 00008000 08:01 272901                     /usr/share/hadoop2/share/hadoop/mapreduce/hadoop-mapreduce-client-jobclient-2.4.1.jar
7f07ea0aa000-7f07ea0ab000 r--s 00000000 08:01 272882                     /usr/share/hadoop2/share/hadoop/mapreduce/hadoop-mapreduce-client-hs-plugins-2.4.1.jar
7f07ea0ab000-7f07ea0b5000 r--s 0006e000 08:01 272902                     /usr/share/hadoop2/share/hadoop/mapreduce/hadoop-mapreduce-client-app-2.4.1.jar
7f07ea0b5000-7f07ea0c2000 r--s 00097000 08:01 272875                     /usr/share/hadoop2/share/hadoop/mapreduce/lib/jackson-mapper-asl-1.8.8.jar
7f07ea0c2000-7f07ea0c3000 r--s 00003000 08:01 272877                     /usr/share/hadoop2/share/hadoop/mapreduce/lib/jersey-guice-1.9.jar
7f07ea0c3000-7f07ea0c5000 r--s 00000000 08:01 272878                     /usr/share/hadoop2/share/hadoop/mapreduce/lib/aopalliance-1.0.jar
7f07ea0c5000-7f07ea0cd000 r--s 0007b000 08:01 272863                     /usr/share/hadoop2/share/hadoop/mapreduce/lib/protobuf-java-2.5.0.jar
7f07ea0cd000-7f07ea0dc000 r--s 0009f000 08:01 272860                     /usr/share/hadoop2/share/hadoop/mapreduce/lib/guice-3.0.jar
7f07ea0dc000-7f07ea0ee000 r--s 0009d000 08:01 272880                     /usr/share/hadoop2/share/hadoop/mapreduce/lib/jersey-server-1.9.jar
7f07ea0ee000-7f07ea0f0000 r--s 000f2000 08:01 272873                     /usr/share/hadoop2/share/hadoop/mapreduce/lib/snappy-java-1.0.4.1.jar
7f07ea0f0000-7f07ea0f2000 r--s 00011000 08:01 272868                     /usr/share/hadoop2/share/hadoop/mapreduce/lib/hamcrest-core-1.1.jar
7f07ea0f2000-7f07ea0fc000 r--s 00066000 08:01 272872                     /usr/share/hadoop2/share/hadoop/mapreduce/lib/jersey-core-1.9.jar
7f07ea0fc000-7f07ea100000 r--s 00014000 08:01 272861                     /usr/share/hadoop2/share/hadoop/mapreduce/lib/xz-1.0.jar
7f07ea100000-7f07ea104000 r--s 00034000 08:01 272864                     /usr/share/hadoop2/share/hadoop/mapreduce/lib/jackson-core-asl-1.8.8.jar
7f07ea104000-7f07ea109000 r--s 00036000 08:01 272862                     /usr/share/hadoop2/share/hadoop/mapreduce/lib/commons-compress-1.4.1.jar
7f07ea109000-7f07ea10d000 r--s 0002a000 08:01 272876                     /usr/share/hadoop2/share/hadoop/mapreduce/lib/commons-io-2.4.jar
7f07ea10d000-7f07ea114000 r--s 00037000 08:01 272881                     /usr/share/hadoop2/share/hadoop/mapreduce/lib/junit-4.10.jar
7f07ea114000-7f07ea116000 r--s 0000e000 08:01 272874                     /usr/share/hadoop2/share/hadoop/mapreduce/lib/guice-servlet-3.0.jar
7f07ea116000-7f07ea117000 r--s 00000000 08:01 272867                     /usr/share/hadoop2/share/hadoop/mapreduce/lib/javax.inject-1.jar
7f07ea117000-7f07ea119000 r--s 00006000 08:01 272871                     /usr/share/hadoop2/share/hadoop/mapreduce/lib/paranamer-2.3.jar
7f07ea119000-7f07ea122000 r--s 0006f000 08:01 272879                     /usr/share/hadoop2/share/hadoop/mapreduce/lib/log4j-1.2.17.jar
7f07ea122000-7f07ea129000 r--s 00044000 08:01 272870                     /usr/share/hadoop2/share/hadoop/mapreduce/lib/avro-1.7.4.jar
7f07ea129000-7f07ea12a000 r--s 0000a000 08:01 272865                     /usr/share/hadoop2/share/hadoop/mapreduce/lib/asm-3.2.jar
7f07ea12a000-7f07ea141000 r--s 0010e000 08:01 272869                     /usr/share/hadoop2/share/hadoop/mapreduce/lib/netty-3.6.2.Final.jar
7f07ea141000-7f07ea143000 r--s 00003000 08:01 272866                     /usr/share/hadoop2/share/hadoop/mapreduce/lib/hadoop-annotations-2.4.1.jar
7f07ea143000-7f07ea148000 r--s 00030000 08:01 272977                     /usr/share/hadoop2/share/hadoop/yarn/hadoop-yarn-server-common-2.4.1.jar
7f07ea148000-7f07ea158000 r--s 000b3000 08:01 272910                     /usr/share/hadoop2/share/hadoop/yarn/hadoop-yarn-server-resourcemanager-2.4.1.jar
7f07ea158000-7f07ea159000 r--s 00000000 08:01 272908                     /usr/share/hadoop2/share/hadoop/yarn/hadoop-yarn-server-tests-2.4.1.jar
7f07ea159000-7f07ea164000 r--s 0006a000 08:01 272913                     /usr/share/hadoop2/share/hadoop/yarn/hadoop-yarn-server-nodemanager-2.4.1.jar
7f07ea164000-7f07ea165000 r--s 00006000 08:01 272912                     /usr/share/hadoop2/share/hadoop/yarn/hadoop-yarn-server-web-proxy-2.4.1.jar
7f07ea165000-7f07ea167000 r--s 00009000 08:01 272911                     /usr/share/hadoop2/share/hadoop/yarn/hadoop-yarn-applications-distributedshell-2.4.1.jar
7f07ea167000-7f07ea16a000 r--s 0001c000 08:01 272905                     /usr/share/hadoop2/share/hadoop/yarn/hadoop-yarn-server-applicationhistoryservice-2.4.1.jar
7f07ea16a000-7f07ea17e000 r--s 00144000 08:01 272976                     /usr/share/hadoop2/share/hadoop/yarn/hadoop-yarn-common-2.4.1.jar
7f07ea17e000-7f07ea17f000 r--s 00003000 08:01 272909                     /usr/share/hadoop2/share/hadoop/yarn/hadoop-yarn-applications-unmanaged-am-launcher-2.4.1.jar
7f07ea17f000-7f07ea182000 r--s 00018000 08:01 272954                     /usr/share/hadoop2/share/hadoop/yarn/hadoop-yarn-client-2.4.1.jar
7f07ea182000-7f07ea19a000 r--s 00179000 08:01 272953                     /usr/share/hadoop2/share/hadoop/yarn/hadoop-yarn-api-2.4.1.jar
7f07ea19a000-7f07ea1a1000 r--s 0007d000 08:01 272919                     /usr/share/hadoop2/share/hadoop/yarn/lib/jetty-6.1.26.jar
7f07ea1a1000-7f07ea1ae000 r--s 00097000 08:01 272938                     /usr/share/hadoop2/share/hadoop/yarn/lib/jackson-mapper-asl-1.8.8.jar
7f07ea1ae000-7f07ea1c1000 r--s 000c7000 08:01 272927                     /usr/share/hadoop2/share/hadoop/yarn/lib/jaxb-impl-2.2.3-1.jar
7f07ea1c1000-7f07ea1c7000 r--s 00045000 08:01 272952                     /usr/share/hadoop2/share/hadoop/yarn/lib/commons-httpclient-3.1.jar
7f07ea1c7000-7f07ea1c8000 r--s 00003000 08:01 272942                     /usr/share/hadoop2/share/hadoop/yarn/lib/jersey-guice-1.9.jar
7f07ea1c8000-7f07ea1ca000 r--s 00018000 08:01 272925                     /usr/share/hadoop2/share/hadoop/yarn/lib/servlet-api-2.5.jar
7f07ea1ca000-7f07ea1cc000 r--s 00000000 08:01 272945                     /usr/share/hadoop2/share/hadoop/yarn/lib/aopalliance-1.0.jar
7f07ea1cc000-7f07ea1cf000 r--s 000fd000 08:01 272923                     /usr/share/hadoop2/share/hadoop/yarn/lib/leveldbjni-all-1.8.jar
7f07ea1cf000-7f07ea1d7000 r--s 0007b000 08:01 272924                     /usr/share/hadoop2/share/hadoop/yarn/lib/protobuf-java-2.5.0.jar
7f07ea1d7000-7f07ea1e6000 r--s 0009f000 08:01 272917                     /usr/share/hadoop2/share/hadoop/yarn/lib/guice-3.0.jar
7f07ea1e6000-7f07ea1e9000 r--s 00017000 08:01 272944                     /usr/share/hadoop2/share/hadoop/yarn/lib/jaxb-api-2.2.2.jar
7f07ea1e9000-7f07ea1fb000 r--s 0009d000 08:01 272947                     /usr/share/hadoop2/share/hadoop/yarn/lib/jersey-server-1.9.jar
7f07ea1fb000-7f07ea1fd000 r--s 0000e000 08:01 272936                     /usr/share/hadoop2/share/hadoop/yarn/lib/commons-logging-1.1.3.jar
7f07ea1fd000-7f07ea207000 r--s 00066000 08:01 272933                     /usr/share/hadoop2/share/hadoop/yarn/lib/jersey-core-1.9.jar
7f07ea207000-7f07ea20b000 r--s 00014000 08:01 272918                     /usr/share/hadoop2/share/hadoop/yarn/lib/xz-1.0.jar
7f07ea20b000-7f07ea20d000 r--s 0000d000 08:01 272941                     /usr/share/hadoop2/share/hadoop/yarn/lib/commons-codec-1.4.jar
7f07ea20d000-7f07ea212000 r--s 00041000 08:01 272920                     /usr/share/hadoop2/share/hadoop/yarn/lib/commons-lang-2.6.jar
7f07ea212000-7f07ea233000 r--s 00172000 08:01 272940                     /usr/share/hadoop2/share/hadoop/yarn/lib/guava-11.0.2.jar
7f07ea233000-7f07ea235000 r--s 0000f000 08:01 272932                     /usr/share/hadoop2/share/hadoop/yarn/lib/jettison-1.1.jar
7f07ea235000-7f07ea239000 r--s 00034000 08:01 272926                     /usr/share/hadoop2/share/hadoop/yarn/lib/jackson-core-asl-1.8.8.jar
7f07ea239000-7f07ea23e000 r--s 00036000 08:01 272922                     /usr/share/hadoop2/share/hadoop/yarn/lib/commons-compress-1.4.1.jar
7f07ea23e000-7f07ea242000 r--s 0002a000 08:01 272939                     /usr/share/hadoop2/share/hadoop/yarn/lib/commons-io-2.4.jar
7f07ea242000-7f07ea245000 r--s 0001d000 08:01 272951                     /usr/share/hadoop2/share/hadoop/yarn/lib/jersey-client-1.9.jar
7f07ea245000-7f07ea247000 r--s 00014000 08:01 272949                     /usr/share/hadoop2/share/hadoop/yarn/lib/jline-0.9.94.jar
7f07ea247000-7f07ea248000 r--s 00004000 08:01 272935                     /usr/share/hadoop2/share/hadoop/yarn/lib/jackson-jaxrs-1.8.8.jar
7f07ea248000-7f07ea256000 r--s 0007f000 08:01 272943                     /usr/share/hadoop2/share/hadoop/yarn/lib/commons-collections-3.2.1.jar
7f07ea256000-7f07ea259000 r--s 00006000 08:01 272916                     /usr/share/hadoop2/share/hadoop/yarn/lib/jsr305-1.3.9.jar
7f07ea259000-7f07ea25b000 r--s 0000e000 08:01 272934                     /usr/share/hadoop2/share/hadoop/yarn/lib/guice-servlet-3.0.jar
7f07ea25b000-7f07ea25c000 r--s 00000000 08:01 272929                     /usr/share/hadoop2/share/hadoop/yarn/lib/javax.inject-1.jar
7f07ea25c000-7f07ea25e000 r--s 0000e000 08:01 272950                     /usr/share/hadoop2/share/hadoop/yarn/lib/activation-1.1.jar
7f07ea25e000-7f07ea267000 r--s 0006f000 08:01 272946                     /usr/share/hadoop2/share/hadoop/yarn/lib/log4j-1.2.17.jar
7f07ea267000-7f07ea268000 r--s 00007000 08:01 272937                     /usr/share/hadoop2/share/hadoop/yarn/lib/jackson-xc-1.8.8.jar
7f07ea268000-7f07ea26a000 r--s 00004000 08:01 272930                     /usr/share/hadoop2/share/hadoop/yarn/lib/stax-api-1.0-2.jar
7f07ea26a000-7f07ea26c000 r--s 00009000 08:01 272931                     /usr/share/hadoop2/share/hadoop/yarn/lib/commons-cli-1.2.jar
7f07ea26c000-7f07ea26d000 r--s 0000a000 08:01 272928                     /usr/share/hadoop2/share/hadoop/yarn/lib/asm-3.2.jar
7f07ea26d000-7f07ea279000 r--s 000b3000 08:01 272948                     /usr/share/hadoop2/share/hadoop/yarn/lib/zookeeper-3.4.5.jar
7f07ea279000-7f07ea27d000 r--s 00021000 08:01 272921                     /usr/share/hadoop2/share/hadoop/yarn/lib/jersey-json-1.9.jar
7f07ea27d000-7f07ea281000 r--s 00028000 08:01 272915                     /usr/share/hadoop2/share/hadoop/yarn/lib/jetty-util-6.1.26.jar
7f07ea281000-7f07ea29c000 r--s 00257000 08:01 272842                     /usr/share/hadoop2/share/hadoop/hdfs/hadoop-hdfs-2.4.1-tests.jar
7f07ea29c000-7f07ea29e000 r--s 00014000 08:01 272850                     /usr/share/hadoop2/share/hadoop/hdfs/hadoop-hdfs-nfs-2.4.1.jar
7f07ea29e000-7f07ea2f7000 r--s 0062b000 08:01 272851                     /usr/share/hadoop2/share/hadoop/hdfs/hadoop-hdfs-2.4.1.jar
7f07ea2f7000-7f07ea2fe000 r--s 0007d000 08:01 272821                     /usr/share/hadoop2/share/hadoop/hdfs/lib/jetty-6.1.26.jar
7f07ea2fe000-7f07ea30b000 r--s 00097000 08:01 272835                     /usr/share/hadoop2/share/hadoop/hdfs/lib/jackson-mapper-asl-1.8.8.jar
7f07ea30b000-7f07ea30d000 r--s 00018000 08:01 272825                     /usr/share/hadoop2/share/hadoop/hdfs/lib/servlet-api-2.5.jar
7f07ea30d000-7f07ea315000 r--s 0007b000 08:01 272824                     /usr/share/hadoop2/share/hadoop/hdfs/lib/protobuf-java-2.5.0.jar
7f07ea315000-7f07ea327000 r--s 0009d000 08:01 272840                     /usr/share/hadoop2/share/hadoop/hdfs/lib/jersey-server-1.9.jar
7f07ea327000-7f07ea329000 r--s 0000e000 08:01 272833                     /usr/share/hadoop2/share/hadoop/hdfs/lib/commons-logging-1.1.3.jar
7f07ea329000-7f07ea333000 r--s 00066000 08:01 272830                     /usr/share/hadoop2/share/hadoop/hdfs/lib/jersey-core-1.9.jar
7f07ea333000-7f07ea335000 r--s 0000d000 08:01 272838                     /usr/share/hadoop2/share/hadoop/hdfs/lib/commons-codec-1.4.jar
7f07ea335000-7f07ea336000 r--s 00005000 08:01 272823                     /usr/share/hadoop2/share/hadoop/hdfs/lib/commons-daemon-1.0.13.jar
7f07ea336000-7f07ea339000 r--s 00019000 08:01 272831                     /usr/share/hadoop2/share/hadoop/hdfs/lib/commons-el-1.0.jar
7f07ea339000-7f07ea33e000 r--s 00041000 08:01 272822                     /usr/share/hadoop2/share/hadoop/hdfs/lib/commons-lang-2.6.jar
7f07ea33e000-7f07ea35f000 r--s 00172000 08:01 272837                     /usr/share/hadoop2/share/hadoop/hdfs/lib/guava-11.0.2.jar
7f07ea35f000-7f07ea363000 r--s 00034000 08:01 272826                     /usr/share/hadoop2/share/hadoop/hdfs/lib/jackson-core-asl-1.8.8.jar
7f07ea363000-7f07ea367000 r--s 0002a000 08:01 272836                     /usr/share/hadoop2/share/hadoop/hdfs/lib/commons-io-2.4.jar
7f07ea367000-7f07ea369000 r--s 00011000 08:01 272841                     /usr/share/hadoop2/share/hadoop/hdfs/lib/jasper-runtime-5.5.23.jar
7f07ea369000-7f07ea36c000 r--s 00006000 08:01 272820                     /usr/share/hadoop2/share/hadoop/hdfs/lib/jsr305-1.3.9.jar
7f07ea36c000-7f07ea36d000 r--s 00003000 08:01 272834                     /usr/share/hadoop2/share/hadoop/hdfs/lib/xmlenc-0.52.jar
7f07ea36d000-7f07ea376000 r--s 0006f000 08:01 272839                     /usr/share/hadoop2/share/hadoop/hdfs/lib/log4j-1.2.17.jar
7f07ea376000-7f07ea378000 r--s 00009000 08:01 272828                     /usr/share/hadoop2/share/hadoop/hdfs/lib/commons-cli-1.2.jar
7f07ea378000-7f07ea379000 r--s 0000a000 08:01 272827                     /usr/share/hadoop2/share/hadoop/hdfs/lib/asm-3.2.jar
7f07ea379000-7f07ea390000 r--s 0010e000 08:01 272829                     /usr/share/hadoop2/share/hadoop/hdfs/lib/netty-3.6.2.Final.jar
7f07ea390000-7f07ea393000 r--s 00016000 08:01 272832                     /usr/share/hadoop2/share/hadoop/hdfs/lib/jsp-api-2.1.jar
7f07ea393000-7f07ea397000 r--s 00028000 08:01 272819                     /usr/share/hadoop2/share/hadoop/hdfs/lib/jetty-util-6.1.26.jar
7f07ea397000-7f07ea3ae000 r--s 0015a000 08:01 272429                     /usr/share/hadoop2/share/hadoop/common/hadoop-common-2.4.1-tests.jar
7f07ea3ae000-7f07ea3db000 r--s 0028b000 08:01 272432                     /usr/share/hadoop2/share/hadoop/common/hadoop-common-2.4.1.jar
7f07ea3db000-7f07ea3df000 r--s 00020000 08:01 272490                     /usr/share/hadoop2/share/hadoop/common/hadoop-nfs-2.4.1.jar
7f07ea3df000-7f07ea3e6000 r--s 0007d000 08:01 272440                     /usr/share/hadoop2/share/hadoop/common/lib/jetty-6.1.26.jar
7f07ea3e6000-7f07ea3f3000 r--s 00097000 08:01 272473                     /usr/share/hadoop2/share/hadoop/common/lib/jackson-mapper-asl-1.8.8.jar
7f07ea3f3000-7f07ea406000 r--s 000c7000 08:01 272448                     /usr/share/hadoop2/share/hadoop/common/lib/jaxb-impl-2.2.3-1.jar
7f07ea406000-7f07ea40c000 r--s 00045000 08:01 272489                     /usr/share/hadoop2/share/hadoop/common/lib/commons-httpclient-3.1.jar
7f07ea40c000-7f07ea40e000 r--s 0000b000 08:01 272452                     /usr/share/hadoop2/share/hadoop/common/lib/hadoop-auth-2.4.1.jar
7f07ea40e000-7f07ea414000 r--s 00034000 08:01 272484                     /usr/share/hadoop2/share/hadoop/common/lib/junit-4.8.2.jar
7f07ea414000-7f07ea41c000 r--s 0007b000 08:01 272445                     /usr/share/hadoop2/share/hadoop/common/lib/protobuf-java-2.5.0.jar
7f07ea41c000-7f07ea421000 r--s 0002a000 08:01 272434                     /usr/share/hadoop2/share/hadoop/common/lib/commons-beanutils-1.7.0.jar
7f07ea421000-7f07ea433000 r--s 0009d000 08:01 272482                     /usr/share/hadoop2/share/hadoop/common/lib/jersey-server-1.9.jar
7f07ea433000-7f07ea434000 ---p 00000000 00:00 0 
7f07ea434000-7f07ea534000 rw-p 00000000 00:00 0                          [stack:57833]
7f07ea534000-7f07ea537000 ---p 00000000 00:00 0 
7f07ea537000-7f07ea635000 rw-p 00000000 00:00 0                          [stack:57832]
7f07ea635000-7f07ea638000 ---p 00000000 00:00 0 
7f07ea638000-7f07ea736000 rw-p 00000000 00:00 0                          [stack:57831]
7f07ea736000-7f07ea739000 ---p 00000000 00:00 0 
7f07ea739000-7f07ea837000 rw-p 00000000 00:00 0                          [stack:57830]
7f07ea837000-7f07ea83a000 ---p 00000000 00:00 0 
7f07ea83a000-7f07ea938000 rw-p 00000000 00:00 0                          [stack:57829]
7f07ea938000-7f07ead70000 r--p 00000000 08:01 401680                     /usr/lib/locale/locale-archive
7f07ead70000-7f07ec000000 rw-p 00000000 00:00 0 
7f07ec000000-7f07ec030000 rw-p 00000000 00:00 0 
7f07ec030000-7f07f0000000 ---p 00000000 00:00 0 
7f07f0000000-7f07f0001000 r--s 00004000 08:01 272451                     /usr/share/hadoop2/share/hadoop/common/lib/java-xmlbuilder-0.4.jar
7f07f0001000-7f07f0003000 r--s 00018000 08:01 272446                     /usr/share/hadoop2/share/hadoop/common/lib/servlet-api-2.5.jar
7f07f0003000-7f07f0006000 r--s 00017000 08:01 272479                     /usr/share/hadoop2/share/hadoop/common/lib/jaxb-api-2.2.2.jar
7f07f0006000-7f07f0008000 r--s 0000e000 08:01 272468                     /usr/share/hadoop2/share/hadoop/common/lib/commons-logging-1.1.3.jar
7f07f0008000-7f07f000a000 r--s 000f2000 08:01 272466                     /usr/share/hadoop2/share/hadoop/common/lib/snappy-java-1.0.4.1.jar
7f07f000a000-7f07f000c000 r--s 00005000 08:01 272464                     /usr/share/hadoop2/share/hadoop/common/lib/slf4j-api-1.7.5.jar
7f07f000c000-7f07f0016000 r--s 00066000 08:01 272462                     /usr/share/hadoop2/share/hadoop/common/lib/jersey-core-1.9.jar
7f07f0016000-7f07f001a000 r--s 00014000 08:01 272439                     /usr/share/hadoop2/share/hadoop/common/lib/xz-1.0.jar
7f07f001a000-7f07f001c000 r--s 0000d000 08:01 272476                     /usr/share/hadoop2/share/hadoop/common/lib/commons-codec-1.4.jar
7f07f001c000-7f07f0025000 r--s 0007b000 08:01 272487                     /usr/share/hadoop2/share/hadoop/common/lib/jets3t-0.9.0.jar
7f07f0025000-7f07f0028000 r--s 00019000 08:01 272463                     /usr/share/hadoop2/share/hadoop/common/lib/commons-el-1.0.jar
7f07f0028000-7f07f002c000 r--s 0002f000 08:01 272471                     /usr/share/hadoop2/share/hadoop/common/lib/commons-beanutils-core-1.8.0.jar
7f07f002c000-7f07f0031000 r--s 00041000 08:01 272441                     /usr/share/hadoop2/share/hadoop/common/lib/commons-lang-2.6.jar
7f07f0031000-7f07f003a000 r--s 00061000 08:01 272435                     /usr/share/hadoop2/share/hadoop/common/lib/httpclient-4.2.5.jar
7f07f003a000-7f07f003c000 r--s 0002d000 08:01 280875                     /usr/share/hadoop2/share/hadoop/common/lib/hadoop-lzo-0.4.20-SNAPSHOT.jar
7f07f003c000-7f07f0059000 r--s 0016a000 08:01 272469                     /usr/share/hadoop2/share/hadoop/common/lib/commons-math3-3.1.1.jar
7f07f0059000-7f07f007a000 r--s 00172000 08:01 272475                     /usr/share/hadoop2/share/hadoop/common/lib/guava-11.0.2.jar
7f07f007a000-7f07f007c000 r--s 00001000 08:01 272438                     /usr/share/hadoop2/share/hadoop/common/lib/slf4j-log4j12-1.7.5.jar
7f07f007c000-7f07f007e000 r--s 0000f000 08:01 272456                     /usr/share/hadoop2/share/hadoop/common/lib/jettison-1.1.jar
7f07f007e000-7f07f0082000 r--s 00034000 08:01 272447                     /usr/share/hadoop2/share/hadoop/common/lib/jackson-core-asl-1.8.8.jar
7f07f0082000-7f07f0087000 r--s 00036000 08:01 272444                     /usr/share/hadoop2/share/hadoop/common/lib/commons-compress-1.4.1.jar
7f07f0087000-7f07f008c000 r--s 0003e000 08:01 272480                     /usr/share/hadoop2/share/hadoop/common/lib/commons-net-3.1.jar
7f07f008c000-7f07f0090000 r--s 0002a000 08:01 272474                     /usr/share/hadoop2/share/hadoop/common/lib/commons-io-2.4.jar
7f07f0090000-7f07f0096000 r--s 00032000 08:01 272460                     /usr/share/hadoop2/share/hadoop/common/lib/httpcore-4.2.5.jar
7f07f0096000-7f07f0098000 r--s 00011000 08:01 272483                     /usr/share/hadoop2/share/hadoop/common/lib/jasper-runtime-5.5.23.jar
7f07f0098000-7f07f00b5000 r--s 0013e000 08:01 272459                     /usr/share/hadoop2/share/hadoop/common/lib/mockito-all-1.8.5.jar
7f07f00b5000-7f07f00bb000 r--s 00043000 08:01 272442                     /usr/share/hadoop2/share/hadoop/common/lib/commons-configuration-1.6.jar
7f07f00bb000-7f07f00c0000 r--s 0005f000 08:01 272453                     /usr/share/hadoop2/share/hadoop/common/lib/jasper-compiler-5.5.23.jar
7f07f00c0000-7f07f00ce000 r--s 0007f000 08:01 272478                     /usr/share/hadoop2/share/hadoop/common/lib/commons-collections-3.2.1.jar
7f07f00ce000-7f07f00d1000 r--s 00006000 08:01 272437                     /usr/share/hadoop2/share/hadoop/common/lib/jsr305-1.3.9.jar
7f07f00d1000-7f07f00da000 r--s 0006f000 08:01 272481                     /usr/share/hadoop2/share/hadoop/common/lib/log4j-1.2.17.jar
7f07f00da000-7f07f00f1000 r--s 0010e000 08:01 272457                     /usr/share/hadoop2/share/hadoop/common/lib/netty-3.6.2.Final.jar
7f07f00f1000-7f07f00f4000 ---p 00000000 00:00 0 
7f07f00f4000-7f07f01f2000 rw-p 00000000 00:00 0                          [stack:57828]
7f07f01f2000-7f07f01f5000 ---p 00000000 00:00 0 
7f07f01f5000-7f07f02f3000 rw-p 00000000 00:00 0                          [stack:57827]
7f07f02f3000-7f07f02f4000 ---p 00000000 00:00 0 
7f07f02f4000-7f07f1000000 rw-p 00000000 00:00 0                          [stack:57826]
7f07f1000000-7f07f1270000 rwxp 00000000 00:00 0 
7f07f1270000-7f07f56f9000 rw-p 00000000 00:00 0 
7f07f56f9000-7f07f8000000 ---p 00000000 00:00 0 
7f07f8000000-7f07f8001000 r--s 00004000 08:01 272467                     /usr/share/hadoop2/share/hadoop/common/lib/jackson-jaxrs-1.8.8.jar
7f07f8001000-7f07f8003000 r--s 0000e000 08:01 272488                     /usr/share/hadoop2/share/hadoop/common/lib/activation-1.1.jar
7f07f8003000-7f07f8005000 r--s 00006000 08:01 272461                     /usr/share/hadoop2/share/hadoop/common/lib/paranamer-2.3.jar
7f07f8005000-7f07f8006000 r--s 00003000 08:01 272470                     /usr/share/hadoop2/share/hadoop/common/lib/xmlenc-0.52.jar
7f07f8006000-7f07f8008000 r--s 00004000 08:01 272454                     /usr/share/hadoop2/share/hadoop/common/lib/stax-api-1.0-2.jar
7f07f8008000-7f07f800f000 r--s 00044000 08:01 272458                     /usr/share/hadoop2/share/hadoop/common/lib/avro-1.7.4.jar
7f07f800f000-7f07f8011000 r--s 00009000 08:01 272455                     /usr/share/hadoop2/share/hadoop/common/lib/commons-cli-1.2.jar
7f07f8011000-7f07f80e0000 rw-p 00000000 00:00 0 
7f07f80e0000-7f07f829f000 r--s 039eb000 08:01 11099                      /opt/java/jdk1.7.0_75/jre/lib/rt.jar
7f07f829f000-7f07f84c1000 rw-p 00000000 00:00 0 
7f07f84c1000-7f07f84c2000 ---p 00000000 00:00 0 
7f07f84c2000-7f07f85c2000 rw-p 00000000 00:00 0                          [stack:57825]
7f07f85c2000-7f07f85c3000 ---p 00000000 00:00 0 
7f07f85c3000-7f07f86c3000 rw-p 00000000 00:00 0                          [stack:57824]
7f07f86c3000-7f07f86c4000 ---p 00000000 00:00 0 
7f07f86c4000-7f07f87d1000 rw-p 00000000 00:00 0                          [stack:57823]
7f07f87d1000-7f07f87ed000 rw-p 00000000 00:00 0 
7f07f87ed000-7f07f8861000 rw-p 00000000 00:00 0 
7f07f8861000-7f07f8898000 rw-p 00000000 00:00 0 
7f07f8898000-7f07f88a5000 rw-p 00000000 00:00 0 
7f07f88a5000-7f07f88c1000 rw-p 00000000 00:00 0 
7f07f88c1000-7f07f8935000 rw-p 00000000 00:00 0 
7f07f8935000-7f07f896b000 rw-p 00000000 00:00 0 
7f07f896b000-7f07f89a3000 rw-p 00000000 00:00 0 
7f07f89a3000-7f07f89c1000 rw-p 00000000 00:00 0 
7f07f89c1000-7f07f89c2000 rw-p 00000000 00:00 0 
7f07f89c2000-7f07f89dc000 r-xp 00000000 08:01 10442                      /opt/java/jdk1.7.0_75/jre/lib/amd64/libzip.so
7f07f89dc000-7f07f8bdc000 ---p 0001a000 08:01 10442                      /opt/java/jdk1.7.0_75/jre/lib/amd64/libzip.so
7f07f8bdc000-7f07f8bdd000 rw-p 0001a000 08:01 10442                      /opt/java/jdk1.7.0_75/jre/lib/amd64/libzip.so
7f07f8bdd000-7f07f8be8000 r-xp 00000000 08:01 267147                     /lib/x86_64-linux-gnu/libnss_files-2.19.so
7f07f8be8000-7f07f8de7000 ---p 0000b000 08:01 267147                     /lib/x86_64-linux-gnu/libnss_files-2.19.so
7f07f8de7000-7f07f8de8000 r--p 0000a000 08:01 267147                     /lib/x86_64-linux-gnu/libnss_files-2.19.so
7f07f8de8000-7f07f8de9000 rw-p 0000b000 08:01 267147                     /lib/x86_64-linux-gnu/libnss_files-2.19.so
7f07f8de9000-7f07f8df4000 r-xp 00000000 08:01 267856                     /lib/x86_64-linux-gnu/libnss_nis-2.19.so
7f07f8df4000-7f07f8ff3000 ---p 0000b000 08:01 267856                     /lib/x86_64-linux-gnu/libnss_nis-2.19.so
7f07f8ff3000-7f07f8ff4000 r--p 0000a000 08:01 267856                     /lib/x86_64-linux-gnu/libnss_nis-2.19.so
7f07f8ff4000-7f07f8ff5000 rw-p 0000b000 08:01 267856                     /lib/x86_64-linux-gnu/libnss_nis-2.19.so
7f07f8ff5000-7f07f900c000 r-xp 00000000 08:01 267140                     /lib/x86_64-linux-gnu/libnsl-2.19.so
7f07f900c000-7f07f920b000 ---p 00017000 08:01 267140                     /lib/x86_64-linux-gnu/libnsl-2.19.so
7f07f920b000-7f07f920c000 r--p 00016000 08:01 267140                     /lib/x86_64-linux-gnu/libnsl-2.19.so
7f07f920c000-7f07f920d000 rw-p 00017000 08:01 267140                     /lib/x86_64-linux-gnu/libnsl-2.19.so
7f07f920d000-7f07f920f000 rw-p 00000000 00:00 0 
7f07f920f000-7f07f9218000 r-xp 00000000 08:01 267850                     /lib/x86_64-linux-gnu/libnss_compat-2.19.so
7f07f9218000-7f07f9417000 ---p 00009000 08:01 267850                     /lib/x86_64-linux-gnu/libnss_compat-2.19.so
7f07f9417000-7f07f9418000 r--p 00008000 08:01 267850                     /lib/x86_64-linux-gnu/libnss_compat-2.19.so
7f07f9418000-7f07f9419000 rw-p 00009000 08:01 267850                     /lib/x86_64-linux-gnu/libnss_compat-2.19.so
7f07f9419000-7f07f9442000 r-xp 00000000 08:01 10408                      /opt/java/jdk1.7.0_75/jre/lib/amd64/libjava.so
7f07f9442000-7f07f9642000 ---p 00029000 08:01 10408                      /opt/java/jdk1.7.0_75/jre/lib/amd64/libjava.so
7f07f9642000-7f07f9644000 rw-p 00029000 08:01 10408                      /opt/java/jdk1.7.0_75/jre/lib/amd64/libjava.so
7f07f9644000-7f07f9651000 r-xp 00000000 08:01 10435                      /opt/java/jdk1.7.0_75/jre/lib/amd64/libverify.so
7f07f9651000-7f07f9850000 ---p 0000d000 08:01 10435                      /opt/java/jdk1.7.0_75/jre/lib/amd64/libverify.so
7f07f9850000-7f07f9852000 rw-p 0000c000 08:01 10435                      /opt/java/jdk1.7.0_75/jre/lib/amd64/libverify.so
7f07f9852000-7f07f9859000 r-xp 00000000 08:01 267862                     /lib/x86_64-linux-gnu/librt-2.19.so
7f07f9859000-7f07f9a58000 ---p 00007000 08:01 267862                     /lib/x86_64-linux-gnu/librt-2.19.so
7f07f9a58000-7f07f9a59000 r--p 00006000 08:01 267862                     /lib/x86_64-linux-gnu/librt-2.19.so
7f07f9a59000-7f07f9a5a000 rw-p 00007000 08:01 267862                     /lib/x86_64-linux-gnu/librt-2.19.so
7f07f9a5a000-7f07f9b5f000 r-xp 00000000 08:01 267139                     /lib/x86_64-linux-gnu/libm-2.19.so
7f07f9b5f000-7f07f9d5e000 ---p 00105000 08:01 267139                     /lib/x86_64-linux-gnu/libm-2.19.so
7f07f9d5e000-7f07f9d5f000 r--p 00104000 08:01 267139                     /lib/x86_64-linux-gnu/libm-2.19.so
7f07f9d5f000-7f07f9d60000 rw-p 00105000 08:01 267139                     /lib/x86_64-linux-gnu/libm-2.19.so
7f07f9d60000-7f07fa8d3000 r-xp 00000000 08:01 10462                      /opt/java/jdk1.7.0_75/jre/lib/amd64/server/libjvm.so
7f07fa8d3000-7f07faad3000 ---p 00b73000 08:01 10462                      /opt/java/jdk1.7.0_75/jre/lib/amd64/server/libjvm.so
7f07faad3000-7f07fab97000 rw-p 00b73000 08:01 10462                      /opt/java/jdk1.7.0_75/jre/lib/amd64/server/libjvm.so
7f07fab97000-7f07fabd8000 rw-p 00000000 00:00 0 
7f07fabd8000-7f07fad93000 r-xp 00000000 08:01 267858                     /lib/x86_64-linux-gnu/libc-2.19.so
7f07fad93000-7f07faf93000 ---p 001bb000 08:01 267858                     /lib/x86_64-linux-gnu/libc-2.19.so
7f07faf93000-7f07faf97000 r--p 001bb000 08:01 267858                     /lib/x86_64-linux-gnu/libc-2.19.so
7f07faf97000-7f07faf99000 rw-p 001bf000 08:01 267858                     /lib/x86_64-linux-gnu/libc-2.19.so
7f07faf99000-7f07faf9e000 rw-p 00000000 00:00 0 
7f07faf9e000-7f07fafa1000 r-xp 00000000 08:01 267149                     /lib/x86_64-linux-gnu/libdl-2.19.so
7f07fafa1000-7f07fb1a0000 ---p 00003000 08:01 267149                     /lib/x86_64-linux-gnu/libdl-2.19.so
7f07fb1a0000-7f07fb1a1000 r--p 00002000 08:01 267149                     /lib/x86_64-linux-gnu/libdl-2.19.so
7f07fb1a1000-7f07fb1a2000 rw-p 00003000 08:01 267149                     /lib/x86_64-linux-gnu/libdl-2.19.so
7f07fb1a2000-7f07fb1b8000 r-xp 00000000 08:01 11147                      /opt/java/jdk1.7.0_75/lib/amd64/jli/libjli.so
7f07fb1b8000-7f07fb3b8000 ---p 00016000 08:01 11147                      /opt/java/jdk1.7.0_75/lib/amd64/jli/libjli.so
7f07fb3b8000-7f07fb3b9000 rw-p 00016000 08:01 11147                      /opt/java/jdk1.7.0_75/lib/amd64/jli/libjli.so
7f07fb3b9000-7f07fb3d2000 r-xp 00000000 08:01 267144                     /lib/x86_64-linux-gnu/libpthread-2.19.so
7f07fb3d2000-7f07fb5d1000 ---p 00019000 08:01 267144                     /lib/x86_64-linux-gnu/libpthread-2.19.so
7f07fb5d1000-7f07fb5d2000 r--p 00018000 08:01 267144                     /lib/x86_64-linux-gnu/libpthread-2.19.so
7f07fb5d2000-7f07fb5d3000 rw-p 00019000 08:01 267144                     /lib/x86_64-linux-gnu/libpthread-2.19.so
7f07fb5d3000-7f07fb5d7000 rw-p 00000000 00:00 0 
7f07fb5d7000-7f07fb5fa000 r-xp 00000000 08:01 267852                     /lib/x86_64-linux-gnu/ld-2.19.so
7f07fb5fa000-7f07fb5fb000 r--s 00007000 08:01 272472                     /usr/share/hadoop2/share/hadoop/common/lib/jackson-xc-1.8.8.jar
7f07fb5fb000-7f07fb5fc000 r--s 0000a000 08:01 272449                     /usr/share/hadoop2/share/hadoop/common/lib/asm-3.2.jar
7f07fb5fc000-7f07fb608000 r--s 000b3000 08:01 272485                     /usr/share/hadoop2/share/hadoop/common/lib/zookeeper-3.4.5.jar
7f07fb608000-7f07fb60b000 r--s 0002b000 08:01 272486                     /usr/share/hadoop2/share/hadoop/common/lib/jsch-0.1.42.jar
7f07fb60b000-7f07fb60f000 r--s 00020000 08:01 272477                     /usr/share/hadoop2/share/hadoop/common/lib/commons-digester-1.8.jar
7f07fb60f000-7f07fb612000 r--s 00016000 08:01 272465                     /usr/share/hadoop2/share/hadoop/common/lib/jsp-api-2.1.jar
7f07fb612000-7f07fb61c000 rw-p 00000000 00:00 0 
7f07fb61c000-7f07fb6d2000 rw-p 00000000 00:00 0 
7f07fb6d2000-7f07fb6d5000 ---p 00000000 00:00 0 
7f07fb6d5000-7f07fb7d7000 rw-p 00000000 00:00 0                          [stack:57822]
7f07fb7d7000-7f07fb7d9000 r--s 00003000 08:01 272450                     /usr/share/hadoop2/share/hadoop/common/lib/hadoop-annotations-2.4.1.jar
7f07fb7d9000-7f07fb7dd000 r--s 00021000 08:01 272443                     /usr/share/hadoop2/share/hadoop/common/lib/jersey-json-1.9.jar
7f07fb7dd000-7f07fb7e1000 r--s 00028000 08:01 272436                     /usr/share/hadoop2/share/hadoop/common/lib/jetty-util-6.1.26.jar
7f07fb7e1000-7f07fb7ed000 rw-p 00000000 00:00 0 
7f07fb7ed000-7f07fb7f5000 rw-s 00000000 08:01 1105875                    /tmp/hsperfdata_hduser/57807
7f07fb7f5000-7f07fb7f6000 rw-p 00000000 00:00 0 
7f07fb7f6000-7f07fb7f7000 r--p 00000000 00:00 0 
7f07fb7f7000-7f07fb7f9000 rw-p 00000000 00:00 0 
7f07fb7f9000-7f07fb7fa000 r--p 00022000 08:01 267852                     /lib/x86_64-linux-gnu/ld-2.19.so
7f07fb7fa000-7f07fb7fb000 rw-p 00023000 08:01 267852                     /lib/x86_64-linux-gnu/ld-2.19.so
7f07fb7fb000-7f07fb7fc000 rw-p 00000000 00:00 0 
7fff317c2000-7fff317e4000 rw-p 00000000 00:00 0                          [stack]
7fff317fe000-7fff31800000 r-xp 00000000 00:00 0                          [vdso]
ffffffffff600000-ffffffffff601000 r-xp 00000000 00:00 0                  [vsyscall]

VM Arguments:
jvm_args: -Xmx128m -Djava.net.preferIPv4Stack=true -Dhadoop.log.dir=/var/log/hadoop -Dhadoop.log.file=hadoop.log -Dhadoop.home.dir=/usr/share/hadoop2 -Dhadoop.id.str=hduser -Dhadoop.root.logger=INFO,console -Djava.library.path=/mnt/hgfs/mcl-im-seg/target/bin/../native:/usr/share/hadoop2/lib/native -Dhadoop.policy.file=hadoop-policy.xml -Djava.net.preferIPv4Stack=true -Xmx512m -Dhadoop.security.logger=INFO,NullAppender 
java_command: org.apache.hadoop.util.RunJar /mnt/hgfs/mcl-im-seg/target/bin/../mcl-im-seg-jar-with-dependencies.jar bmcl -cm -co -zk -i s5/r3_256_na --local -o tmp
Launcher Type: SUN_STANDARD

Environment Variables:
JAVA_HOME=/opt/java/jdk1.7.0_75
CLASSPATH=/etc/hadoop2:/usr/share/hadoop2/share/hadoop/common/lib/*:/usr/share/hadoop2/share/hadoop/common/*:/usr/share/hadoop2/share/hadoop/hdfs:/usr/share/hadoop2/share/hadoop/hdfs/lib/*:/usr/share/hadoop2/share/hadoop/hdfs/*:/usr/share/hadoop2/share/hadoop/yarn/lib/*:/usr/share/hadoop2/share/hadoop/yarn/*:/usr/share/hadoop2/share/hadoop/mapreduce/lib/*:/usr/share/hadoop2/share/hadoop/mapreduce/*:/contrib/capacity-scheduler/*.jar
PATH=/usr/local/sbin:/usr/local/bin:/usr/sbin:/usr/bin:/sbin:/bin:/usr/games:/usr/local/games:/usr/share/hadoop2/bin:/usr/share/hadoop2/sbin:/usr/share/spark/bin:/mnt/hgfs/mcl-im-seg/target/bin
USERNAME=root
LD_LIBRARY_PATH=:/mnt/hgfs/mcl-im-seg/target/bin/../native:/usr/share/hadoop2/lib/native
SHELL=/bin/bash

Signal Handlers:
SIGSEGV: [libjvm.so+0x9a21f0], sa_mask[0]=0x7ffbfeff, sa_flags=0x10000004
SIGBUS: [libjvm.so+0x9a21f0], sa_mask[0]=0x7ffbfeff, sa_flags=0x10000004
SIGFPE: [libjvm.so+0x81ba40], sa_mask[0]=0x7ffbfeff, sa_flags=0x10000004
SIGPIPE: [libjvm.so+0x81ba40], sa_mask[0]=0x7ffbfeff, sa_flags=0x10000004
SIGXFSZ: [libjvm.so+0x81ba40], sa_mask[0]=0x7ffbfeff, sa_flags=0x10000004
SIGILL: [libjvm.so+0x81ba40], sa_mask[0]=0x7ffbfeff, sa_flags=0x10000004
SIGUSR1: SIG_DFL, sa_mask[0]=0x00000000, sa_flags=0x00000000
SIGUSR2: [libjvm.so+0x81d240], sa_mask[0]=0x00000000, sa_flags=0x10000004
SIGHUP: [libjvm.so+0x81e360], sa_mask[0]=0x7ffbfeff, sa_flags=0x10000004
SIGINT: [libjvm.so+0x81e360], sa_mask[0]=0x7ffbfeff, sa_flags=0x10000004
SIGTERM: [libjvm.so+0x81e360], sa_mask[0]=0x7ffbfeff, sa_flags=0x10000004
SIGQUIT: [libjvm.so+0x81e360], sa_mask[0]=0x7ffbfeff, sa_flags=0x10000004


---------------  S Y S T E M  ---------------

OS:jessie/sid

uname:Linux 3.13.0-24-generic #47-Ubuntu SMP Fri May 2 23:30:00 UTC 2014 x86_64
libc:glibc 2.19 NPTL 2.19 
rlimit: STACK 8192k, CORE 0k, NPROC 23779, NOFILE 4096, AS infinity
load average:0,55 0,74 0,62

/proc/meminfo:
MemTotal:        3074916 kB
MemFree:          706800 kB
Buffers:          129124 kB
Cached:           825704 kB
SwapCached:         6060 kB
Active:          1145480 kB
Inactive:         931676 kB
Active(anon):     679580 kB
Inactive(anon):   442716 kB
Active(file):     465900 kB
Inactive(file):   488960 kB
Unevictable:           0 kB
Mlocked:               0 kB
SwapTotal:       2094076 kB
SwapFree:        2074736 kB
Dirty:             18260 kB
Writeback:             0 kB
AnonPages:       1117104 kB
Mapped:            31448 kB
Shmem:               116 kB
Slab:             169684 kB
SReclaimable:     132844 kB
SUnreclaim:        36840 kB
KernelStack:        6720 kB
PageTables:        11100 kB
NFS_Unstable:          0 kB
Bounce:                0 kB
WritebackTmp:          0 kB
CommitLimit:     3631532 kB
Committed_AS:    1801884 kB
VmallocTotal:   34359738367 kB
VmallocUsed:      182004 kB
VmallocChunk:   34359500780 kB
HardwareCorrupted:     0 kB
AnonHugePages:    962560 kB
HugePages_Total:       0
HugePages_Free:        0
HugePages_Rsvd:        0
HugePages_Surp:        0
Hugepagesize:       2048 kB
DirectMap4k:       59264 kB
DirectMap2M:     3086336 kB


CPU:total 3 (3 cores per cpu, 1 threads per core) family 6 model 42 stepping 7, cmov, cx8, fxsr, mmx, sse, sse2, sse3, ssse3, sse4.1, sse4.2, popcnt, avx, aes, tsc, tscinvbit

/proc/cpuinfo:
processor	: 0
vendor_id	: GenuineIntel
cpu family	: 6
model		: 42
model name	: Intel(R) Core(TM) i5-2430M CPU @ 2.40GHz
stepping	: 7
microcode	: 0x28
cpu MHz		: 2394.564
cache size	: 3072 KB
physical id	: 0
siblings	: 3
core id		: 0
cpu cores	: 3
apicid		: 0
initial apicid	: 0
fpu		: yes
fpu_exception	: yes
cpuid level	: 13
wp		: yes
flags		: fpu vme de pse tsc msr pae mce cx8 apic sep mtrr pge mca cmov pat pse36 clflush dts mmx fxsr sse sse2 ss ht syscall nx rdtscp lm constant_tsc arch_perfmon pebs bts nopl xtopology tsc_reliable nonstop_tsc aperfmperf eagerfpu pni pclmulqdq vmx ssse3 cx16 pcid sse4_1 sse4_2 x2apic popcnt aes xsave avx hypervisor lahf_lm ida arat epb xsaveopt pln pts dtherm tpr_shadow vnmi ept vpid
bogomips	: 4789.12
clflush size	: 64
cache_alignment	: 64
address sizes	: 40 bits physical, 48 bits virtual
power management:

processor	: 1
vendor_id	: GenuineIntel
cpu family	: 6
model		: 42
model name	: Intel(R) Core(TM) i5-2430M CPU @ 2.40GHz
stepping	: 7
microcode	: 0x28
cpu MHz		: 2394.564
cache size	: 3072 KB
physical id	: 0
siblings	: 3
core id		: 1
cpu cores	: 3
apicid		: 1
initial apicid	: 1
fpu		: yes
fpu_exception	: yes
cpuid level	: 13
wp		: yes
flags		: fpu vme de pse tsc msr pae mce cx8 apic sep mtrr pge mca cmov pat pse36 clflush dts mmx fxsr sse sse2 ss ht syscall nx rdtscp lm constant_tsc arch_perfmon pebs bts nopl xtopology tsc_reliable nonstop_tsc aperfmperf eagerfpu pni pclmulqdq vmx ssse3 cx16 pcid sse4_1 sse4_2 x2apic popcnt aes xsave avx hypervisor lahf_lm ida arat epb xsaveopt pln pts dtherm tpr_shadow vnmi ept vpid
bogomips	: 4789.12
clflush size	: 64
cache_alignment	: 64
address sizes	: 40 bits physical, 48 bits virtual
power management:

processor	: 2
vendor_id	: GenuineIntel
cpu family	: 6
model		: 42
model name	: Intel(R) Core(TM) i5-2430M CPU @ 2.40GHz
stepping	: 7
microcode	: 0x28
cpu MHz		: 2394.564
cache size	: 3072 KB
physical id	: 0
siblings	: 3
core id		: 2
cpu cores	: 3
apicid		: 2
initial apicid	: 2
fpu		: yes
fpu_exception	: yes
cpuid level	: 13
wp		: yes
flags		: fpu vme de pse tsc msr pae mce cx8 apic sep mtrr pge mca cmov pat pse36 clflush dts mmx fxsr sse sse2 ss ht syscall nx rdtscp lm constant_tsc arch_perfmon pebs bts nopl xtopology tsc_reliable nonstop_tsc aperfmperf eagerfpu pni pclmulqdq vmx ssse3 cx16 pcid sse4_1 sse4_2 x2apic popcnt aes xsave avx hypervisor lahf_lm ida arat epb xsaveopt pln pts dtherm tpr_shadow vnmi ept vpid
bogomips	: 4789.12
clflush size	: 64
cache_alignment	: 64
address sizes	: 40 bits physical, 48 bits virtual
power management:



Memory: 4k page, physical 3074916k(706800k free), swap 2094076k(2074736k free)

vm_info: Java HotSpot(TM) 64-Bit Server VM (24.75-b04) for linux-amd64 JRE (1.7.0_75-b13), built on Dec 18 2014 16:45:18 by "java_re" with gcc 4.3.0 20080428 (Red Hat 4.3.0-8)

time: Fri Mar  6 15:17:19 2015
elapsed time: 5 seconds

